Log file open, 03/11/20 22:31:52
LogWindows: Failed to load 'aqProf.dll' (GetLastError=126)
LogWindows: File 'aqProf.dll' does not exist
LogWindows: Failed to load 'VtuneApi.dll' (GetLastError=126)
LogWindows: File 'VtuneApi.dll' does not exist
LogWindows: Failed to load 'VtuneApi32e.dll' (GetLastError=126)
LogWindows: File 'VtuneApi32e.dll' does not exist
LogConsoleResponse: Display: Failed to find resolution value strings in scalability ini. Falling back to default.
LogInit: Display: Running engine for game: Shadow_OPS
LogPlatformFile: Not using cached read wrapper
LogTaskGraph: Started task graph with 5 named threads and 23 total threads with 3 sets of task threads.
LogStats: Stats thread started at 0.109493
LogD3D11RHI: Loaded GFSDK_Aftermath_Lib.x64.dll
LogICUInternationalization: ICU TimeZone Detection - Raw Offset: +1:00, Platform Override: ''
LogPluginManager: Mounting plugin Paper2D
LogPluginManager: Mounting plugin AISupport
LogPluginManager: Mounting plugin LightPropagationVolume
LogPluginManager: Mounting plugin ActorLayerUtilities
LogPluginManager: Mounting plugin AnimationSharing
LogPluginManager: Mounting plugin CLionSourceCodeAccess
LogPluginManager: Mounting plugin CodeLiteSourceCodeAccess
LogPluginManager: Mounting plugin GitSourceControl
LogPluginManager: Mounting plugin KDevelopSourceCodeAccess
LogPluginManager: Mounting plugin NullSourceCodeAccess
LogPluginManager: Mounting plugin PerforceSourceControl
LogPluginManager: Mounting plugin PlasticSourceControl
LogPluginManager: Mounting plugin SubversionSourceControl
LogPluginManager: Mounting plugin UObjectPlugin
LogPluginManager: Mounting plugin VisualStudioCodeSourceCodeAccess
LogPluginManager: Mounting plugin VisualStudioSourceCodeAccess
LogPluginManager: Mounting plugin XCodeSourceCodeAccess
LogPluginManager: Mounting plugin AssetManagerEditor
LogPluginManager: Mounting plugin CryptoKeys
LogPluginManager: Mounting plugin CurveEditorTools
LogPluginManager: Mounting plugin DataValidation
LogPluginManager: Mounting plugin FacialAnimation
LogPluginManager: Mounting plugin GameplayTagsEditor
LogPluginManager: Mounting plugin MacGraphicsSwitching
LogPluginManager: Mounting plugin MaterialAnalyzer
LogPluginManager: Mounting plugin MobileLauncherProfileWizard
LogPluginManager: Mounting plugin PluginBrowser
LogPluginManager: Mounting plugin SpeedTreeImporter
LogPluginManager: Mounting plugin DatasmithContent
LogPluginManager: Mounting plugin VariantManagerContent
LogPluginManager: Mounting plugin AlembicImporter
LogPluginManager: Mounting plugin AutomationUtils
LogPluginManager: Mounting plugin BackChannel
LogPluginManager: Mounting plugin CharacterAI
LogPluginManager: Mounting plugin GeometryCache
LogPluginManager: Mounting plugin PlatformCrypto
LogPluginManager: Mounting plugin ProxyLODPlugin
LogPluginManager: Mounting plugin SkeletalReduction
LogPluginManager: Mounting plugin MagicLeap
LogPluginManager: Mounting plugin MagicLeapMedia
LogPluginManager: Mounting plugin MLSDK
LogPluginManager: Mounting plugin AndroidMedia
LogPluginManager: Mounting plugin AvfMedia
LogPluginManager: Mounting plugin ImgMedia
LogPluginManager: Mounting plugin MediaCompositing
LogPluginManager: Mounting plugin MediaPlayerEditor
LogPluginManager: Mounting plugin WebMMedia
LogPluginManager: Mounting plugin WmfMedia
LogPluginManager: Mounting plugin TcpMessaging
LogPluginManager: Mounting plugin UdpMessaging
LogPluginManager: Mounting plugin ActorSequence
LogPluginManager: Mounting plugin LevelSequenceEditor
LogPluginManager: Mounting plugin MatineeToLevelSequence
LogPluginManager: Mounting plugin NetcodeUnitTest
LogPluginManager: Mounting plugin NUTUnrealEngine4
LogPluginManager: Mounting plugin OnlineSubsystemGooglePlay
LogPluginManager: Mounting plugin OnlineSubsystemIOS
LogPluginManager: Mounting plugin OnlineSubsystem
LogPluginManager: Mounting plugin OnlineSubsystemNull
LogPluginManager: Mounting plugin OnlineSubsystemUtils
LogPluginManager: Mounting plugin LauncherChunkInstaller
LogPluginManager: Mounting plugin AndroidDeviceProfileSelector
LogPluginManager: Mounting plugin AndroidMoviePlayer
LogPluginManager: Mounting plugin AndroidPermission
LogPluginManager: Mounting plugin AppleImageUtils
LogPluginManager: Mounting plugin AppleMoviePlayer
LogPluginManager: Mounting plugin ArchVisCharacter
LogPluginManager: Mounting plugin AssetTags
LogPluginManager: Mounting plugin AudioCapture
LogPluginManager: Mounting plugin CableComponent
LogPluginManager: Mounting plugin CustomMeshComponent
LogPluginManager: Mounting plugin EditableMesh
LogPluginManager: Mounting plugin ExampleDeviceProfileSelector
LogPluginManager: Mounting plugin GoogleCloudMessaging
LogPluginManager: Mounting plugin IOSDeviceProfileSelector
LogPluginManager: Mounting plugin LinuxDeviceProfileSelector
LogPluginManager: Mounting plugin LocationServicesBPLibrary
LogPluginManager: Mounting plugin MobilePatchingUtils
LogPluginManager: Mounting plugin OculusVR
LogPluginManager: Mounting plugin PhysXVehicles
LogPluginManager: Mounting plugin PostSplashScreen
LogPluginManager: Mounting plugin ProceduralMeshComponent
LogPluginManager: Mounting plugin RuntimePhysXCooking
LogPluginManager: Mounting plugin SignificanceManager
LogPluginManager: Mounting plugin SteamVR
LogPluginManager: Mounting plugin WebMMoviePlayer
LogPluginManager: Mounting plugin WindowsMoviePlayer
LogPluginManager: Mounting plugin ScreenshotTools
LogInit: Using libcurl 7.55.1-DEV
LogInit:  - built for x86_64-pc-win32
LogInit:  - supports SSL with OpenSSL/1.1.1
LogInit:  - supports HTTP deflate (compression) using libz 1.2.8
LogInit:  - other features:
LogInit:      CURL_VERSION_SSL
LogInit:      CURL_VERSION_LIBZ
LogInit:      CURL_VERSION_IPV6
LogInit:      CURL_VERSION_ASYNCHDNS
LogInit:      CURL_VERSION_LARGEFILE
LogInit:      CURL_VERSION_IDN
LogInit:  CurlRequestOptions (configurable via config and command line):
LogInit:  - bVerifyPeer = true  - Libcurl will verify peer certificate
LogInit:  - bUseHttpProxy = false  - Libcurl will NOT use HTTP proxy
LogInit:  - bDontReuseConnections = false  - Libcurl will reuse connections
LogInit:  - MaxHostConnections = 16  - Libcurl will limit the number of connections to a host
LogInit:  - LocalHostAddr = Default
LogInit:  - BufferSize = 65536
LogOnline: OSS: Creating online subsystem instance for: NULL
LogInit: WinSock: version 1.1 (2.2), MaxSocks=32767, MaxUdp=65467
LogOnline: OSS: TryLoadSubsystemAndSetDefault: Loaded subsystem for module [NULL]
LogInit: Build: ++UE4+Release-4.24-CL-11590370
LogInit: Engine Version: 4.24.3-11590370+++UE4+Release-4.24
LogInit: Compatible Engine Version: 4.24.0-10570792+++UE4+Release-4.24
LogInit: Net CL: 10570792
LogInit: OS: Windows 10 (Release 1909) (), CPU: Intel(R) Core(TM) i7-6700HQ CPU @ 2.60GHz, GPU: Intel(R) HD Graphics 530
LogInit: Compiled (64-bit): Feb 24 2020 15:39:18
LogInit: Compiled with Visual C++: 19.16.27032.01
LogInit: Build Configuration: Development
LogInit: Branch Name: ++UE4+Release-4.24
LogInit: Command Line: 
LogInit: Base Directory: E:/Program Files/Epic Games/UE_4.24/Engine/Binaries/Win64/
LogInit: Installed Engine Build: 1
LogDevObjectVersion: Number of dev versions registered: 25
LogDevObjectVersion:   Dev-Blueprints (B0D832E4-1F89-4F0D-ACCF-7EB736FD4AA2): 10
LogDevObjectVersion:   Dev-Build (E1C64328-A22C-4D53-A36C-8E866417BD8C): 0
LogDevObjectVersion:   Dev-Core (375EC13C-06E4-48FB-B500-84F0262A717E): 3
LogDevObjectVersion:   Dev-Editor (E4B068ED-F494-42E9-A231-DA0B2E46BB41): 37
LogDevObjectVersion:   Dev-Framework (CFFC743F-43B0-4480-9391-14DF171D2073): 36
LogDevObjectVersion:   Dev-Mobile (B02B49B5-BB20-44E9-A304-32B752E40360): 2
LogDevObjectVersion:   Dev-Networking (A4E4105C-59A1-49B5-A7C5-40C4547EDFEE): 0
LogDevObjectVersion:   Dev-Online (39C831C9-5AE6-47DC-9A44-9C173E1C8E7C): 0
LogDevObjectVersion:   Dev-Physics (78F01B33-EBEA-4F98-B9B4-84EACCB95AA2): 2
LogDevObjectVersion:   Dev-Platform (6631380F-2D4D-43E0-8009-CF276956A95A): 0
LogDevObjectVersion:   Dev-Rendering (12F88B9F-8875-4AFC-A67C-D90C383ABD29): 36
LogDevObjectVersion:   Dev-Sequencer (7B5AE74C-D270-4C10-A958-57980B212A5A): 11
LogDevObjectVersion:   Dev-VR (D7296918-1DD6-4BDD-9DE2-64A83CC13884): 2
LogDevObjectVersion:   Dev-LoadTimes (C2A15278-BFE7-4AFE-6C17-90FF531DF755): 1
LogDevObjectVersion:   Private-Geometry (6EACA3D4-40EC-4CC1-B786-8BED09428FC5): 3
LogDevObjectVersion:   Dev-AnimPhys (29E575DD-E0A3-4627-9D10-D276232CDCEA): 17
LogDevObjectVersion:   Dev-Anim (AF43A65D-7FD3-4947-9873-3E8ED9C1BB05): 2
LogDevObjectVersion:   Dev-ReflectionCapture (6B266CEC-1EC7-4B8F-A30B-E4D90942FC07): 1
LogDevObjectVersion:   Dev-Automation (0DF73D61-A23F-47EA-B727-89E90C41499A): 1
LogDevObjectVersion:   FortniteMain (601D1886-AC64-4F84-AA16-D3DE0DEAC7D6): 31
LogDevObjectVersion:   Dev-Enterprise (9DFFBCD6-494F-0158-E221-12823C92A888): 8
LogDevObjectVersion:   Dev-Niagara (F2AED0AC-9AFE-416F-8664-AA7FFA26D6FC): 1
LogDevObjectVersion:   Dev-Destruction (174F1F0B-B4C6-45A5-B13F-2EE8D0FB917D): 9
LogDevObjectVersion:   Dev-Physics-Ext (35F94A83-E258-406C-A318-09F59610247C): 8
LogDevObjectVersion:   Dev-CineCamera (B2E18506-4273-CFC2-A54E-F4BB758BBA07): 1
LogInit: Presizing for max 25165824 objects, including 0 objects not considered by GC, pre-allocating 0 bytes for permanent pool.
LogInit: Object subsystem initialized
LogConfig: Setting CVar [[con.DebugEarlyDefault:1]]
LogConfig: Setting CVar [[r.setres:1280x720]]
[2020.03.11-21.31.54:394][  0]LogConfig: Setting CVar [[r.VSync:0]]
[2020.03.11-21.31.54:394][  0]LogConfig: Setting CVar [[r.RHICmdBypass:0]]
[2020.03.11-21.31.54:394][  0]LogConfig: Applying CVar settings from Section [/Script/Engine.RendererSettings] File [E:/Users/kubik/Documents/GitHub/Shadow_OPS/Shadow_OPS/Saved/Config/Windows/Engine.ini]
[2020.03.11-21.31.54:394][  0]LogConfig: Setting CVar [[r.GPUCrashDebugging:0]]
[2020.03.11-21.31.54:394][  0]LogConfig: Applying CVar settings from Section [/Script/Engine.RendererOverrideSettings] File [E:/Users/kubik/Documents/GitHub/Shadow_OPS/Shadow_OPS/Saved/Config/Windows/Engine.ini]
[2020.03.11-21.31.54:394][  0]LogConfig: Applying CVar settings from Section [/Script/Engine.StreamingSettings] File [E:/Users/kubik/Documents/GitHub/Shadow_OPS/Shadow_OPS/Saved/Config/Windows/Engine.ini]
[2020.03.11-21.31.54:394][  0]LogConfig: Setting CVar [[s.MinBulkDataSizeForAsyncLoading:131072]]
[2020.03.11-21.31.54:394][  0]LogConfig: Setting CVar [[s.AsyncLoadingThreadEnabled:0]]
[2020.03.11-21.31.54:394][  0]LogConfig: Setting CVar [[s.EventDrivenLoaderEnabled:1]]
[2020.03.11-21.31.54:394][  0]LogConfig: Setting CVar [[s.WarnIfTimeLimitExceeded:0]]
[2020.03.11-21.31.54:394][  0]LogConfig: Setting CVar [[s.TimeLimitExceededMultiplier:1.5]]
[2020.03.11-21.31.54:394][  0]LogConfig: Setting CVar [[s.TimeLimitExceededMinTime:0.005]]
[2020.03.11-21.31.54:394][  0]LogConfig: Setting CVar [[s.UseBackgroundLevelStreaming:1]]
[2020.03.11-21.31.54:394][  0]LogConfig: Setting CVar [[s.PriorityAsyncLoadingExtraTime:15.0]]
[2020.03.11-21.31.54:394][  0]LogConfig: Setting CVar [[s.LevelStreamingActorsUpdateTimeLimit:5.0]]
[2020.03.11-21.31.54:394][  0]LogConfig: Setting CVar [[s.PriorityLevelStreamingActorsUpdateExtraTime:5.0]]
[2020.03.11-21.31.54:394][  0]LogConfig: Setting CVar [[s.LevelStreamingComponentsRegistrationGranularity:10]]
[2020.03.11-21.31.54:394][  0]LogConfig: Setting CVar [[s.UnregisterComponentsTimeLimit:1.0]]
[2020.03.11-21.31.54:394][  0]LogConfig: Setting CVar [[s.LevelStreamingComponentsUnregistrationGranularity:5]]
[2020.03.11-21.31.54:394][  0]LogConfig: Setting CVar [[s.FlushStreamingOnExit:1]]
[2020.03.11-21.31.54:406][  0]LogConfig: Applying CVar settings from Section [/Script/Engine.GarbageCollectionSettings] File [E:/Users/kubik/Documents/GitHub/Shadow_OPS/Shadow_OPS/Saved/Config/Windows/Engine.ini]
[2020.03.11-21.31.54:406][  0]LogConfig: Setting CVar [[gc.MaxObjectsNotConsideredByGC:1]]
[2020.03.11-21.31.54:406][  0]LogConfig: Setting CVar [[gc.SizeOfPermanentObjectPool:0]]
[2020.03.11-21.31.54:406][  0]LogConfig: Setting CVar [[gc.FlushStreamingOnGC:0]]
[2020.03.11-21.31.54:406][  0]LogConfig: Setting CVar [[gc.NumRetriesBeforeForcingGC:10]]
[2020.03.11-21.31.54:406][  0]LogConfig: Setting CVar [[gc.AllowParallelGC:1]]
[2020.03.11-21.31.54:406][  0]LogConfig: Setting CVar [[gc.TimeBetweenPurgingPendingKillObjects:61.1]]
[2020.03.11-21.31.54:406][  0]LogConfig: Setting CVar [[gc.MaxObjectsInEditor:25165824]]
[2020.03.11-21.31.54:406][  0]LogConfig: Setting CVar [[gc.IncrementalBeginDestroyEnabled:1]]
[2020.03.11-21.31.54:406][  0]LogConfig: Setting CVar [[gc.CreateGCClusters:1]]
[2020.03.11-21.31.54:406][  0]LogConfig: Setting CVar [[gc.MinGCClusterSize:5]]
[2020.03.11-21.31.54:406][  0]LogConfig: Setting CVar [[gc.ActorClusteringEnabled:0]]
[2020.03.11-21.31.54:406][  0]LogConfig: Setting CVar [[gc.BlueprintClusteringEnabled:0]]
[2020.03.11-21.31.54:406][  0]LogConfig: Setting CVar [[gc.UseDisregardForGCOnDedicatedServers:0]]
[2020.03.11-21.31.54:406][  0]LogConfig: Applying CVar settings from Section [/Script/Engine.NetworkSettings] File [E:/Users/kubik/Documents/GitHub/Shadow_OPS/Shadow_OPS/Saved/Config/Windows/Engine.ini]
[2020.03.11-21.31.54:406][  0]LogConfig: Applying CVar settings from Section [/Script/UnrealEd.CookerSettings] File [E:/Users/kubik/Documents/GitHub/Shadow_OPS/Shadow_OPS/Saved/Config/Windows/Engine.ini]
[2020.03.11-21.31.54:433][  0]LogConfig: Applying CVar settings from Section [ViewDistanceQuality@3] File [E:/Users/kubik/Documents/GitHub/Shadow_OPS/Shadow_OPS/Saved/Config/Windows/Scalability.ini]
[2020.03.11-21.31.54:433][  0]LogConfig: Setting CVar [[r.SkeletalMeshLODBias:0]]
[2020.03.11-21.31.54:433][  0]LogConfig: Setting CVar [[r.ViewDistanceScale:1.0]]
[2020.03.11-21.31.54:434][  0]LogConfig: Applying CVar settings from Section [AntiAliasingQuality@3] File [E:/Users/kubik/Documents/GitHub/Shadow_OPS/Shadow_OPS/Saved/Config/Windows/Scalability.ini]
[2020.03.11-21.31.54:434][  0]LogConfig: Setting CVar [[r.PostProcessAAQuality:4]]
[2020.03.11-21.31.54:434][  0]LogConfig: Applying CVar settings from Section [ShadowQuality@3] File [E:/Users/kubik/Documents/GitHub/Shadow_OPS/Shadow_OPS/Saved/Config/Windows/Scalability.ini]
[2020.03.11-21.31.54:434][  0]LogConfig: Setting CVar [[r.LightFunctionQuality:1]]
[2020.03.11-21.31.54:434][  0]LogConfig: Setting CVar [[r.ShadowQuality:5]]
[2020.03.11-21.31.54:434][  0]LogConfig: Setting CVar [[r.Shadow.CSM.MaxCascades:10]]
[2020.03.11-21.31.54:434][  0]LogConfig: Setting CVar [[r.Shadow.MaxResolution:2048]]
[2020.03.11-21.31.54:434][  0]LogConfig: Setting CVar [[r.Shadow.MaxCSMResolution:2048]]
[2020.03.11-21.31.54:434][  0]LogConfig: Setting CVar [[r.Shadow.RadiusThreshold:0.01]]
[2020.03.11-21.31.54:434][  0]LogConfig: Setting CVar [[r.Shadow.DistanceScale:1.0]]
[2020.03.11-21.31.54:434][  0]LogConfig: Setting CVar [[r.Shadow.CSM.TransitionScale:1.0]]
[2020.03.11-21.31.54:434][  0]LogConfig: Setting CVar [[r.Shadow.PreShadowResolutionFactor:1.0]]
[2020.03.11-21.31.54:434][  0]LogConfig: Setting CVar [[r.DistanceFieldShadowing:1]]
[2020.03.11-21.31.54:434][  0]LogConfig: Setting CVar [[r.DistanceFieldAO:1]]
[2020.03.11-21.31.54:434][  0]LogConfig: Setting CVar [[r.AOQuality:2]]
[2020.03.11-21.31.54:434][  0]LogConfig: Setting CVar [[r.VolumetricFog:1]]
[2020.03.11-21.31.54:434][  0]LogConfig: Setting CVar [[r.VolumetricFog.GridPixelSize:8]]
[2020.03.11-21.31.54:434][  0]LogConfig: Setting CVar [[r.VolumetricFog.GridSizeZ:128]]
[2020.03.11-21.31.54:434][  0]LogConfig: Setting CVar [[r.VolumetricFog.HistoryMissSupersampleCount:4]]
[2020.03.11-21.31.54:434][  0]LogConfig: Setting CVar [[r.LightMaxDrawDistanceScale:1]]
[2020.03.11-21.31.54:434][  0]LogConfig: Setting CVar [[r.CapsuleShadows:1]]
[2020.03.11-21.31.54:434][  0]LogConfig: Applying CVar settings from Section [PostProcessQuality@3] File [E:/Users/kubik/Documents/GitHub/Shadow_OPS/Shadow_OPS/Saved/Config/Windows/Scalability.ini]
[2020.03.11-21.31.54:434][  0]LogConfig: Setting CVar [[r.MotionBlurQuality:4]]
[2020.03.11-21.31.54:434][  0]LogConfig: Setting CVar [[r.AmbientOcclusionMipLevelFactor:0.4]]
[2020.03.11-21.31.54:434][  0]LogConfig: Setting CVar [[r.AmbientOcclusionMaxQuality:100]]
[2020.03.11-21.31.54:434][  0]LogConfig: Setting CVar [[r.AmbientOcclusionLevels:-1]]
[2020.03.11-21.31.54:435][  0]LogConfig: Setting CVar [[r.AmbientOcclusionRadiusScale:1.0]]
[2020.03.11-21.31.54:435][  0]LogConfig: Setting CVar [[r.DepthOfFieldQuality:2]]
[2020.03.11-21.31.54:435][  0]LogConfig: Setting CVar [[r.RenderTargetPoolMin:400]]
[2020.03.11-21.31.54:435][  0]LogConfig: Setting CVar [[r.LensFlareQuality:2]]
[2020.03.11-21.31.54:435][  0]LogConfig: Setting CVar [[r.SceneColorFringeQuality:1]]
[2020.03.11-21.31.54:435][  0]LogConfig: Setting CVar [[r.EyeAdaptationQuality:2]]
[2020.03.11-21.31.54:435][  0]LogConfig: Setting CVar [[r.BloomQuality:5]]
[2020.03.11-21.31.54:435][  0]LogConfig: Setting CVar [[r.FastBlurThreshold:100]]
[2020.03.11-21.31.54:435][  0]LogConfig: Setting CVar [[r.Upscale.Quality:3]]
[2020.03.11-21.31.54:435][  0]LogConfig: Setting CVar [[r.Tonemapper.GrainQuantization:1]]
[2020.03.11-21.31.54:435][  0]LogConfig: Setting CVar [[r.LightShaftQuality:1]]
[2020.03.11-21.31.54:435][  0]LogConfig: Setting CVar [[r.Filter.SizeScale:1]]
[2020.03.11-21.31.54:435][  0]LogConfig: Setting CVar [[r.Tonemapper.Quality:5]]
[2020.03.11-21.31.54:435][  0]LogConfig: Setting CVar [[r.DOF.Gather.AccumulatorQuality:1        ; higher gathering accumulator quality]]
[2020.03.11-21.31.54:435][  0]LogConfig: Setting CVar [[r.DOF.Gather.PostfilterMethod:1          ; Median3x3 postfilering method]]
[2020.03.11-21.31.54:435][  0]LogConfig: Setting CVar [[r.DOF.Gather.EnableBokehSettings:0       ; no bokeh simulation when gathering]]
[2020.03.11-21.31.54:435][  0]LogConfig: Setting CVar [[r.DOF.Gather.RingCount:4                 ; medium number of samples when gathering]]
[2020.03.11-21.31.54:435][  0]LogConfig: Setting CVar [[r.DOF.Scatter.ForegroundCompositing:1    ; additive foreground scattering]]
[2020.03.11-21.31.54:435][  0]LogConfig: Setting CVar [[r.DOF.Scatter.BackgroundCompositing:2    ; additive background scattering]]
[2020.03.11-21.31.54:435][  0]LogConfig: Setting CVar [[r.DOF.Scatter.EnableBokehSettings:1      ; bokeh simulation when scattering]]
[2020.03.11-21.31.54:435][  0]LogConfig: Setting CVar [[r.DOF.Scatter.MaxSpriteRatio:0.1         ; only a maximum of 10% of scattered bokeh]]
[2020.03.11-21.31.54:435][  0]LogConfig: Setting CVar [[r.DOF.Recombine.Quality:1                ; cheap slight out of focus]]
[2020.03.11-21.31.54:435][  0]LogConfig: Setting CVar [[r.DOF.Recombine.EnableBokehSettings:0    ; no bokeh simulation on slight out of focus]]
[2020.03.11-21.31.54:435][  0]LogConfig: Setting CVar [[r.DOF.TemporalAAQuality:1                ; more stable temporal accumulation]]
[2020.03.11-21.31.54:435][  0]LogConfig: Setting CVar [[r.DOF.Kernel.MaxForegroundRadius:0.025]]
[2020.03.11-21.31.54:435][  0]LogConfig: Setting CVar [[r.DOF.Kernel.MaxBackgroundRadius:0.025]]
[2020.03.11-21.31.54:435][  0]LogConfig: Applying CVar settings from Section [TextureQuality@3] File [E:/Users/kubik/Documents/GitHub/Shadow_OPS/Shadow_OPS/Saved/Config/Windows/Scalability.ini]
[2020.03.11-21.31.54:435][  0]LogConfig: Setting CVar [[r.Streaming.MipBias:0]]
[2020.03.11-21.31.54:435][  0]LogConfig: Setting CVar [[r.Streaming.AmortizeCPUToGPUCopy:0]]
[2020.03.11-21.31.54:435][  0]LogConfig: Setting CVar [[r.Streaming.MaxNumTexturesToStreamPerFrame:0]]
[2020.03.11-21.31.54:435][  0]LogConfig: Setting CVar [[r.Streaming.Boost:1]]
[2020.03.11-21.31.54:435][  0]LogConfig: Setting CVar [[r.MaxAnisotropy:8]]
[2020.03.11-21.31.54:435][  0]LogConfig: Setting CVar [[r.VT.MaxAnisotropy:8]]
[2020.03.11-21.31.54:435][  0]LogConfig: Setting CVar [[r.Streaming.LimitPoolSizeToVRAM:0]]
[2020.03.11-21.31.54:435][  0]LogConfig: Setting CVar [[r.Streaming.PoolSize:1000]]
[2020.03.11-21.31.54:436][  0]LogConfig: Setting CVar [[r.Streaming.MaxEffectiveScreenSize:0]]
[2020.03.11-21.31.54:436][  0]LogConfig: Applying CVar settings from Section [EffectsQuality@3] File [E:/Users/kubik/Documents/GitHub/Shadow_OPS/Shadow_OPS/Saved/Config/Windows/Scalability.ini]
[2020.03.11-21.31.54:436][  0]LogConfig: Setting CVar [[r.TranslucencyLightingVolumeDim:64]]
[2020.03.11-21.31.54:436][  0]LogConfig: Setting CVar [[r.RefractionQuality:2]]
[2020.03.11-21.31.54:436][  0]LogConfig: Setting CVar [[r.SSR.Quality:3]]
[2020.03.11-21.31.54:436][  0]LogConfig: Setting CVar [[r.SSR.HalfResSceneColor:0]]
[2020.03.11-21.31.54:436][  0]LogConfig: Setting CVar [[r.SceneColorFormat:4]]
[2020.03.11-21.31.54:436][  0]LogConfig: Setting CVar [[r.DetailMode:2]]
[2020.03.11-21.31.54:436][  0]LogConfig: Setting CVar [[r.TranslucencyVolumeBlur:1]]
[2020.03.11-21.31.54:436][  0]LogConfig: Setting CVar [[r.MaterialQualityLevel:1 ; High quality]]
[2020.03.11-21.31.54:436][  0]LogConfig: Setting CVar [[r.SSS.Scale:1]]
[2020.03.11-21.31.54:436][  0]LogConfig: Setting CVar [[r.SSS.SampleSet:2]]
[2020.03.11-21.31.54:436][  0]LogConfig: Setting CVar [[r.SSS.Quality:1]]
[2020.03.11-21.31.54:436][  0]LogConfig: Setting CVar [[r.SSS.HalfRes:1]]
[2020.03.11-21.31.54:436][  0]LogConfig: Setting CVar [[r.SSGI.Quality:3]]
[2020.03.11-21.31.54:436][  0]LogConfig: Setting CVar [[r.EmitterSpawnRateScale:1.0]]
[2020.03.11-21.31.54:436][  0]LogConfig: Setting CVar [[r.ParticleLightQuality:2]]
[2020.03.11-21.31.54:436][  0]LogConfig: Setting CVar [[r.SkyAtmosphere.AerialPerspectiveLUT.FastApplyOnOpaque:1 ; Always have FastSkyLUT 1 in this case to avoid wrong sky]]
[2020.03.11-21.31.54:436][  0]LogConfig: Setting CVar [[r.SkyAtmosphere.AerialPerspectiveLUT.SampleCountPerSlice:1]]
[2020.03.11-21.31.54:436][  0]LogConfig: Setting CVar [[r.SkyAtmosphere.AerialPerspectiveLUT.DepthResolution:16.0]]
[2020.03.11-21.31.54:436][  0]LogConfig: Setting CVar [[r.SkyAtmosphere.FastSkyLUT:1]]
[2020.03.11-21.31.54:436][  0]LogConfig: Setting CVar [[r.SkyAtmosphere.FastSkyLUT.SampleCountMin:4.0]]
[2020.03.11-21.31.54:436][  0]LogConfig: Setting CVar [[r.SkyAtmosphere.FastSkyLUT.SampleCountMax:32.0]]
[2020.03.11-21.31.54:436][  0]LogConfig: Setting CVar [[r.SkyAtmosphere.SampleCountMin:4.0]]
[2020.03.11-21.31.54:436][  0]LogConfig: Setting CVar [[r.SkyAtmosphere.SampleCountMax:32.0]]
[2020.03.11-21.31.54:436][  0]LogConfig: Setting CVar [[r.SkyAtmosphere.TransmittanceLUT.UseSmallFormat:0]]
[2020.03.11-21.31.54:436][  0]LogConfig: Setting CVar [[r.SkyAtmosphere.TransmittanceLUT.SampleCount:10.0]]
[2020.03.11-21.31.54:436][  0]LogConfig: Setting CVar [[r.SkyAtmosphere.MultiScatteringLUT.SampleCount:15.0]]
[2020.03.11-21.31.54:436][  0]LogConfig: Applying CVar settings from Section [FoliageQuality@3] File [E:/Users/kubik/Documents/GitHub/Shadow_OPS/Shadow_OPS/Saved/Config/Windows/Scalability.ini]
[2020.03.11-21.31.54:436][  0]LogConfig: Setting CVar [[foliage.DensityScale:1.0]]
[2020.03.11-21.31.54:436][  0]LogConfig: Setting CVar [[grass.DensityScale:1.0]]
[2020.03.11-21.31.54:436][  0]LogConfig: Applying CVar settings from Section [ShadingQuality@3] File [E:/Users/kubik/Documents/GitHub/Shadow_OPS/Shadow_OPS/Saved/Config/Windows/Scalability.ini]
[2020.03.11-21.31.54:436][  0]LogConfig: Setting CVar [[r.HairStrands.SkyLighting.SampleCount:16]]
[2020.03.11-21.31.54:436][  0]LogConfig: Setting CVar [[r.HairStrands.SkyLighting.JitterIntegration:0]]
[2020.03.11-21.31.54:436][  0]LogConfig: Setting CVar [[r.HairStrands.SkyAO.SampleCount:16]]
[2020.03.11-21.31.54:437][  0]LogInit: Selected Device Profile: [Windows]
[2020.03.11-21.31.54:437][  0]LogInit: Applying CVar settings loaded from the selected device profile: [Windows]
[2020.03.11-21.31.54:449][  0]LogHAL: Display: Platform has ~ 8 GB [8374824960 / 8589934592 / 8], which maps to Default [LargestMinGB=32, LargerMinGB=12, DefaultMinGB=8, SmallerMinGB=6, SmallestMinGB=0)
[2020.03.11-21.31.54:449][  0]LogInit: Going up to parent DeviceProfile []
[2020.03.11-21.31.54:449][  0]LogConfig: Applying CVar settings from Section [ViewDistanceQuality@3] File [E:/Users/kubik/Documents/GitHub/Shadow_OPS/Shadow_OPS/Saved/Config/Windows/Scalability.ini]
[2020.03.11-21.31.54:449][  0]LogConfig: Setting CVar [[r.SkeletalMeshLODBias:0]]
[2020.03.11-21.31.54:449][  0]LogConfig: Setting CVar [[r.ViewDistanceScale:1.0]]
[2020.03.11-21.31.54:449][  0]LogConfig: Applying CVar settings from Section [AntiAliasingQuality@3] File [E:/Users/kubik/Documents/GitHub/Shadow_OPS/Shadow_OPS/Saved/Config/Windows/Scalability.ini]
[2020.03.11-21.31.54:449][  0]LogConfig: Setting CVar [[r.PostProcessAAQuality:4]]
[2020.03.11-21.31.54:449][  0]LogConfig: Applying CVar settings from Section [ShadowQuality@3] File [E:/Users/kubik/Documents/GitHub/Shadow_OPS/Shadow_OPS/Saved/Config/Windows/Scalability.ini]
[2020.03.11-21.31.54:449][  0]LogConfig: Setting CVar [[r.LightFunctionQuality:1]]
[2020.03.11-21.31.54:449][  0]LogConfig: Setting CVar [[r.ShadowQuality:5]]
[2020.03.11-21.31.54:449][  0]LogConfig: Setting CVar [[r.Shadow.CSM.MaxCascades:10]]
[2020.03.11-21.31.54:449][  0]LogConfig: Setting CVar [[r.Shadow.MaxResolution:2048]]
[2020.03.11-21.31.54:449][  0]LogConfig: Setting CVar [[r.Shadow.MaxCSMResolution:2048]]
[2020.03.11-21.31.54:449][  0]LogConfig: Setting CVar [[r.Shadow.RadiusThreshold:0.01]]
[2020.03.11-21.31.54:449][  0]LogConfig: Setting CVar [[r.Shadow.DistanceScale:1.0]]
[2020.03.11-21.31.54:449][  0]LogConfig: Setting CVar [[r.Shadow.CSM.TransitionScale:1.0]]
[2020.03.11-21.31.54:449][  0]LogConfig: Setting CVar [[r.Shadow.PreShadowResolutionFactor:1.0]]
[2020.03.11-21.31.54:449][  0]LogConfig: Setting CVar [[r.DistanceFieldShadowing:1]]
[2020.03.11-21.31.54:449][  0]LogConfig: Setting CVar [[r.DistanceFieldAO:1]]
[2020.03.11-21.31.54:449][  0]LogConfig: Setting CVar [[r.AOQuality:2]]
[2020.03.11-21.31.54:450][  0]LogConfig: Setting CVar [[r.VolumetricFog:1]]
[2020.03.11-21.31.54:450][  0]LogConfig: Setting CVar [[r.VolumetricFog.GridPixelSize:8]]
[2020.03.11-21.31.54:450][  0]LogConfig: Setting CVar [[r.VolumetricFog.GridSizeZ:128]]
[2020.03.11-21.31.54:450][  0]LogConfig: Setting CVar [[r.VolumetricFog.HistoryMissSupersampleCount:4]]
[2020.03.11-21.31.54:450][  0]LogConfig: Setting CVar [[r.LightMaxDrawDistanceScale:1]]
[2020.03.11-21.31.54:450][  0]LogConfig: Setting CVar [[r.CapsuleShadows:1]]
[2020.03.11-21.31.54:450][  0]LogConfig: Applying CVar settings from Section [PostProcessQuality@3] File [E:/Users/kubik/Documents/GitHub/Shadow_OPS/Shadow_OPS/Saved/Config/Windows/Scalability.ini]
[2020.03.11-21.31.54:450][  0]LogConfig: Setting CVar [[r.MotionBlurQuality:4]]
[2020.03.11-21.31.54:450][  0]LogConfig: Setting CVar [[r.AmbientOcclusionMipLevelFactor:0.4]]
[2020.03.11-21.31.54:450][  0]LogConfig: Setting CVar [[r.AmbientOcclusionMaxQuality:100]]
[2020.03.11-21.31.54:450][  0]LogConfig: Setting CVar [[r.AmbientOcclusionLevels:-1]]
[2020.03.11-21.31.54:450][  0]LogConfig: Setting CVar [[r.AmbientOcclusionRadiusScale:1.0]]
[2020.03.11-21.31.54:450][  0]LogConfig: Setting CVar [[r.DepthOfFieldQuality:2]]
[2020.03.11-21.31.54:450][  0]LogConfig: Setting CVar [[r.RenderTargetPoolMin:400]]
[2020.03.11-21.31.54:450][  0]LogConfig: Setting CVar [[r.LensFlareQuality:2]]
[2020.03.11-21.31.54:450][  0]LogConfig: Setting CVar [[r.SceneColorFringeQuality:1]]
[2020.03.11-21.31.54:450][  0]LogConfig: Setting CVar [[r.EyeAdaptationQuality:2]]
[2020.03.11-21.31.54:450][  0]LogConfig: Setting CVar [[r.BloomQuality:5]]
[2020.03.11-21.31.54:450][  0]LogConfig: Setting CVar [[r.FastBlurThreshold:100]]
[2020.03.11-21.31.54:450][  0]LogConfig: Setting CVar [[r.Upscale.Quality:3]]
[2020.03.11-21.31.54:450][  0]LogConfig: Setting CVar [[r.Tonemapper.GrainQuantization:1]]
[2020.03.11-21.31.54:450][  0]LogConfig: Setting CVar [[r.LightShaftQuality:1]]
[2020.03.11-21.31.54:451][  0]LogConfig: Setting CVar [[r.Filter.SizeScale:1]]
[2020.03.11-21.31.54:451][  0]LogConfig: Setting CVar [[r.Tonemapper.Quality:5]]
[2020.03.11-21.31.54:451][  0]LogConfig: Setting CVar [[r.DOF.Gather.AccumulatorQuality:1        ; higher gathering accumulator quality]]
[2020.03.11-21.31.54:451][  0]LogConfig: Setting CVar [[r.DOF.Gather.PostfilterMethod:1          ; Median3x3 postfilering method]]
[2020.03.11-21.31.54:451][  0]LogConfig: Setting CVar [[r.DOF.Gather.EnableBokehSettings:0       ; no bokeh simulation when gathering]]
[2020.03.11-21.31.54:451][  0]LogConfig: Setting CVar [[r.DOF.Gather.RingCount:4                 ; medium number of samples when gathering]]
[2020.03.11-21.31.54:451][  0]LogConfig: Setting CVar [[r.DOF.Scatter.ForegroundCompositing:1    ; additive foreground scattering]]
[2020.03.11-21.31.54:452][  0]LogConfig: Setting CVar [[r.DOF.Scatter.BackgroundCompositing:2    ; additive background scattering]]
[2020.03.11-21.31.54:452][  0]LogConfig: Setting CVar [[r.DOF.Scatter.EnableBokehSettings:1      ; bokeh simulation when scattering]]
[2020.03.11-21.31.54:452][  0]LogConfig: Setting CVar [[r.DOF.Scatter.MaxSpriteRatio:0.1         ; only a maximum of 10% of scattered bokeh]]
[2020.03.11-21.31.54:452][  0]LogConfig: Setting CVar [[r.DOF.Recombine.Quality:1                ; cheap slight out of focus]]
[2020.03.11-21.31.54:452][  0]LogConfig: Setting CVar [[r.DOF.Recombine.EnableBokehSettings:0    ; no bokeh simulation on slight out of focus]]
[2020.03.11-21.31.54:452][  0]LogConfig: Setting CVar [[r.DOF.TemporalAAQuality:1                ; more stable temporal accumulation]]
[2020.03.11-21.31.54:452][  0]LogConfig: Setting CVar [[r.DOF.Kernel.MaxForegroundRadius:0.025]]
[2020.03.11-21.31.54:452][  0]LogConfig: Setting CVar [[r.DOF.Kernel.MaxBackgroundRadius:0.025]]
[2020.03.11-21.31.54:452][  0]LogConfig: Applying CVar settings from Section [TextureQuality@3] File [E:/Users/kubik/Documents/GitHub/Shadow_OPS/Shadow_OPS/Saved/Config/Windows/Scalability.ini]
[2020.03.11-21.31.54:452][  0]LogConfig: Setting CVar [[r.Streaming.MipBias:0]]
[2020.03.11-21.31.54:452][  0]LogConfig: Setting CVar [[r.Streaming.AmortizeCPUToGPUCopy:0]]
[2020.03.11-21.31.54:452][  0]LogConfig: Setting CVar [[r.Streaming.MaxNumTexturesToStreamPerFrame:0]]
[2020.03.11-21.31.54:452][  0]LogConfig: Setting CVar [[r.Streaming.Boost:1]]
[2020.03.11-21.31.54:452][  0]LogConfig: Setting CVar [[r.MaxAnisotropy:8]]
[2020.03.11-21.31.54:452][  0]LogConfig: Setting CVar [[r.VT.MaxAnisotropy:8]]
[2020.03.11-21.31.54:452][  0]LogConfig: Setting CVar [[r.Streaming.LimitPoolSizeToVRAM:0]]
[2020.03.11-21.31.54:452][  0]LogConfig: Setting CVar [[r.Streaming.PoolSize:1000]]
[2020.03.11-21.31.54:452][  0]LogConfig: Setting CVar [[r.Streaming.MaxEffectiveScreenSize:0]]
[2020.03.11-21.31.54:452][  0]LogConfig: Applying CVar settings from Section [EffectsQuality@3] File [E:/Users/kubik/Documents/GitHub/Shadow_OPS/Shadow_OPS/Saved/Config/Windows/Scalability.ini]
[2020.03.11-21.31.54:452][  0]LogConfig: Setting CVar [[r.TranslucencyLightingVolumeDim:64]]
[2020.03.11-21.31.54:452][  0]LogConfig: Setting CVar [[r.RefractionQuality:2]]
[2020.03.11-21.31.54:452][  0]LogConfig: Setting CVar [[r.SSR.Quality:3]]
[2020.03.11-21.31.54:452][  0]LogConfig: Setting CVar [[r.SSR.HalfResSceneColor:0]]
[2020.03.11-21.31.54:452][  0]LogConfig: Setting CVar [[r.SceneColorFormat:4]]
[2020.03.11-21.31.54:452][  0]LogConfig: Setting CVar [[r.DetailMode:2]]
[2020.03.11-21.31.54:452][  0]LogConfig: Setting CVar [[r.TranslucencyVolumeBlur:1]]
[2020.03.11-21.31.54:452][  0]LogConfig: Setting CVar [[r.MaterialQualityLevel:1 ; High quality]]
[2020.03.11-21.31.54:452][  0]LogConfig: Setting CVar [[r.SSS.Scale:1]]
[2020.03.11-21.31.54:452][  0]LogConfig: Setting CVar [[r.SSS.SampleSet:2]]
[2020.03.11-21.31.54:452][  0]LogConfig: Setting CVar [[r.SSS.Quality:1]]
[2020.03.11-21.31.54:452][  0]LogConfig: Setting CVar [[r.SSS.HalfRes:1]]
[2020.03.11-21.31.54:452][  0]LogConfig: Setting CVar [[r.SSGI.Quality:3]]
[2020.03.11-21.31.54:452][  0]LogConfig: Setting CVar [[r.EmitterSpawnRateScale:1.0]]
[2020.03.11-21.31.54:452][  0]LogConfig: Setting CVar [[r.ParticleLightQuality:2]]
[2020.03.11-21.31.54:452][  0]LogConfig: Setting CVar [[r.SkyAtmosphere.AerialPerspectiveLUT.FastApplyOnOpaque:1 ; Always have FastSkyLUT 1 in this case to avoid wrong sky]]
[2020.03.11-21.31.54:452][  0]LogConfig: Setting CVar [[r.SkyAtmosphere.AerialPerspectiveLUT.SampleCountPerSlice:1]]
[2020.03.11-21.31.54:452][  0]LogConfig: Setting CVar [[r.SkyAtmosphere.AerialPerspectiveLUT.DepthResolution:16.0]]
[2020.03.11-21.31.54:452][  0]LogConfig: Setting CVar [[r.SkyAtmosphere.FastSkyLUT:1]]
[2020.03.11-21.31.54:452][  0]LogConfig: Setting CVar [[r.SkyAtmosphere.FastSkyLUT.SampleCountMin:4.0]]
[2020.03.11-21.31.54:452][  0]LogConfig: Setting CVar [[r.SkyAtmosphere.FastSkyLUT.SampleCountMax:32.0]]
[2020.03.11-21.31.54:453][  0]LogConfig: Setting CVar [[r.SkyAtmosphere.SampleCountMin:4.0]]
[2020.03.11-21.31.54:453][  0]LogConfig: Setting CVar [[r.SkyAtmosphere.SampleCountMax:32.0]]
[2020.03.11-21.31.54:453][  0]LogConfig: Setting CVar [[r.SkyAtmosphere.TransmittanceLUT.UseSmallFormat:0]]
[2020.03.11-21.31.54:453][  0]LogConfig: Setting CVar [[r.SkyAtmosphere.TransmittanceLUT.SampleCount:10.0]]
[2020.03.11-21.31.54:453][  0]LogConfig: Setting CVar [[r.SkyAtmosphere.MultiScatteringLUT.SampleCount:15.0]]
[2020.03.11-21.31.54:453][  0]LogConfig: Applying CVar settings from Section [FoliageQuality@3] File [E:/Users/kubik/Documents/GitHub/Shadow_OPS/Shadow_OPS/Saved/Config/Windows/Scalability.ini]
[2020.03.11-21.31.54:453][  0]LogConfig: Setting CVar [[foliage.DensityScale:1.0]]
[2020.03.11-21.31.54:453][  0]LogConfig: Setting CVar [[grass.DensityScale:1.0]]
[2020.03.11-21.31.54:453][  0]LogConfig: Applying CVar settings from Section [ShadingQuality@3] File [E:/Users/kubik/Documents/GitHub/Shadow_OPS/Shadow_OPS/Saved/Config/Windows/Scalability.ini]
[2020.03.11-21.31.54:453][  0]LogConfig: Setting CVar [[r.HairStrands.SkyLighting.SampleCount:16]]
[2020.03.11-21.31.54:453][  0]LogConfig: Setting CVar [[r.HairStrands.SkyLighting.JitterIntegration:0]]
[2020.03.11-21.31.54:453][  0]LogConfig: Setting CVar [[r.HairStrands.SkyAO.SampleCount:16]]
[2020.03.11-21.31.54:453][  0]LogConfig: Applying CVar settings from Section [Startup] File [../../../Engine/Config/ConsoleVariables.ini]
[2020.03.11-21.31.54:461][  0]LogConfig: Setting CVar [[net.UseAdaptiveNetUpdateFrequency:0]]
[2020.03.11-21.31.54:461][  0]LogConfig: Setting CVar [[p.chaos.AllowCreatePhysxBodies:1]]
[2020.03.11-21.31.54:461][  0]LogConfig: Applying CVar settings from Section [ConsoleVariables] File [E:/Users/kubik/Documents/GitHub/Shadow_OPS/Shadow_OPS/Saved/Config/Windows/Engine.ini]
[2020.03.11-21.31.54:472][  0]LogInit: Computer: DESKTOP-P8LS84R
[2020.03.11-21.31.54:472][  0]LogInit: User: kubik
[2020.03.11-21.31.54:472][  0]LogInit: CPU Page size=4096, Cores=4
[2020.03.11-21.31.54:472][  0]LogInit: High frequency timer resolution =10.000000 MHz
[2020.03.11-21.31.54:472][  0]LogMemory: Memory total: Physical=7.8GB (8GB approx)
[2020.03.11-21.31.54:481][  0]LogMemory: Platform Memory Stats for Windows
[2020.03.11-21.31.54:481][  0]LogMemory: Process Physical Memory: 104.87 MB used, 104.88 MB peak
[2020.03.11-21.31.54:481][  0]LogMemory: Process Virtual Memory: 100.53 MB used, 100.53 MB peak
[2020.03.11-21.31.54:481][  0]LogMemory: Physical Memory: 2728.62 MB used,  5258.24 MB free, 7986.86 MB total
[2020.03.11-21.31.54:481][  0]LogMemory: Virtual Memory: 5137.59 MB used,  134212592.00 MB free, 134217728.00 MB total
[2020.03.11-21.31.54:488][  0]LogWindows: WindowsPlatformFeatures enabled
[2020.03.11-21.31.55:009][  0]LogInit: Using OS detected language (cs-CZ).
[2020.03.11-21.31.55:009][  0]LogInit: Using OS detected locale (cs-CZ).
[2020.03.11-21.31.55:108][  0]LogTextLocalizationManager: No localization for 'cs-CZ' exists, so 'en' will be used for the language.
[2020.03.11-21.31.55:796][  0]LogInit: Setting process to per monitor DPI aware
[2020.03.11-21.31.56:242][  0]LogSlate: New Slate User Created.  User Index 0, Is Virtual User: 0
[2020.03.11-21.31.56:242][  0]LogSlate: Slate User Registered.  User Index 0, Is Virtual User: 0
[2020.03.11-21.31.57:052][  0]LogHMD: Failed to initialize OpenVR with code 110
[2020.03.11-21.31.57:052][  0]LogD3D11RHI: D3D11 min allowed feature level: 11_0
[2020.03.11-21.31.57:052][  0]LogD3D11RHI: D3D11 max allowed feature level: 11_0
[2020.03.11-21.31.57:052][  0]LogD3D11RHI: D3D11 adapters:
[2020.03.11-21.31.57:179][  0]LogD3D11RHI:    0. 'NVIDIA GeForce GTX 950M' (Feature Level 11_0)
[2020.03.11-21.31.57:179][  0]LogD3D11RHI:       4055/0/3993 MB DedicatedVideo/DedicatedSystem/SharedSystem, Outputs:2, VendorId:0x10de
[2020.03.11-21.31.57:191][  0]LogD3D11RHI:    1. 'Intel(R) HD Graphics 530' (Feature Level 11_0)
[2020.03.11-21.31.57:191][  0]LogD3D11RHI:       128/0/3993 MB DedicatedVideo/DedicatedSystem/SharedSystem, Outputs:0, VendorId:0x8086
[2020.03.11-21.31.57:195][  0]LogD3D11RHI:    2. 'Microsoft Basic Render Driver' (Feature Level 11_0)
[2020.03.11-21.31.57:195][  0]LogD3D11RHI:       0/0/3993 MB DedicatedVideo/DedicatedSystem/SharedSystem, Outputs:0, VendorId:0x1414
[2020.03.11-21.31.57:195][  0]LogD3D11RHI: Chosen D3D11 Adapter: 0
[2020.03.11-21.31.57:281][  0]LogD3D11RHI: Creating new Direct3DDevice
[2020.03.11-21.31.57:282][  0]LogD3D11RHI:     GPU DeviceId: 0x139a (for the marketing name, search the web for "GPU Device Id")
[2020.03.11-21.31.57:282][  0]LogWindows: EnumDisplayDevices:
[2020.03.11-21.31.57:282][  0]LogWindows:    0. 'Intel(R) HD Graphics 530' (P:1 D:1)
[2020.03.11-21.31.57:283][  0]LogWindows:    1. 'Intel(R) HD Graphics 530' (P:0 D:1)
[2020.03.11-21.31.57:283][  0]LogWindows:    2. 'Intel(R) HD Graphics 530' (P:0 D:0)
[2020.03.11-21.31.57:284][  0]LogWindows: DebugString: PrimaryIsNotTheChoosenAdapter PrimaryIsNotTheChoosenAdapter PrimaryIsNotTheChoosenAdapter FoundDriverCount:0 
[2020.03.11-21.31.57:284][  0]LogD3D11RHI:     Adapter Name: NVIDIA GeForce GTX 950M
[2020.03.11-21.31.57:284][  0]LogD3D11RHI:   Driver Version: Unknown (internal:Unknown, unified:Unknown)
[2020.03.11-21.31.57:284][  0]LogD3D11RHI:      Driver Date: Unknown
[2020.03.11-21.31.57:284][  0]LogRHI: Texture pool is 2839 MB (70% of 4055 MB)
[2020.03.11-21.31.57:382][  0]LogD3D11RHI: RHI has support for 64 bit atomics
[2020.03.11-21.31.57:383][  0]LogD3D11RHI: Async texture creation enabled
[2020.03.11-21.31.57:628][  0]LogD3D11RHI: GPU Timing Frequency: 1000.000000 (Debug: 2 1)
[2020.03.11-21.31.58:390][  0]LogTargetPlatformManager: Display: Loaded TargetPlatform 'AllDesktop'
[2020.03.11-21.31.58:475][  0]LogTargetPlatformManager: Display: Loaded TargetPlatform 'Android'
[2020.03.11-21.31.58:475][  0]LogTargetPlatformManager: Display: Loaded TargetPlatform 'Android_ASTC'
[2020.03.11-21.31.58:475][  0]LogTargetPlatformManager: Display: Loaded TargetPlatform 'Android_ATC'
[2020.03.11-21.31.58:475][  0]LogTargetPlatformManager: Display: Loaded TargetPlatform 'Android_DXT'
[2020.03.11-21.31.58:475][  0]LogTargetPlatformManager: Display: Loaded TargetPlatform 'Android_ETC1'
[2020.03.11-21.31.58:475][  0]LogTargetPlatformManager: Display: Loaded TargetPlatform 'Android_ETC1a'
[2020.03.11-21.31.58:475][  0]LogTargetPlatformManager: Display: Loaded TargetPlatform 'Android_ETC2'
[2020.03.11-21.31.58:476][  0]LogTargetPlatformManager: Display: Loaded TargetPlatform 'Android_PVRTC'
[2020.03.11-21.31.58:476][  0]LogTargetPlatformManager: Display: Loaded TargetPlatform 'AndroidClient'
[2020.03.11-21.31.58:476][  0]LogTargetPlatformManager: Display: Loaded TargetPlatform 'Android_ASTCClient'
[2020.03.11-21.31.58:476][  0]LogTargetPlatformManager: Display: Loaded TargetPlatform 'Android_ATCClient'
[2020.03.11-21.31.58:476][  0]LogTargetPlatformManager: Display: Loaded TargetPlatform 'Android_DXTClient'
[2020.03.11-21.31.58:476][  0]LogTargetPlatformManager: Display: Loaded TargetPlatform 'Android_ETC1Client'
[2020.03.11-21.31.58:476][  0]LogTargetPlatformManager: Display: Loaded TargetPlatform 'Android_ETC1aClient'
[2020.03.11-21.31.58:476][  0]LogTargetPlatformManager: Display: Loaded TargetPlatform 'Android_ETC2Client'
[2020.03.11-21.31.58:476][  0]LogTargetPlatformManager: Display: Loaded TargetPlatform 'Android_PVRTCClient'
[2020.03.11-21.31.58:476][  0]LogTargetPlatformManager: Display: Loaded TargetPlatform 'Android_Multi'
[2020.03.11-21.31.58:476][  0]LogTargetPlatformManager: Display: Loaded TargetPlatform 'Android_MultiClient'
[2020.03.11-21.31.58:909][  0]LogTargetPlatformManager: Display: Loaded TargetPlatform 'IOSClient'
[2020.03.11-21.31.58:909][  0]LogTargetPlatformManager: Display: Loaded TargetPlatform 'IOS'
[2020.03.11-21.31.58:935][  0]LogTargetPlatformManager: Display: Loaded TargetPlatform 'LinuxNoEditor'
[2020.03.11-21.31.58:953][  0]LogTargetPlatformManager: Display: Loaded TargetPlatform 'LinuxClient'
[2020.03.11-21.31.58:974][  0]LogTargetPlatformManager: Display: Loaded TargetPlatform 'LinuxServer'
[2020.03.11-21.31.58:995][  0]LogTargetPlatformManager: Display: Loaded TargetPlatform 'LinuxAArch64NoEditor'
[2020.03.11-21.31.59:048][  0]LogTargetPlatformManager: Display: Loaded TargetPlatform 'LinuxAArch64Client'
[2020.03.11-21.31.59:060][  0]LogTargetPlatformManager: Display: Loaded TargetPlatform 'LinuxAArch64Server'
[2020.03.11-21.31.59:121][  0]LogTargetPlatformManager: Display: Loaded TargetPlatform 'Lumin'
[2020.03.11-21.31.59:121][  0]LogTargetPlatformManager: Display: Loaded TargetPlatform 'LuminClient'
[2020.03.11-21.31.59:140][  0]LogTargetPlatformManager: Display: Loaded TargetPlatform 'TVOSClient'
[2020.03.11-21.31.59:141][  0]LogTargetPlatformManager: Display: Loaded TargetPlatform 'TVOS'
[2020.03.11-21.31.59:158][  0]LogTargetPlatformManager: Display: Loaded TargetPlatform 'WindowsNoEditor'
[2020.03.11-21.31.59:176][  0]LogTargetPlatformManager: Display: Loaded TargetPlatform 'Windows'
[2020.03.11-21.31.59:188][  0]LogTargetPlatformManager: Display: Loaded TargetPlatform 'WindowsClient'
[2020.03.11-21.31.59:208][  0]LogTargetPlatformManager: Display: Loaded TargetPlatform 'WindowsServer'
[2020.03.11-21.31.59:208][  0]LogTargetPlatformManager: Display: Building Assets For Windows
[2020.03.11-21.31.59:367][  0]LogAudioDebug: Display: Lib vorbis DLL was dynamically loaded.
[2020.03.11-21.31.59:833][  0]LogShaderCompilers: Guid format shader working directory is -23 characters bigger than the processId version (../../../../../../Users/kubik/Documents/GitHub/Shadow_OPS/Shadow_OPS/Intermediate/Shaders/WorkingDirectory/13704/).
[2020.03.11-21.31.59:834][  0]LogShaderCompilers: Cleaned the shader compiler working directory 'C:/Users/kubik/AppData/Local/Temp/UnrealShaderWorkingDir/46536E5C402B47E10B22AB885B513586/'.
[2020.03.11-21.31.59:846][  0]LogXGEController: Cannot use XGE Controller as Incredibuild is not installed on this machine.
[2020.03.11-21.31.59:846][  0]LogShaderCompilers: Cannot use XGE Shader Compiler as Incredibuild is not installed on this machine.
[2020.03.11-21.31.59:846][  0]LogShaderCompilers: Display: Using Local Shader Compiler.
[2020.03.11-21.32.02:254][  0]LogDerivedDataCache: Display: Max Cache Size: 512 MB
[2020.03.11-21.32.02:383][  0]LogDerivedDataCache: Loaded boot cache 0.13s 78MB C:/Users/kubik/AppData/Local/UnrealEngine/4.24/DerivedDataCache/Boot.ddc.
[2020.03.11-21.32.02:383][  0]LogDerivedDataCache: Display: Loaded Boot cache: C:/Users/kubik/AppData/Local/UnrealEngine/4.24/DerivedDataCache/Boot.ddc
[2020.03.11-21.32.02:383][  0]LogDerivedDataCache: FDerivedDataBackendGraph:  Pak pak cache file ../../../../../../Users/kubik/Documents/GitHub/Shadow_OPS/Shadow_OPS/DerivedDataCache/DDC.ddp not found, will not use a pak cache.
[2020.03.11-21.32.02:383][  0]LogDerivedDataCache: Unable to find inner node Pak for hierarchical cache Hierarchy.
[2020.03.11-21.32.02:383][  0]LogDerivedDataCache: FDerivedDataBackendGraph:  CompressedPak pak cache file ../../../../../../Users/kubik/Documents/GitHub/Shadow_OPS/Shadow_OPS/DerivedDataCache/Compressed.ddp not found, will not use a pak cache.
[2020.03.11-21.32.02:383][  0]LogDerivedDataCache: Unable to find inner node CompressedPak for hierarchical cache Hierarchy.
[2020.03.11-21.32.02:422][  0]LogDerivedDataCache: Display: Pak cache opened for reading ../../../Engine/DerivedDataCache/Compressed.ddp.
[2020.03.11-21.32.02:422][  0]LogDerivedDataCache: FDerivedDataBackendGraph:  EnterprisePak pak cache file ../../../Enterprise/DerivedDataCache/Compressed.ddp not found, will not use a pak cache.
[2020.03.11-21.32.02:422][  0]LogDerivedDataCache: Unable to find inner node EnterprisePak for hierarchical cache Hierarchy.
[2020.03.11-21.32.02:425][  0]LogDerivedDataCache: Using Local data cache path C:/Users/kubik/AppData/Local/UnrealEngine/Common/DerivedDataCache: Writable
[2020.03.11-21.32.02:425][  0]LogDerivedDataCache: Shared data cache path not found in *engine.ini, will not use an Shared cache.
[2020.03.11-21.32.02:425][  0]LogDerivedDataCache: Unable to find inner node Shared for hierarchical cache Hierarchy.
[2020.03.11-21.32.02:525][  0]LogMaterial: Verifying Global Shaders for PCD3D_SM5
[2020.03.11-21.32.02:544][  0]LogSlate: Using FreeType 2.10.0
[2020.03.11-21.32.02:591][  0]LogSlate: SlateFontServices - WITH_FREETYPE: 1, WITH_HARFBUZZ: 1
[2020.03.11-21.32.03:665][  0]LogAssetRegistry: FAssetRegistry took 0.0044 seconds to start up
[2020.03.11-21.32.09:519][  0]LogInit: Selected Device Profile: [Windows]
[2020.03.11-21.32.11:886][  0]LogMeshReduction: Using QuadricMeshReduction for automatic static mesh reduction
[2020.03.11-21.32.11:886][  0]LogMeshReduction: Using SimplygonMeshReduction for automatic skeletal mesh reduction
[2020.03.11-21.32.11:886][  0]LogMeshReduction: Using ProxyLODMeshReduction for automatic mesh merging
[2020.03.11-21.32.11:886][  0]LogMeshReduction: No distributed automatic mesh merging module available
[2020.03.11-21.32.11:886][  0]LogMeshMerging: No distributed automatic mesh merging module available
[2020.03.11-21.32.12:364][  0]LogNetVersion: Shadow_OPS 1.0.0, NetCL: 10570792, EngineNetVer: 13, GameNetVer: 0 (Checksum: 1738939154)
[2020.03.11-21.32.21:115][  0]LogFileManager: Warning: MoveFile was unable to move '../../../../../../Users/kubik/Documents/GitHub/Shadow_OPS/Shadow_OPS/Intermediate/CachedAssetRegistry.bin.tmp' to '../../../../../../Users/kubik/Documents/GitHub/Shadow_OPS/Shadow_OPS/Intermediate/CachedAssetRegistry.bin', retrying in .5s...
[2020.03.11-21.32.21:115][  0]LogFileManager: Warning: MoveFile was unable to move '../../../../../../Users/kubik/Documents/GitHub/Shadow_OPS/Shadow_OPS/Intermediate/CachedAssetRegistry.bin.tmp' to '../../../../../../Users/kubik/Documents/GitHub/Shadow_OPS/Shadow_OPS/Intermediate/CachedAssetRegistry.bin', retrying in .5s...
[2020.03.11-21.32.21:115][  0]LogFileManager: Warning: MoveFile was unable to move '../../../../../../Users/kubik/Documents/GitHub/Shadow_OPS/Shadow_OPS/Intermediate/CachedAssetRegistry.bin.tmp' to '../../../../../../Users/kubik/Documents/GitHub/Shadow_OPS/Shadow_OPS/Intermediate/CachedAssetRegistry.bin', retrying in .5s...
[2020.03.11-21.32.21:115][  0]LogFileManager: Warning: MoveFile was unable to move '../../../../../../Users/kubik/Documents/GitHub/Shadow_OPS/Shadow_OPS/Intermediate/CachedAssetRegistry.bin.tmp' to '../../../../../../Users/kubik/Documents/GitHub/Shadow_OPS/Shadow_OPS/Intermediate/CachedAssetRegistry.bin', retrying in .5s...
[2020.03.11-21.32.21:115][  0]LogFileManager: Warning: MoveFile was unable to move '../../../../../../Users/kubik/Documents/GitHub/Shadow_OPS/Shadow_OPS/Intermediate/CachedAssetRegistry.bin.tmp' to '../../../../../../Users/kubik/Documents/GitHub/Shadow_OPS/Shadow_OPS/Intermediate/CachedAssetRegistry.bin', retrying in .5s...
[2020.03.11-21.32.21:115][  0]LogFileManager: Warning: MoveFile was unable to move '../../../../../../Users/kubik/Documents/GitHub/Shadow_OPS/Shadow_OPS/Intermediate/CachedAssetRegistry.bin.tmp' to '../../../../../../Users/kubik/Documents/GitHub/Shadow_OPS/Shadow_OPS/Intermediate/CachedAssetRegistry.bin', retrying in .5s...
[2020.03.11-21.32.21:115][  0]LogFileManager: Warning: MoveFile was unable to move '../../../../../../Users/kubik/Documents/GitHub/Shadow_OPS/Shadow_OPS/Intermediate/CachedAssetRegistry.bin.tmp' to '../../../../../../Users/kubik/Documents/GitHub/Shadow_OPS/Shadow_OPS/Intermediate/CachedAssetRegistry.bin', retrying in .5s...
[2020.03.11-21.32.21:115][  0]LogFileManager: Warning: MoveFile was unable to move '../../../../../../Users/kubik/Documents/GitHub/Shadow_OPS/Shadow_OPS/Intermediate/CachedAssetRegistry.bin.tmp' to '../../../../../../Users/kubik/Documents/GitHub/Shadow_OPS/Shadow_OPS/Intermediate/CachedAssetRegistry.bin', retrying in .5s...
[2020.03.11-21.32.21:115][  0]LogFileManager: Warning: MoveFile was unable to move '../../../../../../Users/kubik/Documents/GitHub/Shadow_OPS/Shadow_OPS/Intermediate/CachedAssetRegistry.bin.tmp' to '../../../../../../Users/kubik/Documents/GitHub/Shadow_OPS/Shadow_OPS/Intermediate/CachedAssetRegistry.bin', retrying in .5s...
[2020.03.11-21.32.21:115][  0]LogFileManager: Warning: MoveFile was unable to move '../../../../../../Users/kubik/Documents/GitHub/Shadow_OPS/Shadow_OPS/Intermediate/CachedAssetRegistry.bin.tmp' to '../../../../../../Users/kubik/Documents/GitHub/Shadow_OPS/Shadow_OPS/Intermediate/CachedAssetRegistry.bin', retrying in .5s...
[2020.03.11-21.32.21:115][  0]LogFileManager: Error: Error moving file '../../../../../../Users/kubik/Documents/GitHub/Shadow_OPS/Shadow_OPS/Intermediate/CachedAssetRegistry.bin.tmp' to '../../../../../../Users/kubik/Documents/GitHub/Shadow_OPS/Shadow_OPS/Intermediate/CachedAssetRegistry.bin'.
[2020.03.11-21.32.21:115][  0]LogPackageLocalizationCache: Processed 10 localized package path(s) for 1 prioritized culture(s) in 0.091470 seconds
[2020.03.11-21.32.21:123][  0]LogUObjectArray: 46750 objects as part of root set at end of initial load.
[2020.03.11-21.32.21:123][  0]LogUObjectAllocator: 8137160 out of 0 bytes used by permanent object pool.
[2020.03.11-21.32.21:123][  0]LogUObjectArray: CloseDisregardForGC: 0/0 objects in disregard for GC pool
[2020.03.11-21.32.24:804][  0]LogTcpMessaging: Initializing TcpMessaging bridge
[2020.03.11-21.32.24:820][  0]LogUdpMessaging: Initializing bridge on interface 0.0.0.0:0 to multicast group 230.0.0.1:6666.
[2020.03.11-21.32.25:348][  0]SourceControl: Source control is disabled
[2020.03.11-21.32.25:363][  0]SourceControl: Source control is disabled
[2020.03.11-21.32.25:411][  0]SourceControl: Source control is disabled
[2020.03.11-21.32.25:432][  0]SourceControl: Source control is disabled
[2020.03.11-21.32.25:445][  0]SourceControl: Source control is disabled
[2020.03.11-21.32.26:396][  0]LogAndroidPermission: UAndroidPermissionCallbackProxy::GetInstance
[2020.03.11-21.32.26:452][  0]LogAudioCaptureCore: Display: No Audio Capture implementations found. Audio input will be silent.
[2020.03.11-21.32.26:452][  0]LogAudioCaptureCore: Display: No Audio Capture implementations found. Audio input will be silent.
[2020.03.11-21.32.26:962][  0]LogOcInput: OculusInput pre-init called
[2020.03.11-21.32.27:065][  0]LogWindows: Failed to load 'OVRPlugin.dll' (GetLastError=126)
[2020.03.11-21.32.27:065][  0]LogWindows: File 'OVRPlugin.dll' does not exist
[2020.03.11-21.32.27:744][  0]LogEngine: Initializing Engine...
[2020.03.11-21.32.27:753][  0]LogHMD: Failed to initialize OpenVR with code 110
[2020.03.11-21.32.27:769][  0]LogStats: UGameplayTagsManager::InitializeManager -  0.007 s
[2020.03.11-21.32.28:792][  0]LogInit: Initializing FReadOnlyCVARCache
[2020.03.11-21.32.29:057][  0]LogAIModule: Creating AISystem for world Untitled
[2020.03.11-21.32.29:151][  0]LogAudioMixer: Display: Audio Mixer Platform Settings:
[2020.03.11-21.32.29:151][  0]LogAudioMixer: Display: 	Sample Rate:						  48000
[2020.03.11-21.32.29:151][  0]LogAudioMixer: Display: 	Callback Buffer Frame Size Requested: 1024
[2020.03.11-21.32.29:151][  0]LogAudioMixer: Display: 	Callback Buffer Frame Size To Use:	  1024
[2020.03.11-21.32.29:151][  0]LogAudioMixer: Display: 	Number of buffers to queue:			  2
[2020.03.11-21.32.29:151][  0]LogAudioMixer: Display: 	Max Channels (voices):				  32
[2020.03.11-21.32.29:151][  0]LogAudioMixer: Display: 	Number of Async Source Workers:		  0
[2020.03.11-21.32.29:151][  0]LogAudio: Display: AudioDevice MaxSources: 32
[2020.03.11-21.32.29:153][  0]LogAudio: Display: Using built-in audio occlusion.
[2020.03.11-21.32.29:153][  0]LogAudioMixer: Display: Initializing audio mixer.
[2020.03.11-21.32.29:298][  0]LogAudioMixer: Display: Audio Device Output Speaker Info:
[2020.03.11-21.32.29:298][  0]LogAudioMixer: Display: Name: Sluchátko u sluchátek s mikrofonem (HyperX Virtual Surround Sound)
[2020.03.11-21.32.29:298][  0]LogAudioMixer: Display: Is Default: Yes
[2020.03.11-21.32.29:298][  0]LogAudioMixer: Display: Sample Rate: 48000
[2020.03.11-21.32.29:298][  0]LogAudioMixer: Display: Channel Count Used: 2
[2020.03.11-21.32.29:298][  0]LogAudioMixer: Display: Device Channel Count: 2
[2020.03.11-21.32.29:298][  0]LogAudioMixer: Display: Channel Order:
[2020.03.11-21.32.29:298][  0]LogAudioMixer: Display: 0: FrontLeft
[2020.03.11-21.32.29:298][  0]LogAudioMixer: Display: 1: FrontRight
[2020.03.11-21.32.29:331][  0]LogAudioMixer: Display: Using Audio Device Sluchátko u sluchátek s mikrofonem (HyperX Virtual Surround Sound)
[2020.03.11-21.32.29:359][  0]LogInit: FAudioDevice initialized.
[2020.03.11-21.32.29:359][  0]LogNetVersion: Set ProjectVersion to 1.0.0.0. Version Checksum will be recalculated on next use.
[2020.03.11-21.32.29:374][  0]LogDerivedDataCache: Error: Could not save memory cache C:/Users/kubik/AppData/Local/UnrealEngine/4.24/DerivedDataCache/Boot.ddc.
[2020.03.11-21.32.29:374][  0]LogInit: Texture streaming: Enabled
[2020.03.11-21.32.29:558][  0]LogEngineSessionManager: EngineSessionManager initialized
[2020.03.11-21.32.29:563][  0]LogEditorSessionSummary: Verbose: Initializing EditorSessionSummaryWriter for editor session tracking
[2020.03.11-21.32.29:570][  0]LogOutputDevice: Warning: 

Script Stack (0 frames):

[2020.03.11-21.32.32:986][  0]LogStats: FPlatformStackWalk::StackWalkAndDump -  3.416 s
[2020.03.11-21.32.32:986][  0]LogOutputDevice: Error: === Handled ensure: ===
[2020.03.11-21.32.32:987][  0]LogOutputDevice: Error: 
[2020.03.11-21.32.32:987][  0]LogOutputDevice: Error: Ensure condition failed: IsLocked() [File:D:/Build/++UE4/Sync/Engine/Source/Developer/EditorAnalyticsSession/Private/EditorAnalyticsSession.cpp] [Line: 279]
[2020.03.11-21.32.32:987][  0]LogOutputDevice: Error: 
[2020.03.11-21.32.32:987][  0]LogOutputDevice: Error: Stack: 
[2020.03.11-21.32.32:987][  0]LogOutputDevice: Error: [Callstack] 0x00007fffe201e629 UE4Editor-EditorAnalyticsSession.dll!UnknownFunction []
[2020.03.11-21.32.32:987][  0]LogOutputDevice: Error: [Callstack] 0x00007fffe2019835 UE4Editor-EditorAnalyticsSession.dll!UnknownFunction []
[2020.03.11-21.32.32:987][  0]LogOutputDevice: Error: [Callstack] 0x00007fff8d838407 UE4Editor-Engine.dll!UnknownFunction []
[2020.03.11-21.32.32:987][  0]LogOutputDevice: Error: [Callstack] 0x00007fff8e360f9b UE4Editor-Engine.dll!UnknownFunction []
[2020.03.11-21.32.32:987][  0]LogOutputDevice: Error: [Callstack] 0x00007fffcf0a9ccd UE4Editor-UnrealEd.dll!UnknownFunction []
[2020.03.11-21.32.32:987][  0]LogOutputDevice: Error: [Callstack] 0x00007fffcf0a91f3 UE4Editor-UnrealEd.dll!UnknownFunction []
[2020.03.11-21.32.32:987][  0]LogOutputDevice: Error: [Callstack] 0x00007fffcf8ef210 UE4Editor-UnrealEd.dll!UnknownFunction []
[2020.03.11-21.32.32:987][  0]LogOutputDevice: Error: [Callstack] 0x00007ff73d382c2d UE4Editor.exe!UnknownFunction []
[2020.03.11-21.32.32:987][  0]LogOutputDevice: Error: [Callstack] 0x00007fffcf8bca07 UE4Editor-UnrealEd.dll!UnknownFunction []
[2020.03.11-21.32.32:987][  0]LogOutputDevice: Error: [Callstack] 0x00007ff73d39c260 UE4Editor.exe!UnknownFunction []
[2020.03.11-21.32.32:987][  0]LogOutputDevice: Error: [Callstack] 0x00007ff73d39c4ca UE4Editor.exe!UnknownFunction []
[2020.03.11-21.32.32:987][  0]LogOutputDevice: Error: [Callstack] 0x00007ff73d3aceae UE4Editor.exe!UnknownFunction []
[2020.03.11-21.32.32:987][  0]LogOutputDevice: Error: [Callstack] 0x00007ff73d3afcbe UE4Editor.exe!UnknownFunction []
[2020.03.11-21.32.32:987][  0]LogOutputDevice: Error: [Callstack] 0x00007fffea1d7bd4 KERNEL32.DLL!UnknownFunction []
[2020.03.11-21.32.32:987][  0]LogOutputDevice: Error: [Callstack] 0x00007fffeb00ced1 ntdll.dll!UnknownFunction []
[2020.03.11-21.32.32:987][  0]LogOutputDevice: Error: 
[2020.03.11-21.32.33:066][  0]LogStats:                SubmitErrorReport -  0.000 s
[2020.03.11-21.32.46:448][  0]LogStats:                    SendNewReport - 13.382 s
[2020.03.11-21.32.46:448][  0]LogStats:             FDebug::EnsureFailed - 16.878 s
[2020.03.11-21.32.46:509][  0]LogInit: Transaction tracking system initialized
[2020.03.11-21.32.46:523][  0]BlueprintLog: New page: Editor Load
[2020.03.11-21.32.46:569][  0]LocalizationService: Localization service is disabled
[2020.03.11-21.32.46:990][  0]LogFileCache: Scanning file cache for directory 'E:/Users/kubik/Documents/GitHub/Shadow_OPS/Shadow_OPS/Content/' took 0.00s
[2020.03.11-21.32.46:990][  0]LogCook: Display: Max memory allowance for cook 16384mb min free memory 0mb
[2020.03.11-21.32.46:990][  0]LogCook: Display: Mobile HDR setting 1
[2020.03.11-21.32.47:945][  0]SourceControl: Source control is disabled
[2020.03.11-21.32.47:945][  0]Cmd: MAP LOAD FILE="../../../../../../Users/kubik/Documents/GitHub/Shadow_OPS/Shadow_OPS/Content/FirstPersonBP/Maps/FirstPersonExampleMap.umap" TEMPLATE=0 SHOWPROGRESS=1 FEATURELEVEL=3
[2020.03.11-21.32.47:946][  0]LogEditorServer: Warning: Can't find file '../../../../../../Users/kubik/Documents/GitHub/Shadow_OPS/Shadow_OPS/Content/FirstPersonBP/Maps/FirstPersonExampleMap.umap'
[2020.03.11-21.32.47:946][  0]Cmd: MAP CHECKDEP NOCLEARLOG
[2020.03.11-21.32.47:946][  0]MapCheck: Map check complete: 0 Error(s), 0 Warning(s), took 0,231ms to complete.
[2020.03.11-21.32.47:946][  0]LogFileHelpers: Loading map 'FirstPersonExampleMap' took 0.001
[2020.03.11-21.32.48:107][  0]LogSlate: Updating window title bar state: overlay mode, drag disabled, window buttons hidden, title bar hidden
[2020.03.11-21.32.48:121][  0]LogSlate: Updating window title bar state: overlay mode, drag disabled, window buttons hidden, title bar hidden
[2020.03.11-21.32.48:136][  0]LogSlate: Updating window title bar state: overlay mode, drag disabled, window buttons hidden, title bar hidden
[2020.03.11-21.32.48:152][  0]LogSlate: Updating window title bar state: overlay mode, drag disabled, window buttons hidden, title bar hidden
[2020.03.11-21.32.48:155][  0]LogCollectionManager: Loaded 0 collections in 0.000811 seconds
[2020.03.11-21.32.48:177][  0]LogFileCache: Scanning file cache for directory 'E:/Users/kubik/Documents/GitHub/Shadow_OPS/Shadow_OPS/Saved/Collections/' took 0.00s
[2020.03.11-21.32.48:177][  0]LogFileCache: Scanning file cache for directory 'E:/Users/kubik/Documents/GitHub/Shadow_OPS/Shadow_OPS/Content/Developers/kubik/Collections/' took 0.00s
[2020.03.11-21.32.48:177][  0]LogFileCache: Scanning file cache for directory 'E:/Users/kubik/Documents/GitHub/Shadow_OPS/Shadow_OPS/Content/Collections/' took 0.00s
[2020.03.11-21.32.48:177][  0]LogContentBrowser: Native class hierarchy populated in 0.0167 seconds. Added 3015 classes and 717 folders.
[2020.03.11-21.32.48:180][  0]LogContentBrowser: Native class hierarchy updated for 'WidgetCarousel' in 0.0003 seconds. Added 0 classes and 0 folders.
[2020.03.11-21.32.48:238][  0]LogContentBrowser: Native class hierarchy updated for 'AddContentDialog' in 0.0004 seconds. Added 0 classes and 0 folders.
[2020.03.11-21.32.48:245][  0]LogContentBrowser: Native class hierarchy updated for 'SceneOutliner' in 0.0004 seconds. Added 2 classes and 3 folders.
[2020.03.11-21.32.48:309][  0]LogSlate: Took 0.000282 seconds to synchronously load lazily loaded font '../../../Engine/Content/Slate/Fonts/Roboto-Regular.ttf' (155K)
[2020.03.11-21.32.48:312][  0]LogSlate: Took 0.000364 seconds to synchronously load lazily loaded font '../../../Engine/Content/Slate/Fonts/Roboto-Bold.ttf' (160K)
[2020.03.11-21.32.48:362][  0]LogSlate: Took 0.007658 seconds to synchronously load lazily loaded font '../../../Engine/Content/Editor/Slate/Fonts/FontAwesome.ttf' (139K)
[2020.03.11-21.32.49:829][  0]LogRenderer: Reallocating scene render targets to support 1208x580 Format 10 NumSamples 1 (Frame:1).
[2020.03.11-21.32.51:264][  0]LogContentBrowser: Native class hierarchy updated for 'HierarchicalLODOutliner' in 0.0003 seconds. Added 0 classes and 0 folders.
[2020.03.11-21.32.51:264][  0]LogLoad: (Engine Initialization) Total time: 91.63 seconds
[2020.03.11-21.32.51:264][  0]LogLoad: (Engine Initialization) Total Blueprint compile time: 0.00 seconds
[2020.03.11-21.32.51:510][  0]LogContentStreaming: Texture pool size now 1000 MB
[2020.03.11-21.32.51:514][  0]LogTemp: Resetting audio stream to device id 
[2020.03.11-21.32.51:543][  0]LogAudioMixer: Display: Audio Device Output Speaker Info:
[2020.03.11-21.32.51:543][  0]LogAudioMixer: Display: Name: Sluchátko u sluchátek s mikrofonem (HyperX Virtual Surround Sound)
[2020.03.11-21.32.51:543][  0]LogAudioMixer: Display: Is Default: Yes
[2020.03.11-21.32.51:543][  0]LogAudioMixer: Display: Sample Rate: 48000
[2020.03.11-21.32.51:544][  0]LogAudioMixer: Display: Channel Count Used: 2
[2020.03.11-21.32.51:544][  0]LogAudioMixer: Display: Device Channel Count: 2
[2020.03.11-21.32.51:544][  0]LogAudioMixer: Display: Channel Order:
[2020.03.11-21.32.51:544][  0]LogAudioMixer: Display: 0: FrontLeft
[2020.03.11-21.32.51:544][  0]LogAudioMixer: Display: 1: FrontRight
[2020.03.11-21.32.54:302][ 25]LogSlate: Took 0.012601 seconds to synchronously load lazily loaded font '../../../Engine/Content/Slate/Fonts/Roboto-Light.ttf' (167K)
[2020.03.11-21.32.54:817][ 28]LogAssetRegistry: Asset discovery search completed in 51.1534 seconds
[2020.03.11-21.32.54:824][ 28]LogCollectionManager: Fixed up redirectors for 0 collections in 0.000015 seconds (updated 0 objects)
[2020.03.11-21.33.42:494][641]LogSlate: Took 0.000228 seconds to synchronously load lazily loaded font '../../../Engine/Content/Slate/Fonts/Roboto-Light.ttf' (167K)
[2020.03.11-21.33.43:604][641]LogAIModule: Creating AISystem for world def_map
[2020.03.11-21.33.43:779][641]LogAssetEditorSubsystem: Opening Asset editor for World /Game/FirstPersonBP/Maps/def_map.def_map
[2020.03.11-21.33.43:922][641]LogUObjectHash: Compacting FUObjectHashTables data took   2.27ms
[2020.03.11-21.33.43:942][641]Cmd: MAP LOAD FILE="../../../../../../Users/kubik/Documents/GitHub/Shadow_OPS/Shadow_OPS/Content/FirstPersonBP/Maps/def_map.umap" TEMPLATE=0 SHOWPROGRESS=1 FEATURELEVEL=3
[2020.03.11-21.33.43:944][641]LightingResults: New page: Lighting Build
[2020.03.11-21.33.43:962][641]LogContentBrowser: Native class hierarchy updated for 'StatsViewer' in 0.0003 seconds. Added 5 classes and 0 folders.
[2020.03.11-21.33.43:963][641]LoadErrors: New page: Loading map: def_map.umap
[2020.03.11-21.33.43:963][641]LogWorld: UWorld::CleanupWorld for Untitled, bSessionEnded=true, bCleanupResources=true
[2020.03.11-21.33.43:963][641]LogSlate: InvalidateAllWidgets triggered.  All widgets were invalidated
[2020.03.11-21.33.43:963][641]MapCheck: New page: Map Check
[2020.03.11-21.33.43:963][641]LightingResults: New page: Lighting Build
[2020.03.11-21.33.43:994][641]LogUObjectHash: Compacting FUObjectHashTables data took   1.88ms
[2020.03.11-21.33.44:221][641]LogEditorServer: Finished looking for orphan Actors (0.000 secs)
[2020.03.11-21.33.44:286][641]LogUObjectHash: Compacting FUObjectHashTables data took   1.62ms
[2020.03.11-21.33.44:308][641]Cmd: MAP CHECKDEP NOCLEARLOG
[2020.03.11-21.33.44:308][641]MapCheck: Map check complete: 0 Error(s), 0 Warning(s), took 0,148ms to complete.
[2020.03.11-21.33.44:308][641]LogFileHelpers: Loading map 'def_map' took 0.383
[2020.03.11-21.33.46:221][737]LogTemp: Repeating last play command: Selected Viewport
[2020.03.11-21.33.46:292][737]LogPlayLevel: PlayLevel: No blueprints needed recompiling
[2020.03.11-21.33.46:300][737]PIE: New page: PIE session: def_map (11. 3. 2020 23:33:46)
[2020.03.11-21.33.46:302][737]LogOnline: OSS: Creating online subsystem instance for: NULL
[2020.03.11-21.33.46:314][737]LogOnline: OSS: TryLoadSubsystemAndSetDefault: Loaded subsystem for module [NULL]
[2020.03.11-21.33.46:315][737]LogPlayLevel: Creating play world package: /Game/FirstPersonBP/Maps/UEDPIE_0_def_map
[2020.03.11-21.33.46:409][737]LogPlayLevel: PIE: StaticDuplicateObject took: (0.093709s)
[2020.03.11-21.33.46:410][737]LogAIModule: Creating AISystem for world def_map
[2020.03.11-21.33.46:411][737]LogPlayLevel: PIE: World Init took: (0.001919s)
[2020.03.11-21.33.46:411][737]LogPlayLevel: PIE: Created PIE world by copying editor world from /Game/FirstPersonBP/Maps/def_map.def_map to /Game/FirstPersonBP/Maps/UEDPIE_0_def_map.def_map (0.095987s)
[2020.03.11-21.33.46:439][737]LogUObjectHash: Compacting FUObjectHashTables data took   1.78ms
[2020.03.11-21.33.46:716][737]LogAudioMixer: Display: Audio Mixer Platform Settings:
[2020.03.11-21.33.46:716][737]LogAudioMixer: Display: 	Sample Rate:						  48000
[2020.03.11-21.33.46:716][737]LogAudioMixer: Display: 	Callback Buffer Frame Size Requested: 1024
[2020.03.11-21.33.46:716][737]LogAudioMixer: Display: 	Callback Buffer Frame Size To Use:	  1024
[2020.03.11-21.33.46:716][737]LogAudioMixer: Display: 	Number of buffers to queue:			  2
[2020.03.11-21.33.46:716][737]LogAudioMixer: Display: 	Max Channels (voices):				  32
[2020.03.11-21.33.46:716][737]LogAudioMixer: Display: 	Number of Async Source Workers:		  0
[2020.03.11-21.33.46:716][737]LogAudio: Display: AudioDevice MaxSources: 32
[2020.03.11-21.33.46:717][737]LogAudio: Display: Using built-in audio occlusion.
[2020.03.11-21.33.46:717][737]LogAudioMixer: Display: Initializing audio mixer.
[2020.03.11-21.33.46:735][737]LogAudioMixer: Display: Audio Device Output Speaker Info:
[2020.03.11-21.33.46:735][737]LogAudioMixer: Display: Name: Sluchátko u sluchátek s mikrofonem (HyperX Virtual Surround Sound)
[2020.03.11-21.33.46:735][737]LogAudioMixer: Display: Is Default: Yes
[2020.03.11-21.33.46:735][737]LogAudioMixer: Display: Sample Rate: 48000
[2020.03.11-21.33.46:735][737]LogAudioMixer: Display: Channel Count Used: 2
[2020.03.11-21.33.46:735][737]LogAudioMixer: Display: Device Channel Count: 2
[2020.03.11-21.33.46:735][737]LogAudioMixer: Display: Channel Order:
[2020.03.11-21.33.46:735][737]LogAudioMixer: Display: 0: FrontLeft
[2020.03.11-21.33.46:735][737]LogAudioMixer: Display: 1: FrontRight
[2020.03.11-21.33.46:751][737]LogAudioMixer: Display: Using Audio Device Sluchátko u sluchátek s mikrofonem (HyperX Virtual Surround Sound)
[2020.03.11-21.33.46:753][737]LogInit: FAudioDevice initialized.
[2020.03.11-21.33.48:216][737]LogLoad: Game class is 'FirstPersonGameMode_C'
[2020.03.11-21.33.48:246][737]LogWorld: Bringing World /Game/FirstPersonBP/Maps/UEDPIE_0_def_map.def_map up for play (max tick rate 60) at 2020.03.11-22.33.48
[2020.03.11-21.33.48:246][737]LogWorld: Bringing up level for play took: 0.008686
[2020.03.11-21.33.48:246][737]LogOnline: OSS: Creating online subsystem instance for: :Context_1
[2020.03.11-21.33.48:328][737]LogContentBrowser: Native class hierarchy updated for 'MovieSceneCapture' in 0.0003 seconds. Added 20 classes and 0 folders.
[2020.03.11-21.33.48:539][737]PIE: Play in editor start time for /Game/FirstPersonBP/Maps/UEDPIE_0_def_map 1,465
[2020.03.11-21.33.51:345][884]LogEditorSessionSummary: Verbose: Initializing EditorSessionSummaryWriter for editor session tracking
[2020.03.11-21.33.51:348][884]LogEditorSessionSummary: EditorSessionSummaryWriter initialized
[2020.03.11-21.34.03:670][621]LogAudioMixer: Display: No commands were queued while flushing the source manager.
[2020.03.11-21.34.03:670][621]LogAudioMixer: Display: No commands were queued while flushing the source manager.
[2020.03.11-21.34.03:757][621]LogSlate: Updating window title bar state: overlay mode, drag disabled, window buttons hidden, title bar hidden
[2020.03.11-21.34.03:757][621]LogWorld: BeginTearingDown for /Game/FirstPersonBP/Maps/UEDPIE_0_def_map
[2020.03.11-21.34.03:757][621]LogAudioMixer: Display: No commands were queued while flushing the source manager.
[2020.03.11-21.34.03:757][621]LogWorld: UWorld::CleanupWorld for def_map, bSessionEnded=true, bCleanupResources=true
[2020.03.11-21.34.03:758][621]LogSlate: InvalidateAllWidgets triggered.  All widgets were invalidated
[2020.03.11-21.34.03:766][621]LogPlayLevel: Display: Shutting down PIE online subsystems
[2020.03.11-21.34.03:774][621]LogSlate: InvalidateAllWidgets triggered.  All widgets were invalidated
[2020.03.11-21.34.03:804][621]LogAudioMixer: Display: No commands were queued while flushing the source manager.
[2020.03.11-21.34.03:809][621]LogSlate: Updating window title bar state: overlay mode, drag disabled, window buttons hidden, title bar hidden
[2020.03.11-21.34.03:826][621]LogUObjectHash: Compacting FUObjectHashTables data took   2.48ms
[2020.03.11-21.34.03:852][622]LogPlayLevel: Display: Destroying online subsystem :Context_1
