Log file open, 03/12/20 19:03:34
LogWindows: Failed to load 'aqProf.dll' (GetLastError=126)
LogWindows: File 'aqProf.dll' does not exist
LogWindows: Failed to load 'VtuneApi.dll' (GetLastError=126)
LogWindows: File 'VtuneApi.dll' does not exist
LogWindows: Failed to load 'VtuneApi32e.dll' (GetLastError=126)
LogWindows: File 'VtuneApi32e.dll' does not exist
LogConsoleResponse: Display: Failed to find resolution value strings in scalability ini. Falling back to default.
LogInit: Display: Running engine for game: Shadow_OPS
LogPlatformFile: Not using cached read wrapper
LogTaskGraph: Started task graph with 5 named threads and 23 total threads with 3 sets of task threads.
LogStats: Stats thread started at 0.122610
LogD3D11RHI: Loaded GFSDK_Aftermath_Lib.x64.dll
LogICUInternationalization: ICU TimeZone Detection - Raw Offset: +1:00, Platform Override: ''
LogPluginManager: Mounting plugin Paper2D
LogPluginManager: Mounting plugin AISupport
LogPluginManager: Mounting plugin LightPropagationVolume
LogPluginManager: Mounting plugin ActorLayerUtilities
LogPluginManager: Mounting plugin AnimationSharing
LogPluginManager: Mounting plugin CLionSourceCodeAccess
LogPluginManager: Mounting plugin CodeLiteSourceCodeAccess
LogPluginManager: Mounting plugin GitSourceControl
LogPluginManager: Mounting plugin KDevelopSourceCodeAccess
LogPluginManager: Mounting plugin NullSourceCodeAccess
LogPluginManager: Mounting plugin PerforceSourceControl
LogPluginManager: Mounting plugin PlasticSourceControl
LogPluginManager: Mounting plugin SubversionSourceControl
LogPluginManager: Mounting plugin UObjectPlugin
LogPluginManager: Mounting plugin VisualStudioCodeSourceCodeAccess
LogPluginManager: Mounting plugin VisualStudioSourceCodeAccess
LogPluginManager: Mounting plugin XCodeSourceCodeAccess
LogPluginManager: Mounting plugin AssetManagerEditor
LogPluginManager: Mounting plugin CryptoKeys
LogPluginManager: Mounting plugin CurveEditorTools
LogPluginManager: Mounting plugin DataValidation
LogPluginManager: Mounting plugin FacialAnimation
LogPluginManager: Mounting plugin GameplayTagsEditor
LogPluginManager: Mounting plugin MacGraphicsSwitching
LogPluginManager: Mounting plugin MaterialAnalyzer
LogPluginManager: Mounting plugin MobileLauncherProfileWizard
LogPluginManager: Mounting plugin PluginBrowser
LogPluginManager: Mounting plugin SpeedTreeImporter
LogPluginManager: Mounting plugin DatasmithContent
LogPluginManager: Mounting plugin VariantManagerContent
LogPluginManager: Mounting plugin AlembicImporter
LogPluginManager: Mounting plugin AutomationUtils
LogPluginManager: Mounting plugin BackChannel
LogPluginManager: Mounting plugin CharacterAI
LogPluginManager: Mounting plugin GeometryCache
LogPluginManager: Mounting plugin PlatformCrypto
LogPluginManager: Mounting plugin ProxyLODPlugin
LogPluginManager: Mounting plugin SkeletalReduction
LogPluginManager: Mounting plugin MagicLeap
LogPluginManager: Mounting plugin MagicLeapMedia
LogPluginManager: Mounting plugin MLSDK
LogPluginManager: Mounting plugin AndroidMedia
LogPluginManager: Mounting plugin AvfMedia
LogPluginManager: Mounting plugin ImgMedia
LogPluginManager: Mounting plugin MediaCompositing
LogPluginManager: Mounting plugin MediaPlayerEditor
LogPluginManager: Mounting plugin WebMMedia
LogPluginManager: Mounting plugin WmfMedia
LogPluginManager: Mounting plugin TcpMessaging
LogPluginManager: Mounting plugin UdpMessaging
LogPluginManager: Mounting plugin ActorSequence
LogPluginManager: Mounting plugin LevelSequenceEditor
LogPluginManager: Mounting plugin MatineeToLevelSequence
LogPluginManager: Mounting plugin NetcodeUnitTest
LogPluginManager: Mounting plugin NUTUnrealEngine4
LogPluginManager: Mounting plugin OnlineSubsystemGooglePlay
LogPluginManager: Mounting plugin OnlineSubsystemIOS
LogPluginManager: Mounting plugin OnlineSubsystem
LogPluginManager: Mounting plugin OnlineSubsystemNull
LogPluginManager: Mounting plugin OnlineSubsystemUtils
LogPluginManager: Mounting plugin LauncherChunkInstaller
LogPluginManager: Mounting plugin AndroidDeviceProfileSelector
LogPluginManager: Mounting plugin AndroidMoviePlayer
LogPluginManager: Mounting plugin AndroidPermission
LogPluginManager: Mounting plugin AppleImageUtils
LogPluginManager: Mounting plugin AppleMoviePlayer
LogPluginManager: Mounting plugin ArchVisCharacter
LogPluginManager: Mounting plugin AssetTags
LogPluginManager: Mounting plugin AudioCapture
LogPluginManager: Mounting plugin CableComponent
LogPluginManager: Mounting plugin CustomMeshComponent
LogPluginManager: Mounting plugin EditableMesh
LogPluginManager: Mounting plugin ExampleDeviceProfileSelector
LogPluginManager: Mounting plugin GoogleCloudMessaging
LogPluginManager: Mounting plugin IOSDeviceProfileSelector
LogPluginManager: Mounting plugin LinuxDeviceProfileSelector
LogPluginManager: Mounting plugin LocationServicesBPLibrary
LogPluginManager: Mounting plugin MobilePatchingUtils
LogPluginManager: Mounting plugin OculusVR
LogPluginManager: Mounting plugin PhysXVehicles
LogPluginManager: Mounting plugin PostSplashScreen
LogPluginManager: Mounting plugin ProceduralMeshComponent
LogPluginManager: Mounting plugin RuntimePhysXCooking
LogPluginManager: Mounting plugin SignificanceManager
LogPluginManager: Mounting plugin SteamVR
LogPluginManager: Mounting plugin WebMMoviePlayer
LogPluginManager: Mounting plugin WindowsMoviePlayer
LogPluginManager: Mounting plugin ScreenshotTools
LogInit: Using libcurl 7.55.1-DEV
LogInit:  - built for x86_64-pc-win32
LogInit:  - supports SSL with OpenSSL/1.1.1
LogInit:  - supports HTTP deflate (compression) using libz 1.2.8
LogInit:  - other features:
LogInit:      CURL_VERSION_SSL
LogInit:      CURL_VERSION_LIBZ
LogInit:      CURL_VERSION_IPV6
LogInit:      CURL_VERSION_ASYNCHDNS
LogInit:      CURL_VERSION_LARGEFILE
LogInit:      CURL_VERSION_IDN
LogInit:  CurlRequestOptions (configurable via config and command line):
LogInit:  - bVerifyPeer = true  - Libcurl will verify peer certificate
LogInit:  - bUseHttpProxy = false  - Libcurl will NOT use HTTP proxy
LogInit:  - bDontReuseConnections = false  - Libcurl will reuse connections
LogInit:  - MaxHostConnections = 16  - Libcurl will limit the number of connections to a host
LogInit:  - LocalHostAddr = Default
LogInit:  - BufferSize = 65536
LogOnline: OSS: Creating online subsystem instance for: NULL
LogInit: WinSock: version 1.1 (2.2), MaxSocks=32767, MaxUdp=65467
LogOnline: OSS: TryLoadSubsystemAndSetDefault: Loaded subsystem for module [NULL]
LogInit: Build: ++UE4+Release-4.24-CL-11590370
LogInit: Engine Version: 4.24.3-11590370+++UE4+Release-4.24
LogInit: Compatible Engine Version: 4.24.0-10570792+++UE4+Release-4.24
LogInit: Net CL: 10570792
LogInit: OS: Windows 10 (Release 1909) (), CPU:       Intel(R) Xeon(R) CPU E5-1620 v2 @ 3.70GHz, GPU: AMD FirePro D300 (FireGL V)
LogInit: Compiled (64-bit): Feb 24 2020 15:39:18
LogInit: Compiled with Visual C++: 19.16.27032.01
LogInit: Build Configuration: Development
LogInit: Branch Name: ++UE4+Release-4.24
LogInit: Command Line:  -EpicPortal -epicusername=Tlapka06 -epicuserid=fb03a0834b5e4aacade8193c853a83de -epiclocale=en
LogInit: Base Directory: D:/Apps/UE_4.24/Engine/Binaries/Win64/
LogInit: Installed Engine Build: 1
LogDevObjectVersion: Number of dev versions registered: 25
LogDevObjectVersion:   Dev-Blueprints (B0D832E4-1F89-4F0D-ACCF-7EB736FD4AA2): 10
LogDevObjectVersion:   Dev-Build (E1C64328-A22C-4D53-A36C-8E866417BD8C): 0
LogDevObjectVersion:   Dev-Core (375EC13C-06E4-48FB-B500-84F0262A717E): 3
LogDevObjectVersion:   Dev-Editor (E4B068ED-F494-42E9-A231-DA0B2E46BB41): 37
LogDevObjectVersion:   Dev-Framework (CFFC743F-43B0-4480-9391-14DF171D2073): 36
LogDevObjectVersion:   Dev-Mobile (B02B49B5-BB20-44E9-A304-32B752E40360): 2
LogDevObjectVersion:   Dev-Networking (A4E4105C-59A1-49B5-A7C5-40C4547EDFEE): 0
LogDevObjectVersion:   Dev-Online (39C831C9-5AE6-47DC-9A44-9C173E1C8E7C): 0
LogDevObjectVersion:   Dev-Physics (78F01B33-EBEA-4F98-B9B4-84EACCB95AA2): 2
LogDevObjectVersion:   Dev-Platform (6631380F-2D4D-43E0-8009-CF276956A95A): 0
LogDevObjectVersion:   Dev-Rendering (12F88B9F-8875-4AFC-A67C-D90C383ABD29): 36
LogDevObjectVersion:   Dev-Sequencer (7B5AE74C-D270-4C10-A958-57980B212A5A): 11
LogDevObjectVersion:   Dev-VR (D7296918-1DD6-4BDD-9DE2-64A83CC13884): 2
LogDevObjectVersion:   Dev-LoadTimes (C2A15278-BFE7-4AFE-6C17-90FF531DF755): 1
LogDevObjectVersion:   Private-Geometry (6EACA3D4-40EC-4CC1-B786-8BED09428FC5): 3
LogDevObjectVersion:   Dev-AnimPhys (29E575DD-E0A3-4627-9D10-D276232CDCEA): 17
LogDevObjectVersion:   Dev-Anim (AF43A65D-7FD3-4947-9873-3E8ED9C1BB05): 2
LogDevObjectVersion:   Dev-ReflectionCapture (6B266CEC-1EC7-4B8F-A30B-E4D90942FC07): 1
LogDevObjectVersion:   Dev-Automation (0DF73D61-A23F-47EA-B727-89E90C41499A): 1
LogDevObjectVersion:   FortniteMain (601D1886-AC64-4F84-AA16-D3DE0DEAC7D6): 31
LogDevObjectVersion:   Dev-Enterprise (9DFFBCD6-494F-0158-E221-12823C92A888): 8
LogDevObjectVersion:   Dev-Niagara (F2AED0AC-9AFE-416F-8664-AA7FFA26D6FC): 1
LogDevObjectVersion:   Dev-Destruction (174F1F0B-B4C6-45A5-B13F-2EE8D0FB917D): 9
LogDevObjectVersion:   Dev-Physics-Ext (35F94A83-E258-406C-A318-09F59610247C): 8
LogDevObjectVersion:   Dev-CineCamera (B2E18506-4273-CFC2-A54E-F4BB758BBA07): 1
LogInit: Presizing for max 25165824 objects, including 0 objects not considered by GC, pre-allocating 0 bytes for permanent pool.
LogInit: Object subsystem initialized
LogConfig: Setting CVar [[con.DebugEarlyDefault:1]]
LogConfig: Setting CVar [[r.setres:1280x720]]
[2020.03.12-18.03.35:060][  0]LogConfig: Setting CVar [[r.VSync:0]]
[2020.03.12-18.03.35:060][  0]LogConfig: Setting CVar [[r.RHICmdBypass:0]]
[2020.03.12-18.03.35:060][  0]LogConfig: Applying CVar settings from Section [/Script/Engine.RendererSettings] File [D:/UEProjects/Shadow_OPS/Shadow_OPS/Saved/Config/Windows/Engine.ini]
[2020.03.12-18.03.35:060][  0]LogConfig: Setting CVar [[r.GPUCrashDebugging:0]]
[2020.03.12-18.03.35:060][  0]LogConfig: Applying CVar settings from Section [/Script/Engine.RendererOverrideSettings] File [D:/UEProjects/Shadow_OPS/Shadow_OPS/Saved/Config/Windows/Engine.ini]
[2020.03.12-18.03.35:060][  0]LogConfig: Applying CVar settings from Section [/Script/Engine.StreamingSettings] File [D:/UEProjects/Shadow_OPS/Shadow_OPS/Saved/Config/Windows/Engine.ini]
[2020.03.12-18.03.35:060][  0]LogConfig: Setting CVar [[s.MinBulkDataSizeForAsyncLoading:131072]]
[2020.03.12-18.03.35:060][  0]LogConfig: Setting CVar [[s.AsyncLoadingThreadEnabled:0]]
[2020.03.12-18.03.35:060][  0]LogConfig: Setting CVar [[s.EventDrivenLoaderEnabled:1]]
[2020.03.12-18.03.35:060][  0]LogConfig: Setting CVar [[s.WarnIfTimeLimitExceeded:0]]
[2020.03.12-18.03.35:060][  0]LogConfig: Setting CVar [[s.TimeLimitExceededMultiplier:1.5]]
[2020.03.12-18.03.35:060][  0]LogConfig: Setting CVar [[s.TimeLimitExceededMinTime:0.005]]
[2020.03.12-18.03.35:060][  0]LogConfig: Setting CVar [[s.UseBackgroundLevelStreaming:1]]
[2020.03.12-18.03.35:061][  0]LogConfig: Setting CVar [[s.PriorityAsyncLoadingExtraTime:15.0]]
[2020.03.12-18.03.35:061][  0]LogConfig: Setting CVar [[s.LevelStreamingActorsUpdateTimeLimit:5.0]]
[2020.03.12-18.03.35:061][  0]LogConfig: Setting CVar [[s.PriorityLevelStreamingActorsUpdateExtraTime:5.0]]
[2020.03.12-18.03.35:061][  0]LogConfig: Setting CVar [[s.LevelStreamingComponentsRegistrationGranularity:10]]
[2020.03.12-18.03.35:061][  0]LogConfig: Setting CVar [[s.UnregisterComponentsTimeLimit:1.0]]
[2020.03.12-18.03.35:061][  0]LogConfig: Setting CVar [[s.LevelStreamingComponentsUnregistrationGranularity:5]]
[2020.03.12-18.03.35:061][  0]LogConfig: Setting CVar [[s.FlushStreamingOnExit:1]]
[2020.03.12-18.03.35:061][  0]LogConfig: Applying CVar settings from Section [/Script/Engine.GarbageCollectionSettings] File [D:/UEProjects/Shadow_OPS/Shadow_OPS/Saved/Config/Windows/Engine.ini]
[2020.03.12-18.03.35:061][  0]LogConfig: Setting CVar [[gc.MaxObjectsNotConsideredByGC:1]]
[2020.03.12-18.03.35:061][  0]LogConfig: Setting CVar [[gc.SizeOfPermanentObjectPool:0]]
[2020.03.12-18.03.35:061][  0]LogConfig: Setting CVar [[gc.FlushStreamingOnGC:0]]
[2020.03.12-18.03.35:061][  0]LogConfig: Setting CVar [[gc.NumRetriesBeforeForcingGC:10]]
[2020.03.12-18.03.35:061][  0]LogConfig: Setting CVar [[gc.AllowParallelGC:1]]
[2020.03.12-18.03.35:061][  0]LogConfig: Setting CVar [[gc.TimeBetweenPurgingPendingKillObjects:61.1]]
[2020.03.12-18.03.35:061][  0]LogConfig: Setting CVar [[gc.MaxObjectsInEditor:25165824]]
[2020.03.12-18.03.35:061][  0]LogConfig: Setting CVar [[gc.IncrementalBeginDestroyEnabled:1]]
[2020.03.12-18.03.35:061][  0]LogConfig: Setting CVar [[gc.CreateGCClusters:1]]
[2020.03.12-18.03.35:061][  0]LogConfig: Setting CVar [[gc.MinGCClusterSize:5]]
[2020.03.12-18.03.35:061][  0]LogConfig: Setting CVar [[gc.ActorClusteringEnabled:0]]
[2020.03.12-18.03.35:061][  0]LogConfig: Setting CVar [[gc.BlueprintClusteringEnabled:0]]
[2020.03.12-18.03.35:061][  0]LogConfig: Setting CVar [[gc.UseDisregardForGCOnDedicatedServers:0]]
[2020.03.12-18.03.35:061][  0]LogConfig: Applying CVar settings from Section [/Script/Engine.NetworkSettings] File [D:/UEProjects/Shadow_OPS/Shadow_OPS/Saved/Config/Windows/Engine.ini]
[2020.03.12-18.03.35:061][  0]LogConfig: Applying CVar settings from Section [/Script/UnrealEd.CookerSettings] File [D:/UEProjects/Shadow_OPS/Shadow_OPS/Saved/Config/Windows/Engine.ini]
[2020.03.12-18.03.35:066][  0]LogConfig: Applying CVar settings from Section [ViewDistanceQuality@3] File [D:/UEProjects/Shadow_OPS/Shadow_OPS/Saved/Config/Windows/Scalability.ini]
[2020.03.12-18.03.35:066][  0]LogConfig: Setting CVar [[r.SkeletalMeshLODBias:0]]
[2020.03.12-18.03.35:066][  0]LogConfig: Setting CVar [[r.ViewDistanceScale:1.0]]
[2020.03.12-18.03.35:066][  0]LogConfig: Applying CVar settings from Section [AntiAliasingQuality@3] File [D:/UEProjects/Shadow_OPS/Shadow_OPS/Saved/Config/Windows/Scalability.ini]
[2020.03.12-18.03.35:066][  0]LogConfig: Setting CVar [[r.PostProcessAAQuality:4]]
[2020.03.12-18.03.35:066][  0]LogConfig: Applying CVar settings from Section [ShadowQuality@3] File [D:/UEProjects/Shadow_OPS/Shadow_OPS/Saved/Config/Windows/Scalability.ini]
[2020.03.12-18.03.35:066][  0]LogConfig: Setting CVar [[r.LightFunctionQuality:1]]
[2020.03.12-18.03.35:066][  0]LogConfig: Setting CVar [[r.ShadowQuality:5]]
[2020.03.12-18.03.35:066][  0]LogConfig: Setting CVar [[r.Shadow.CSM.MaxCascades:10]]
[2020.03.12-18.03.35:066][  0]LogConfig: Setting CVar [[r.Shadow.MaxResolution:2048]]
[2020.03.12-18.03.35:066][  0]LogConfig: Setting CVar [[r.Shadow.MaxCSMResolution:2048]]
[2020.03.12-18.03.35:066][  0]LogConfig: Setting CVar [[r.Shadow.RadiusThreshold:0.01]]
[2020.03.12-18.03.35:066][  0]LogConfig: Setting CVar [[r.Shadow.DistanceScale:1.0]]
[2020.03.12-18.03.35:067][  0]LogConfig: Setting CVar [[r.Shadow.CSM.TransitionScale:1.0]]
[2020.03.12-18.03.35:067][  0]LogConfig: Setting CVar [[r.Shadow.PreShadowResolutionFactor:1.0]]
[2020.03.12-18.03.35:067][  0]LogConfig: Setting CVar [[r.DistanceFieldShadowing:1]]
[2020.03.12-18.03.35:067][  0]LogConfig: Setting CVar [[r.DistanceFieldAO:1]]
[2020.03.12-18.03.35:067][  0]LogConfig: Setting CVar [[r.AOQuality:2]]
[2020.03.12-18.03.35:067][  0]LogConfig: Setting CVar [[r.VolumetricFog:1]]
[2020.03.12-18.03.35:067][  0]LogConfig: Setting CVar [[r.VolumetricFog.GridPixelSize:8]]
[2020.03.12-18.03.35:067][  0]LogConfig: Setting CVar [[r.VolumetricFog.GridSizeZ:128]]
[2020.03.12-18.03.35:067][  0]LogConfig: Setting CVar [[r.VolumetricFog.HistoryMissSupersampleCount:4]]
[2020.03.12-18.03.35:067][  0]LogConfig: Setting CVar [[r.LightMaxDrawDistanceScale:1]]
[2020.03.12-18.03.35:067][  0]LogConfig: Setting CVar [[r.CapsuleShadows:1]]
[2020.03.12-18.03.35:067][  0]LogConfig: Applying CVar settings from Section [PostProcessQuality@3] File [D:/UEProjects/Shadow_OPS/Shadow_OPS/Saved/Config/Windows/Scalability.ini]
[2020.03.12-18.03.35:067][  0]LogConfig: Setting CVar [[r.MotionBlurQuality:4]]
[2020.03.12-18.03.35:067][  0]LogConfig: Setting CVar [[r.AmbientOcclusionMipLevelFactor:0.4]]
[2020.03.12-18.03.35:067][  0]LogConfig: Setting CVar [[r.AmbientOcclusionMaxQuality:100]]
[2020.03.12-18.03.35:067][  0]LogConfig: Setting CVar [[r.AmbientOcclusionLevels:-1]]
[2020.03.12-18.03.35:067][  0]LogConfig: Setting CVar [[r.AmbientOcclusionRadiusScale:1.0]]
[2020.03.12-18.03.35:067][  0]LogConfig: Setting CVar [[r.DepthOfFieldQuality:2]]
[2020.03.12-18.03.35:067][  0]LogConfig: Setting CVar [[r.RenderTargetPoolMin:400]]
[2020.03.12-18.03.35:067][  0]LogConfig: Setting CVar [[r.LensFlareQuality:2]]
[2020.03.12-18.03.35:067][  0]LogConfig: Setting CVar [[r.SceneColorFringeQuality:1]]
[2020.03.12-18.03.35:067][  0]LogConfig: Setting CVar [[r.EyeAdaptationQuality:2]]
[2020.03.12-18.03.35:067][  0]LogConfig: Setting CVar [[r.BloomQuality:5]]
[2020.03.12-18.03.35:067][  0]LogConfig: Setting CVar [[r.FastBlurThreshold:100]]
[2020.03.12-18.03.35:067][  0]LogConfig: Setting CVar [[r.Upscale.Quality:3]]
[2020.03.12-18.03.35:067][  0]LogConfig: Setting CVar [[r.Tonemapper.GrainQuantization:1]]
[2020.03.12-18.03.35:067][  0]LogConfig: Setting CVar [[r.LightShaftQuality:1]]
[2020.03.12-18.03.35:067][  0]LogConfig: Setting CVar [[r.Filter.SizeScale:1]]
[2020.03.12-18.03.35:067][  0]LogConfig: Setting CVar [[r.Tonemapper.Quality:5]]
[2020.03.12-18.03.35:067][  0]LogConfig: Setting CVar [[r.DOF.Gather.AccumulatorQuality:1        ; higher gathering accumulator quality]]
[2020.03.12-18.03.35:067][  0]LogConfig: Setting CVar [[r.DOF.Gather.PostfilterMethod:1          ; Median3x3 postfilering method]]
[2020.03.12-18.03.35:067][  0]LogConfig: Setting CVar [[r.DOF.Gather.EnableBokehSettings:0       ; no bokeh simulation when gathering]]
[2020.03.12-18.03.35:067][  0]LogConfig: Setting CVar [[r.DOF.Gather.RingCount:4                 ; medium number of samples when gathering]]
[2020.03.12-18.03.35:067][  0]LogConfig: Setting CVar [[r.DOF.Scatter.ForegroundCompositing:1    ; additive foreground scattering]]
[2020.03.12-18.03.35:067][  0]LogConfig: Setting CVar [[r.DOF.Scatter.BackgroundCompositing:2    ; additive background scattering]]
[2020.03.12-18.03.35:067][  0]LogConfig: Setting CVar [[r.DOF.Scatter.EnableBokehSettings:1      ; bokeh simulation when scattering]]
[2020.03.12-18.03.35:067][  0]LogConfig: Setting CVar [[r.DOF.Scatter.MaxSpriteRatio:0.1         ; only a maximum of 10% of scattered bokeh]]
[2020.03.12-18.03.35:067][  0]LogConfig: Setting CVar [[r.DOF.Recombine.Quality:1                ; cheap slight out of focus]]
[2020.03.12-18.03.35:067][  0]LogConfig: Setting CVar [[r.DOF.Recombine.EnableBokehSettings:0    ; no bokeh simulation on slight out of focus]]
[2020.03.12-18.03.35:067][  0]LogConfig: Setting CVar [[r.DOF.TemporalAAQuality:1                ; more stable temporal accumulation]]
[2020.03.12-18.03.35:067][  0]LogConfig: Setting CVar [[r.DOF.Kernel.MaxForegroundRadius:0.025]]
[2020.03.12-18.03.35:067][  0]LogConfig: Setting CVar [[r.DOF.Kernel.MaxBackgroundRadius:0.025]]
[2020.03.12-18.03.35:067][  0]LogConfig: Applying CVar settings from Section [TextureQuality@3] File [D:/UEProjects/Shadow_OPS/Shadow_OPS/Saved/Config/Windows/Scalability.ini]
[2020.03.12-18.03.35:067][  0]LogConfig: Setting CVar [[r.Streaming.MipBias:0]]
[2020.03.12-18.03.35:067][  0]LogConfig: Setting CVar [[r.Streaming.AmortizeCPUToGPUCopy:0]]
[2020.03.12-18.03.35:067][  0]LogConfig: Setting CVar [[r.Streaming.MaxNumTexturesToStreamPerFrame:0]]
[2020.03.12-18.03.35:067][  0]LogConfig: Setting CVar [[r.Streaming.Boost:1]]
[2020.03.12-18.03.35:067][  0]LogConfig: Setting CVar [[r.MaxAnisotropy:8]]
[2020.03.12-18.03.35:067][  0]LogConfig: Setting CVar [[r.VT.MaxAnisotropy:8]]
[2020.03.12-18.03.35:067][  0]LogConfig: Setting CVar [[r.Streaming.LimitPoolSizeToVRAM:0]]
[2020.03.12-18.03.35:067][  0]LogConfig: Setting CVar [[r.Streaming.PoolSize:1000]]
[2020.03.12-18.03.35:067][  0]LogConfig: Setting CVar [[r.Streaming.MaxEffectiveScreenSize:0]]
[2020.03.12-18.03.35:067][  0]LogConfig: Applying CVar settings from Section [EffectsQuality@3] File [D:/UEProjects/Shadow_OPS/Shadow_OPS/Saved/Config/Windows/Scalability.ini]
[2020.03.12-18.03.35:067][  0]LogConfig: Setting CVar [[r.TranslucencyLightingVolumeDim:64]]
[2020.03.12-18.03.35:067][  0]LogConfig: Setting CVar [[r.RefractionQuality:2]]
[2020.03.12-18.03.35:067][  0]LogConfig: Setting CVar [[r.SSR.Quality:3]]
[2020.03.12-18.03.35:067][  0]LogConfig: Setting CVar [[r.SSR.HalfResSceneColor:0]]
[2020.03.12-18.03.35:067][  0]LogConfig: Setting CVar [[r.SceneColorFormat:4]]
[2020.03.12-18.03.35:067][  0]LogConfig: Setting CVar [[r.DetailMode:2]]
[2020.03.12-18.03.35:067][  0]LogConfig: Setting CVar [[r.TranslucencyVolumeBlur:1]]
[2020.03.12-18.03.35:067][  0]LogConfig: Setting CVar [[r.MaterialQualityLevel:1 ; High quality]]
[2020.03.12-18.03.35:067][  0]LogConfig: Setting CVar [[r.SSS.Scale:1]]
[2020.03.12-18.03.35:067][  0]LogConfig: Setting CVar [[r.SSS.SampleSet:2]]
[2020.03.12-18.03.35:067][  0]LogConfig: Setting CVar [[r.SSS.Quality:1]]
[2020.03.12-18.03.35:068][  0]LogConfig: Setting CVar [[r.SSS.HalfRes:1]]
[2020.03.12-18.03.35:068][  0]LogConfig: Setting CVar [[r.SSGI.Quality:3]]
[2020.03.12-18.03.35:068][  0]LogConfig: Setting CVar [[r.EmitterSpawnRateScale:1.0]]
[2020.03.12-18.03.35:068][  0]LogConfig: Setting CVar [[r.ParticleLightQuality:2]]
[2020.03.12-18.03.35:068][  0]LogConfig: Setting CVar [[r.SkyAtmosphere.AerialPerspectiveLUT.FastApplyOnOpaque:1 ; Always have FastSkyLUT 1 in this case to avoid wrong sky]]
[2020.03.12-18.03.35:068][  0]LogConfig: Setting CVar [[r.SkyAtmosphere.AerialPerspectiveLUT.SampleCountPerSlice:1]]
[2020.03.12-18.03.35:068][  0]LogConfig: Setting CVar [[r.SkyAtmosphere.AerialPerspectiveLUT.DepthResolution:16.0]]
[2020.03.12-18.03.35:068][  0]LogConfig: Setting CVar [[r.SkyAtmosphere.FastSkyLUT:1]]
[2020.03.12-18.03.35:068][  0]LogConfig: Setting CVar [[r.SkyAtmosphere.FastSkyLUT.SampleCountMin:4.0]]
[2020.03.12-18.03.35:068][  0]LogConfig: Setting CVar [[r.SkyAtmosphere.FastSkyLUT.SampleCountMax:32.0]]
[2020.03.12-18.03.35:068][  0]LogConfig: Setting CVar [[r.SkyAtmosphere.SampleCountMin:4.0]]
[2020.03.12-18.03.35:068][  0]LogConfig: Setting CVar [[r.SkyAtmosphere.SampleCountMax:32.0]]
[2020.03.12-18.03.35:068][  0]LogConfig: Setting CVar [[r.SkyAtmosphere.TransmittanceLUT.UseSmallFormat:0]]
[2020.03.12-18.03.35:068][  0]LogConfig: Setting CVar [[r.SkyAtmosphere.TransmittanceLUT.SampleCount:10.0]]
[2020.03.12-18.03.35:068][  0]LogConfig: Setting CVar [[r.SkyAtmosphere.MultiScatteringLUT.SampleCount:15.0]]
[2020.03.12-18.03.35:068][  0]LogConfig: Applying CVar settings from Section [FoliageQuality@3] File [D:/UEProjects/Shadow_OPS/Shadow_OPS/Saved/Config/Windows/Scalability.ini]
[2020.03.12-18.03.35:068][  0]LogConfig: Setting CVar [[foliage.DensityScale:1.0]]
[2020.03.12-18.03.35:068][  0]LogConfig: Setting CVar [[grass.DensityScale:1.0]]
[2020.03.12-18.03.35:068][  0]LogConfig: Applying CVar settings from Section [ShadingQuality@3] File [D:/UEProjects/Shadow_OPS/Shadow_OPS/Saved/Config/Windows/Scalability.ini]
[2020.03.12-18.03.35:068][  0]LogConfig: Setting CVar [[r.HairStrands.SkyLighting.SampleCount:16]]
[2020.03.12-18.03.35:068][  0]LogConfig: Setting CVar [[r.HairStrands.SkyLighting.JitterIntegration:0]]
[2020.03.12-18.03.35:068][  0]LogConfig: Setting CVar [[r.HairStrands.SkyAO.SampleCount:16]]
[2020.03.12-18.03.35:068][  0]LogInit: Selected Device Profile: [Windows]
[2020.03.12-18.03.35:068][  0]LogInit: Applying CVar settings loaded from the selected device profile: [Windows]
[2020.03.12-18.03.35:071][  0]LogHAL: Display: Platform has ~ 12 GB [12854554624 / 17179869184 / 12], which maps to Larger [LargestMinGB=32, LargerMinGB=12, DefaultMinGB=8, SmallerMinGB=6, SmallestMinGB=0)
[2020.03.12-18.03.35:071][  0]LogInit: Going up to parent DeviceProfile []
[2020.03.12-18.03.35:071][  0]LogConfig: Applying CVar settings from Section [ViewDistanceQuality@3] File [D:/UEProjects/Shadow_OPS/Shadow_OPS/Saved/Config/Windows/Scalability.ini]
[2020.03.12-18.03.35:071][  0]LogConfig: Setting CVar [[r.SkeletalMeshLODBias:0]]
[2020.03.12-18.03.35:071][  0]LogConfig: Setting CVar [[r.ViewDistanceScale:1.0]]
[2020.03.12-18.03.35:071][  0]LogConfig: Applying CVar settings from Section [AntiAliasingQuality@3] File [D:/UEProjects/Shadow_OPS/Shadow_OPS/Saved/Config/Windows/Scalability.ini]
[2020.03.12-18.03.35:071][  0]LogConfig: Setting CVar [[r.PostProcessAAQuality:4]]
[2020.03.12-18.03.35:071][  0]LogConfig: Applying CVar settings from Section [ShadowQuality@3] File [D:/UEProjects/Shadow_OPS/Shadow_OPS/Saved/Config/Windows/Scalability.ini]
[2020.03.12-18.03.35:071][  0]LogConfig: Setting CVar [[r.LightFunctionQuality:1]]
[2020.03.12-18.03.35:071][  0]LogConfig: Setting CVar [[r.ShadowQuality:5]]
[2020.03.12-18.03.35:071][  0]LogConfig: Setting CVar [[r.Shadow.CSM.MaxCascades:10]]
[2020.03.12-18.03.35:071][  0]LogConfig: Setting CVar [[r.Shadow.MaxResolution:2048]]
[2020.03.12-18.03.35:071][  0]LogConfig: Setting CVar [[r.Shadow.MaxCSMResolution:2048]]
[2020.03.12-18.03.35:071][  0]LogConfig: Setting CVar [[r.Shadow.RadiusThreshold:0.01]]
[2020.03.12-18.03.35:071][  0]LogConfig: Setting CVar [[r.Shadow.DistanceScale:1.0]]
[2020.03.12-18.03.35:071][  0]LogConfig: Setting CVar [[r.Shadow.CSM.TransitionScale:1.0]]
[2020.03.12-18.03.35:071][  0]LogConfig: Setting CVar [[r.Shadow.PreShadowResolutionFactor:1.0]]
[2020.03.12-18.03.35:071][  0]LogConfig: Setting CVar [[r.DistanceFieldShadowing:1]]
[2020.03.12-18.03.35:071][  0]LogConfig: Setting CVar [[r.DistanceFieldAO:1]]
[2020.03.12-18.03.35:071][  0]LogConfig: Setting CVar [[r.AOQuality:2]]
[2020.03.12-18.03.35:071][  0]LogConfig: Setting CVar [[r.VolumetricFog:1]]
[2020.03.12-18.03.35:071][  0]LogConfig: Setting CVar [[r.VolumetricFog.GridPixelSize:8]]
[2020.03.12-18.03.35:071][  0]LogConfig: Setting CVar [[r.VolumetricFog.GridSizeZ:128]]
[2020.03.12-18.03.35:071][  0]LogConfig: Setting CVar [[r.VolumetricFog.HistoryMissSupersampleCount:4]]
[2020.03.12-18.03.35:071][  0]LogConfig: Setting CVar [[r.LightMaxDrawDistanceScale:1]]
[2020.03.12-18.03.35:071][  0]LogConfig: Setting CVar [[r.CapsuleShadows:1]]
[2020.03.12-18.03.35:071][  0]LogConfig: Applying CVar settings from Section [PostProcessQuality@3] File [D:/UEProjects/Shadow_OPS/Shadow_OPS/Saved/Config/Windows/Scalability.ini]
[2020.03.12-18.03.35:071][  0]LogConfig: Setting CVar [[r.MotionBlurQuality:4]]
[2020.03.12-18.03.35:071][  0]LogConfig: Setting CVar [[r.AmbientOcclusionMipLevelFactor:0.4]]
[2020.03.12-18.03.35:071][  0]LogConfig: Setting CVar [[r.AmbientOcclusionMaxQuality:100]]
[2020.03.12-18.03.35:071][  0]LogConfig: Setting CVar [[r.AmbientOcclusionLevels:-1]]
[2020.03.12-18.03.35:071][  0]LogConfig: Setting CVar [[r.AmbientOcclusionRadiusScale:1.0]]
[2020.03.12-18.03.35:071][  0]LogConfig: Setting CVar [[r.DepthOfFieldQuality:2]]
[2020.03.12-18.03.35:071][  0]LogConfig: Setting CVar [[r.RenderTargetPoolMin:400]]
[2020.03.12-18.03.35:071][  0]LogConfig: Setting CVar [[r.LensFlareQuality:2]]
[2020.03.12-18.03.35:071][  0]LogConfig: Setting CVar [[r.SceneColorFringeQuality:1]]
[2020.03.12-18.03.35:071][  0]LogConfig: Setting CVar [[r.EyeAdaptationQuality:2]]
[2020.03.12-18.03.35:072][  0]LogConfig: Setting CVar [[r.BloomQuality:5]]
[2020.03.12-18.03.35:072][  0]LogConfig: Setting CVar [[r.FastBlurThreshold:100]]
[2020.03.12-18.03.35:072][  0]LogConfig: Setting CVar [[r.Upscale.Quality:3]]
[2020.03.12-18.03.35:072][  0]LogConfig: Setting CVar [[r.Tonemapper.GrainQuantization:1]]
[2020.03.12-18.03.35:072][  0]LogConfig: Setting CVar [[r.LightShaftQuality:1]]
[2020.03.12-18.03.35:072][  0]LogConfig: Setting CVar [[r.Filter.SizeScale:1]]
[2020.03.12-18.03.35:072][  0]LogConfig: Setting CVar [[r.Tonemapper.Quality:5]]
[2020.03.12-18.03.35:072][  0]LogConfig: Setting CVar [[r.DOF.Gather.AccumulatorQuality:1        ; higher gathering accumulator quality]]
[2020.03.12-18.03.35:072][  0]LogConfig: Setting CVar [[r.DOF.Gather.PostfilterMethod:1          ; Median3x3 postfilering method]]
[2020.03.12-18.03.35:072][  0]LogConfig: Setting CVar [[r.DOF.Gather.EnableBokehSettings:0       ; no bokeh simulation when gathering]]
[2020.03.12-18.03.35:072][  0]LogConfig: Setting CVar [[r.DOF.Gather.RingCount:4                 ; medium number of samples when gathering]]
[2020.03.12-18.03.35:072][  0]LogConfig: Setting CVar [[r.DOF.Scatter.ForegroundCompositing:1    ; additive foreground scattering]]
[2020.03.12-18.03.35:072][  0]LogConfig: Setting CVar [[r.DOF.Scatter.BackgroundCompositing:2    ; additive background scattering]]
[2020.03.12-18.03.35:072][  0]LogConfig: Setting CVar [[r.DOF.Scatter.EnableBokehSettings:1      ; bokeh simulation when scattering]]
[2020.03.12-18.03.35:072][  0]LogConfig: Setting CVar [[r.DOF.Scatter.MaxSpriteRatio:0.1         ; only a maximum of 10% of scattered bokeh]]
[2020.03.12-18.03.35:072][  0]LogConfig: Setting CVar [[r.DOF.Recombine.Quality:1                ; cheap slight out of focus]]
[2020.03.12-18.03.35:072][  0]LogConfig: Setting CVar [[r.DOF.Recombine.EnableBokehSettings:0    ; no bokeh simulation on slight out of focus]]
[2020.03.12-18.03.35:072][  0]LogConfig: Setting CVar [[r.DOF.TemporalAAQuality:1                ; more stable temporal accumulation]]
[2020.03.12-18.03.35:072][  0]LogConfig: Setting CVar [[r.DOF.Kernel.MaxForegroundRadius:0.025]]
[2020.03.12-18.03.35:072][  0]LogConfig: Setting CVar [[r.DOF.Kernel.MaxBackgroundRadius:0.025]]
[2020.03.12-18.03.35:072][  0]LogConfig: Applying CVar settings from Section [TextureQuality@3] File [D:/UEProjects/Shadow_OPS/Shadow_OPS/Saved/Config/Windows/Scalability.ini]
[2020.03.12-18.03.35:072][  0]LogConfig: Setting CVar [[r.Streaming.MipBias:0]]
[2020.03.12-18.03.35:072][  0]LogConfig: Setting CVar [[r.Streaming.AmortizeCPUToGPUCopy:0]]
[2020.03.12-18.03.35:072][  0]LogConfig: Setting CVar [[r.Streaming.MaxNumTexturesToStreamPerFrame:0]]
[2020.03.12-18.03.35:072][  0]LogConfig: Setting CVar [[r.Streaming.Boost:1]]
[2020.03.12-18.03.35:072][  0]LogConfig: Setting CVar [[r.MaxAnisotropy:8]]
[2020.03.12-18.03.35:072][  0]LogConfig: Setting CVar [[r.VT.MaxAnisotropy:8]]
[2020.03.12-18.03.35:072][  0]LogConfig: Setting CVar [[r.Streaming.LimitPoolSizeToVRAM:0]]
[2020.03.12-18.03.35:072][  0]LogConfig: Setting CVar [[r.Streaming.PoolSize:1000]]
[2020.03.12-18.03.35:072][  0]LogConfig: Setting CVar [[r.Streaming.MaxEffectiveScreenSize:0]]
[2020.03.12-18.03.35:072][  0]LogConfig: Applying CVar settings from Section [EffectsQuality@3] File [D:/UEProjects/Shadow_OPS/Shadow_OPS/Saved/Config/Windows/Scalability.ini]
[2020.03.12-18.03.35:072][  0]LogConfig: Setting CVar [[r.TranslucencyLightingVolumeDim:64]]
[2020.03.12-18.03.35:072][  0]LogConfig: Setting CVar [[r.RefractionQuality:2]]
[2020.03.12-18.03.35:072][  0]LogConfig: Setting CVar [[r.SSR.Quality:3]]
[2020.03.12-18.03.35:072][  0]LogConfig: Setting CVar [[r.SSR.HalfResSceneColor:0]]
[2020.03.12-18.03.35:072][  0]LogConfig: Setting CVar [[r.SceneColorFormat:4]]
[2020.03.12-18.03.35:072][  0]LogConfig: Setting CVar [[r.DetailMode:2]]
[2020.03.12-18.03.35:072][  0]LogConfig: Setting CVar [[r.TranslucencyVolumeBlur:1]]
[2020.03.12-18.03.35:072][  0]LogConfig: Setting CVar [[r.MaterialQualityLevel:1 ; High quality]]
[2020.03.12-18.03.35:072][  0]LogConfig: Setting CVar [[r.SSS.Scale:1]]
[2020.03.12-18.03.35:072][  0]LogConfig: Setting CVar [[r.SSS.SampleSet:2]]
[2020.03.12-18.03.35:072][  0]LogConfig: Setting CVar [[r.SSS.Quality:1]]
[2020.03.12-18.03.35:072][  0]LogConfig: Setting CVar [[r.SSS.HalfRes:1]]
[2020.03.12-18.03.35:072][  0]LogConfig: Setting CVar [[r.SSGI.Quality:3]]
[2020.03.12-18.03.35:072][  0]LogConfig: Setting CVar [[r.EmitterSpawnRateScale:1.0]]
[2020.03.12-18.03.35:072][  0]LogConfig: Setting CVar [[r.ParticleLightQuality:2]]
[2020.03.12-18.03.35:072][  0]LogConfig: Setting CVar [[r.SkyAtmosphere.AerialPerspectiveLUT.FastApplyOnOpaque:1 ; Always have FastSkyLUT 1 in this case to avoid wrong sky]]
[2020.03.12-18.03.35:072][  0]LogConfig: Setting CVar [[r.SkyAtmosphere.AerialPerspectiveLUT.SampleCountPerSlice:1]]
[2020.03.12-18.03.35:072][  0]LogConfig: Setting CVar [[r.SkyAtmosphere.AerialPerspectiveLUT.DepthResolution:16.0]]
[2020.03.12-18.03.35:072][  0]LogConfig: Setting CVar [[r.SkyAtmosphere.FastSkyLUT:1]]
[2020.03.12-18.03.35:072][  0]LogConfig: Setting CVar [[r.SkyAtmosphere.FastSkyLUT.SampleCountMin:4.0]]
[2020.03.12-18.03.35:072][  0]LogConfig: Setting CVar [[r.SkyAtmosphere.FastSkyLUT.SampleCountMax:32.0]]
[2020.03.12-18.03.35:072][  0]LogConfig: Setting CVar [[r.SkyAtmosphere.SampleCountMin:4.0]]
[2020.03.12-18.03.35:072][  0]LogConfig: Setting CVar [[r.SkyAtmosphere.SampleCountMax:32.0]]
[2020.03.12-18.03.35:072][  0]LogConfig: Setting CVar [[r.SkyAtmosphere.TransmittanceLUT.UseSmallFormat:0]]
[2020.03.12-18.03.35:072][  0]LogConfig: Setting CVar [[r.SkyAtmosphere.TransmittanceLUT.SampleCount:10.0]]
[2020.03.12-18.03.35:072][  0]LogConfig: Setting CVar [[r.SkyAtmosphere.MultiScatteringLUT.SampleCount:15.0]]
[2020.03.12-18.03.35:072][  0]LogConfig: Applying CVar settings from Section [FoliageQuality@3] File [D:/UEProjects/Shadow_OPS/Shadow_OPS/Saved/Config/Windows/Scalability.ini]
[2020.03.12-18.03.35:072][  0]LogConfig: Setting CVar [[foliage.DensityScale:1.0]]
[2020.03.12-18.03.35:072][  0]LogConfig: Setting CVar [[grass.DensityScale:1.0]]
[2020.03.12-18.03.35:072][  0]LogConfig: Applying CVar settings from Section [ShadingQuality@3] File [D:/UEProjects/Shadow_OPS/Shadow_OPS/Saved/Config/Windows/Scalability.ini]
[2020.03.12-18.03.35:072][  0]LogConfig: Setting CVar [[r.HairStrands.SkyLighting.SampleCount:16]]
[2020.03.12-18.03.35:072][  0]LogConfig: Setting CVar [[r.HairStrands.SkyLighting.JitterIntegration:0]]
[2020.03.12-18.03.35:072][  0]LogConfig: Setting CVar [[r.HairStrands.SkyAO.SampleCount:16]]
[2020.03.12-18.03.35:073][  0]LogConfig: Applying CVar settings from Section [Startup] File [../../../Engine/Config/ConsoleVariables.ini]
[2020.03.12-18.03.35:073][  0]LogConfig: Setting CVar [[net.UseAdaptiveNetUpdateFrequency:0]]
[2020.03.12-18.03.35:073][  0]LogConfig: Setting CVar [[p.chaos.AllowCreatePhysxBodies:1]]
[2020.03.12-18.03.35:073][  0]LogConfig: Applying CVar settings from Section [ConsoleVariables] File [D:/UEProjects/Shadow_OPS/Shadow_OPS/Saved/Config/Windows/Engine.ini]
[2020.03.12-18.03.35:073][  0]LogInit: Computer: DESKTOP-K0FO6I3
[2020.03.12-18.03.35:073][  0]LogInit: User: Rodina
[2020.03.12-18.03.35:073][  0]LogInit: CPU Page size=4096, Cores=4
[2020.03.12-18.03.35:073][  0]LogInit: High frequency timer resolution =10.000000 MHz
[2020.03.12-18.03.35:073][  0]LogMemory: Memory total: Physical=12.0GB (12GB approx)
[2020.03.12-18.03.35:073][  0]LogMemory: Platform Memory Stats for Windows
[2020.03.12-18.03.35:073][  0]LogMemory: Process Physical Memory: 104.81 MB used, 104.81 MB peak
[2020.03.12-18.03.35:073][  0]LogMemory: Process Virtual Memory: 100.55 MB used, 100.55 MB peak
[2020.03.12-18.03.35:073][  0]LogMemory: Physical Memory: 4774.82 MB used,  7484.23 MB free, 12259.06 MB total
[2020.03.12-18.03.35:073][  0]LogMemory: Virtual Memory: 5137.66 MB used,  134212592.00 MB free, 134217728.00 MB total
[2020.03.12-18.03.35:075][  0]LogWindows: WindowsPlatformFeatures enabled
[2020.03.12-18.03.35:089][  0]LogInit: Using OS detected language (cs-CZ).
[2020.03.12-18.03.35:089][  0]LogInit: Using OS detected locale (cs-CZ).
[2020.03.12-18.03.35:090][  0]LogTextLocalizationManager: No localization for 'cs-CZ' exists, so 'en' will be used for the language.
[2020.03.12-18.03.35:246][  0]LogInit: Setting process to per monitor DPI aware
[2020.03.12-18.03.35:290][  0]LogSlate: New Slate User Created.  User Index 0, Is Virtual User: 0
[2020.03.12-18.03.35:290][  0]LogSlate: Slate User Registered.  User Index 0, Is Virtual User: 0
[2020.03.12-18.03.35:516][  0]LogHMD: Failed to initialize OpenVR with code 110
[2020.03.12-18.03.35:516][  0]LogD3D11RHI: D3D11 min allowed feature level: 11_0
[2020.03.12-18.03.35:516][  0]LogD3D11RHI: D3D11 max allowed feature level: 11_0
[2020.03.12-18.03.35:516][  0]LogD3D11RHI: D3D11 adapters:
[2020.03.12-18.03.35:606][  0]LogD3D11RHI:    0. 'AMD FirePro D300 (FireGL V)' (Feature Level 11_0)
[2020.03.12-18.03.35:606][  0]LogD3D11RHI:       2027/0/6129 MB DedicatedVideo/DedicatedSystem/SharedSystem, Outputs:1, VendorId:0x1002
[2020.03.12-18.03.35:609][  0]LogD3D11RHI:    1. 'Microsoft Basic Render Driver' (Feature Level 11_0)
[2020.03.12-18.03.35:609][  0]LogD3D11RHI:       0/0/6129 MB DedicatedVideo/DedicatedSystem/SharedSystem, Outputs:0, VendorId:0x1414
[2020.03.12-18.03.35:609][  0]LogD3D11RHI: Chosen D3D11 Adapter: 0
[2020.03.12-18.03.35:614][  0]LogD3D11RHI: Creating new Direct3DDevice
[2020.03.12-18.03.35:614][  0]LogD3D11RHI:     GPU DeviceId: 0x6810 (for the marketing name, search the web for "GPU Device Id")
[2020.03.12-18.03.35:614][  0]LogWindows: EnumDisplayDevices:
[2020.03.12-18.03.35:615][  0]LogWindows:    0. 'AMD FirePro D300 (FireGL V)' (P:1 D:1)
[2020.03.12-18.03.35:615][  0]LogWindows:    1. 'AMD FirePro D300 (FireGL V)' (P:0 D:0)
[2020.03.12-18.03.35:615][  0]LogWindows:    2. 'AMD FirePro D300 (FireGL V)' (P:0 D:0)
[2020.03.12-18.03.35:616][  0]LogWindows:    3. 'AMD FirePro D300 (FireGL V)' (P:0 D:0)
[2020.03.12-18.03.35:616][  0]LogWindows:    4. 'AMD FirePro D300 (FireGL V)' (P:0 D:0)
[2020.03.12-18.03.35:616][  0]LogWindows:    5. 'AMD FirePro D300 (FireGL V)' (P:0 D:0)
[2020.03.12-18.03.35:617][  0]LogWindows:    6. 'AMD FirePro D300 (FireGL V)' (P:0 D:0)
[2020.03.12-18.03.35:617][  0]LogWindows:    7. 'AMD FirePro D300 (FireGL V)' (P:0 D:0)
[2020.03.12-18.03.35:618][  0]LogWindows:    8. 'AMD FirePro D300 (FireGL V)' (P:0 D:0)
[2020.03.12-18.03.35:618][  0]LogWindows:    9. 'AMD FirePro D300 (FireGL V)' (P:0 D:0)
[2020.03.12-18.03.35:618][  0]LogWindows:    10. 'AMD FirePro D300 (FireGL V)' (P:0 D:0)
[2020.03.12-18.03.35:619][  0]LogWindows:    11. 'AMD FirePro D300 (FireGL V)' (P:0 D:0)
[2020.03.12-18.03.35:619][  0]LogWindows: DebugString: FoundDriverCount:12 
[2020.03.12-18.03.35:619][  0]LogD3D11RHI:     Adapter Name: AMD FirePro D300 (FireGL V)
[2020.03.12-18.03.35:619][  0]LogD3D11RHI:   Driver Version: Adrenalin 18.40.20.10 (internal:25.20.14020.10001, unified:25.20.14020.10001)
[2020.03.12-18.03.35:619][  0]LogD3D11RHI:      Driver Date: 3-15-2019
[2020.03.12-18.03.35:619][  0]LogRHI: Texture pool is 1419 MB (70% of 2027 MB)
[2020.03.12-18.03.35:803][  0]LogD3D11RHI: RHI does not have support for 64 bit atomics
[2020.03.12-18.03.35:803][  0]LogD3D11RHI: Async texture creation enabled
[2020.03.12-18.03.35:815][  0]LogD3D11RHI: GPU Timing Frequency: 27.000000 (Debug: 2 1)
[2020.03.12-18.03.36:124][  0]LogTargetPlatformManager: Display: Loaded TargetPlatform 'AllDesktop'
[2020.03.12-18.03.36:156][  0]LogTargetPlatformManager: Display: Loaded TargetPlatform 'Android'
[2020.03.12-18.03.36:156][  0]LogTargetPlatformManager: Display: Loaded TargetPlatform 'Android_ASTC'
[2020.03.12-18.03.36:156][  0]LogTargetPlatformManager: Display: Loaded TargetPlatform 'Android_ATC'
[2020.03.12-18.03.36:156][  0]LogTargetPlatformManager: Display: Loaded TargetPlatform 'Android_DXT'
[2020.03.12-18.03.36:156][  0]LogTargetPlatformManager: Display: Loaded TargetPlatform 'Android_ETC1'
[2020.03.12-18.03.36:156][  0]LogTargetPlatformManager: Display: Loaded TargetPlatform 'Android_ETC1a'
[2020.03.12-18.03.36:156][  0]LogTargetPlatformManager: Display: Loaded TargetPlatform 'Android_ETC2'
[2020.03.12-18.03.36:156][  0]LogTargetPlatformManager: Display: Loaded TargetPlatform 'Android_PVRTC'
[2020.03.12-18.03.36:156][  0]LogTargetPlatformManager: Display: Loaded TargetPlatform 'AndroidClient'
[2020.03.12-18.03.36:156][  0]LogTargetPlatformManager: Display: Loaded TargetPlatform 'Android_ASTCClient'
[2020.03.12-18.03.36:156][  0]LogTargetPlatformManager: Display: Loaded TargetPlatform 'Android_ATCClient'
[2020.03.12-18.03.36:156][  0]LogTargetPlatformManager: Display: Loaded TargetPlatform 'Android_DXTClient'
[2020.03.12-18.03.36:156][  0]LogTargetPlatformManager: Display: Loaded TargetPlatform 'Android_ETC1Client'
[2020.03.12-18.03.36:156][  0]LogTargetPlatformManager: Display: Loaded TargetPlatform 'Android_ETC1aClient'
[2020.03.12-18.03.36:156][  0]LogTargetPlatformManager: Display: Loaded TargetPlatform 'Android_ETC2Client'
[2020.03.12-18.03.36:156][  0]LogTargetPlatformManager: Display: Loaded TargetPlatform 'Android_PVRTCClient'
[2020.03.12-18.03.36:156][  0]LogTargetPlatformManager: Display: Loaded TargetPlatform 'Android_Multi'
[2020.03.12-18.03.36:156][  0]LogTargetPlatformManager: Display: Loaded TargetPlatform 'Android_MultiClient'
[2020.03.12-18.03.36:176][  0]LogTargetPlatformManager: Display: Loaded TargetPlatform 'IOSClient'
[2020.03.12-18.03.36:176][  0]LogTargetPlatformManager: Display: Loaded TargetPlatform 'IOS'
[2020.03.12-18.03.36:183][  0]LogTargetPlatformManager: Display: Loaded TargetPlatform 'LinuxNoEditor'
[2020.03.12-18.03.36:191][  0]LogTargetPlatformManager: Display: Loaded TargetPlatform 'LinuxClient'
[2020.03.12-18.03.36:199][  0]LogTargetPlatformManager: Display: Loaded TargetPlatform 'LinuxServer'
[2020.03.12-18.03.36:206][  0]LogTargetPlatformManager: Display: Loaded TargetPlatform 'LinuxAArch64NoEditor'
[2020.03.12-18.03.36:214][  0]LogTargetPlatformManager: Display: Loaded TargetPlatform 'LinuxAArch64Client'
[2020.03.12-18.03.36:222][  0]LogTargetPlatformManager: Display: Loaded TargetPlatform 'LinuxAArch64Server'
[2020.03.12-18.03.36:248][  0]LogTargetPlatformManager: Display: Loaded TargetPlatform 'Lumin'
[2020.03.12-18.03.36:248][  0]LogTargetPlatformManager: Display: Loaded TargetPlatform 'LuminClient'
[2020.03.12-18.03.36:263][  0]LogTargetPlatformManager: Display: Loaded TargetPlatform 'TVOSClient'
[2020.03.12-18.03.36:263][  0]LogTargetPlatformManager: Display: Loaded TargetPlatform 'TVOS'
[2020.03.12-18.03.36:271][  0]LogTargetPlatformManager: Display: Loaded TargetPlatform 'WindowsNoEditor'
[2020.03.12-18.03.36:279][  0]LogTargetPlatformManager: Display: Loaded TargetPlatform 'Windows'
[2020.03.12-18.03.36:287][  0]LogTargetPlatformManager: Display: Loaded TargetPlatform 'WindowsClient'
[2020.03.12-18.03.36:295][  0]LogTargetPlatformManager: Display: Loaded TargetPlatform 'WindowsServer'
[2020.03.12-18.03.36:295][  0]LogTargetPlatformManager: Display: Building Assets For Windows
[2020.03.12-18.03.36:297][  0]LogAudioDebug: Display: Lib vorbis DLL was dynamically loaded.
[2020.03.12-18.03.36:322][  0]LogShaderCompilers: Guid format shader working directory is 0 characters bigger than the processId version (../../../../../UEProjects/Shadow_OPS/Shadow_OPS/Intermediate/Shaders/WorkingDirectory/1776/).
[2020.03.12-18.03.36:323][  0]LogShaderCompilers: Cleaned the shader compiler working directory 'C:/Users/Rodina/AppData/Local/Temp/UnrealShaderWorkingDir/6DDD500548F8083A59F4F3B9D5FB0EE7/'.
[2020.03.12-18.03.36:323][  0]LogXGEController: Cannot use XGE Controller as Incredibuild is not installed on this machine.
[2020.03.12-18.03.36:323][  0]LogShaderCompilers: Cannot use XGE Shader Compiler as Incredibuild is not installed on this machine.
[2020.03.12-18.03.36:323][  0]LogShaderCompilers: Display: Using Local Shader Compiler.
[2020.03.12-18.03.37:062][  0]LogDerivedDataCache: Display: Max Cache Size: 512 MB
[2020.03.12-18.03.37:114][  0]LogDerivedDataCache: Loaded boot cache 0.05s 78MB C:/Users/Rodina/AppData/Local/UnrealEngine/4.24/DerivedDataCache/Boot.ddc.
[2020.03.12-18.03.37:114][  0]LogDerivedDataCache: Display: Loaded Boot cache: C:/Users/Rodina/AppData/Local/UnrealEngine/4.24/DerivedDataCache/Boot.ddc
[2020.03.12-18.03.37:114][  0]LogDerivedDataCache: FDerivedDataBackendGraph:  Pak pak cache file ../../../../../UEProjects/Shadow_OPS/Shadow_OPS/DerivedDataCache/DDC.ddp not found, will not use a pak cache.
[2020.03.12-18.03.37:114][  0]LogDerivedDataCache: Unable to find inner node Pak for hierarchical cache Hierarchy.
[2020.03.12-18.03.37:114][  0]LogDerivedDataCache: FDerivedDataBackendGraph:  CompressedPak pak cache file ../../../../../UEProjects/Shadow_OPS/Shadow_OPS/DerivedDataCache/Compressed.ddp not found, will not use a pak cache.
[2020.03.12-18.03.37:114][  0]LogDerivedDataCache: Unable to find inner node CompressedPak for hierarchical cache Hierarchy.
[2020.03.12-18.03.37:125][  0]LogDerivedDataCache: Display: Pak cache opened for reading ../../../Engine/DerivedDataCache/Compressed.ddp.
[2020.03.12-18.03.37:125][  0]LogDerivedDataCache: FDerivedDataBackendGraph:  EnterprisePak pak cache file ../../../Enterprise/DerivedDataCache/Compressed.ddp not found, will not use a pak cache.
[2020.03.12-18.03.37:125][  0]LogDerivedDataCache: Unable to find inner node EnterprisePak for hierarchical cache Hierarchy.
[2020.03.12-18.03.37:126][  0]LogDerivedDataCache: Using Local data cache path C:/Users/Rodina/AppData/Local/UnrealEngine/Common/DerivedDataCache: Writable
[2020.03.12-18.03.37:126][  0]LogDerivedDataCache: Shared data cache path not found in *engine.ini, will not use an Shared cache.
[2020.03.12-18.03.37:126][  0]LogDerivedDataCache: Unable to find inner node Shared for hierarchical cache Hierarchy.
[2020.03.12-18.03.37:154][  0]LogMaterial: Verifying Global Shaders for PCD3D_SM5
[2020.03.12-18.03.37:157][  0]LogSlate: Using FreeType 2.10.0
[2020.03.12-18.03.37:157][  0]LogSlate: SlateFontServices - WITH_FREETYPE: 1, WITH_HARFBUZZ: 1
[2020.03.12-18.03.37:204][  0]LogAssetRegistry: FAssetRegistry took 0.0024 seconds to start up
[2020.03.12-18.03.37:547][  0]LogInit: Selected Device Profile: [Windows]
[2020.03.12-18.03.37:708][  0]LogMeshReduction: Using QuadricMeshReduction for automatic static mesh reduction
[2020.03.12-18.03.37:709][  0]LogMeshReduction: Using SimplygonMeshReduction for automatic skeletal mesh reduction
[2020.03.12-18.03.37:709][  0]LogMeshReduction: Using ProxyLODMeshReduction for automatic mesh merging
[2020.03.12-18.03.37:709][  0]LogMeshReduction: No distributed automatic mesh merging module available
[2020.03.12-18.03.37:709][  0]LogMeshMerging: No distributed automatic mesh merging module available
[2020.03.12-18.03.37:721][  0]LogNetVersion: Shadow_OPS 1.0.0, NetCL: 10570792, EngineNetVer: 13, GameNetVer: 0 (Checksum: 1738939154)
[2020.03.12-18.03.38:934][  0]LogPackageLocalizationCache: Processed 10 localized package path(s) for 1 prioritized culture(s) in 0.265752 seconds
[2020.03.12-18.03.38:941][  0]LogUObjectArray: 46750 objects as part of root set at end of initial load.
[2020.03.12-18.03.38:941][  0]LogUObjectAllocator: 8137160 out of 0 bytes used by permanent object pool.
[2020.03.12-18.03.38:941][  0]LogUObjectArray: CloseDisregardForGC: 0/0 objects in disregard for GC pool
[2020.03.12-18.03.39:349][  0]LogTcpMessaging: Initializing TcpMessaging bridge
[2020.03.12-18.03.39:351][  0]LogUdpMessaging: Initializing bridge on interface 0.0.0.0:0 to multicast group 230.0.0.1:6666.
[2020.03.12-18.03.39:406][  0]SourceControl: Source control is disabled
[2020.03.12-18.03.39:406][  0]SourceControl: Source control is disabled
[2020.03.12-18.03.39:407][  0]SourceControl: Source control is disabled
[2020.03.12-18.03.39:407][  0]SourceControl: Source control is disabled
[2020.03.12-18.03.39:408][  0]SourceControl: Source control is disabled
[2020.03.12-18.03.39:415][  0]LogVSAccessor: Display: Unable to create Visual Studio setup instance: 80040154
[2020.03.12-18.03.39:415][  0]LogVSAccessor: Display: Unable to create Visual Studio setup instance: 80040154
[2020.03.12-18.03.39:503][  0]LogAndroidPermission: UAndroidPermissionCallbackProxy::GetInstance
[2020.03.12-18.03.39:513][  0]LogAudioCaptureCore: Display: No Audio Capture implementations found. Audio input will be silent.
[2020.03.12-18.03.39:513][  0]LogAudioCaptureCore: Display: No Audio Capture implementations found. Audio input will be silent.
[2020.03.12-18.03.39:601][  0]LogOcInput: OculusInput pre-init called
[2020.03.12-18.03.39:610][  0]LogWindows: Failed to load 'OVRPlugin.dll' (GetLastError=126)
[2020.03.12-18.03.39:611][  0]LogWindows: File 'OVRPlugin.dll' does not exist
[2020.03.12-18.03.39:684][  0]LogEngine: Initializing Engine...
[2020.03.12-18.03.39:685][  0]LogHMD: Failed to initialize OpenVR with code 110
[2020.03.12-18.03.39:686][  0]LogStats: UGameplayTagsManager::InitializeManager -  0.000 s
[2020.03.12-18.03.40:039][  0]LogInit: Initializing FReadOnlyCVARCache
[2020.03.12-18.03.40:045][  0]LogAIModule: Creating AISystem for world Untitled
[2020.03.12-18.03.40:066][  0]LogAudioMixer: Display: Audio Mixer Platform Settings:
[2020.03.12-18.03.40:066][  0]LogAudioMixer: Display: 	Sample Rate:						  48000
[2020.03.12-18.03.40:066][  0]LogAudioMixer: Display: 	Callback Buffer Frame Size Requested: 1024
[2020.03.12-18.03.40:066][  0]LogAudioMixer: Display: 	Callback Buffer Frame Size To Use:	  1024
[2020.03.12-18.03.40:066][  0]LogAudioMixer: Display: 	Number of buffers to queue:			  2
[2020.03.12-18.03.40:066][  0]LogAudioMixer: Display: 	Max Channels (voices):				  32
[2020.03.12-18.03.40:066][  0]LogAudioMixer: Display: 	Number of Async Source Workers:		  0
[2020.03.12-18.03.40:066][  0]LogAudio: Display: AudioDevice MaxSources: 32
[2020.03.12-18.03.40:066][  0]LogAudio: Display: Using built-in audio occlusion.
[2020.03.12-18.03.40:066][  0]LogAudioMixer: Display: Initializing audio mixer.
[2020.03.12-18.03.40:145][  0]LogAudioMixer: Display: Audio Device Output Speaker Info:
[2020.03.12-18.03.40:145][  0]LogAudioMixer: Display: Name: 6 - LG TV (3 - AMD High Definition Audio Device)
[2020.03.12-18.03.40:146][  0]LogAudioMixer: Display: Is Default: Yes
[2020.03.12-18.03.40:146][  0]LogAudioMixer: Display: Sample Rate: 48000
[2020.03.12-18.03.40:146][  0]LogAudioMixer: Display: Channel Count Used: 2
[2020.03.12-18.03.40:146][  0]LogAudioMixer: Display: Device Channel Count: 2
[2020.03.12-18.03.40:146][  0]LogAudioMixer: Display: Channel Order:
[2020.03.12-18.03.40:146][  0]LogAudioMixer: Display: 0: FrontLeft
[2020.03.12-18.03.40:146][  0]LogAudioMixer: Display: 1: FrontRight
[2020.03.12-18.03.40:180][  0]LogAudioMixer: Display: Using Audio Device 6 - LG TV (3 - AMD High Definition Audio Device)
[2020.03.12-18.03.40:185][  0]LogInit: FAudioDevice initialized.
[2020.03.12-18.03.40:185][  0]LogNetVersion: Set ProjectVersion to 1.0.0.0. Version Checksum will be recalculated on next use.
[2020.03.12-18.03.40:246][  0]LogDerivedDataCache: Saved boot cache 0.06s 78MB C:/Users/Rodina/AppData/Local/UnrealEngine/4.24/DerivedDataCache/Boot.ddc.
[2020.03.12-18.03.40:251][  0]LogInit: Texture streaming: Enabled
[2020.03.12-18.03.40:260][  0]LogEngineSessionManager: EngineSessionManager initialized
[2020.03.12-18.03.40:260][  0]LogEditorSessionSummary: Verbose: Initializing EditorSessionSummaryWriter for editor session tracking
[2020.03.12-18.03.40:261][  0]LogEditorSessionSummary: EditorSessionSummaryWriter initialized
[2020.03.12-18.03.40:532][  0]LogInit: Transaction tracking system initialized
[2020.03.12-18.03.40:545][  0]BlueprintLog: New page: Editor Load
[2020.03.12-18.03.40:578][  0]LocalizationService: Localization service is disabled
[2020.03.12-18.03.40:636][  0]LogVSAccessor: Display: Unable to create Visual Studio setup instance: 80040154
[2020.03.12-18.03.40:637][  0]LogVSAccessor: Display: Unable to create Visual Studio setup instance: 80040154
[2020.03.12-18.03.40:861][  0]LogFileCache: Scanning file cache for directory 'D:/UEProjects/Shadow_OPS/Shadow_OPS/Content/' took 0.01s
[2020.03.12-18.03.40:861][  0]LogCook: Display: Max memory allowance for cook 16384mb min free memory 0mb
[2020.03.12-18.03.40:862][  0]LogCook: Display: Mobile HDR setting 1
[2020.03.12-18.03.41:450][  0]SourceControl: Source control is disabled
[2020.03.12-18.03.41:451][  0]Cmd: MAP LOAD FILE="../../../../../UEProjects/Shadow_OPS/Shadow_OPS/Content/FirstPersonBP/Maps/FirstPersonExampleMap.umap" TEMPLATE=0 SHOWPROGRESS=1 FEATURELEVEL=3
[2020.03.12-18.03.41:451][  0]LogEditorServer: Warning: Can't find file '../../../../../UEProjects/Shadow_OPS/Shadow_OPS/Content/FirstPersonBP/Maps/FirstPersonExampleMap.umap'
[2020.03.12-18.03.41:451][  0]Cmd: MAP CHECKDEP NOCLEARLOG
[2020.03.12-18.03.41:451][  0]MapCheck: Map check complete: 0 Error(s), 0 Warning(s), took 0,191ms to complete.
[2020.03.12-18.03.41:451][  0]LogFileHelpers: Loading map 'FirstPersonExampleMap' took 0.001
[2020.03.12-18.03.41:643][  0]LogSlate: Updating window title bar state: overlay mode, drag disabled, window buttons hidden, title bar hidden
[2020.03.12-18.03.41:650][  0]LogSlate: Updating window title bar state: overlay mode, drag disabled, window buttons hidden, title bar hidden
[2020.03.12-18.03.41:657][  0]LogSlate: Updating window title bar state: overlay mode, drag disabled, window buttons hidden, title bar hidden
[2020.03.12-18.03.41:665][  0]LogSlate: Updating window title bar state: overlay mode, drag disabled, window buttons hidden, title bar hidden
[2020.03.12-18.03.41:669][  0]LogCollectionManager: Loaded 0 collections in 0.001454 seconds
[2020.03.12-18.03.41:681][  0]LogFileCache: Scanning file cache for directory 'D:/UEProjects/Shadow_OPS/Shadow_OPS/Saved/Collections/' took 0.00s
[2020.03.12-18.03.41:682][  0]LogFileCache: Scanning file cache for directory 'D:/UEProjects/Shadow_OPS/Shadow_OPS/Content/Developers/Rodina/Collections/' took 0.00s
[2020.03.12-18.03.41:682][  0]LogFileCache: Scanning file cache for directory 'D:/UEProjects/Shadow_OPS/Shadow_OPS/Content/Collections/' took 0.00s
[2020.03.12-18.03.41:682][  0]LogContentBrowser: Native class hierarchy populated in 0.0092 seconds. Added 3015 classes and 717 folders.
[2020.03.12-18.03.41:684][  0]LogContentBrowser: Native class hierarchy updated for 'WidgetCarousel' in 0.0002 seconds. Added 0 classes and 0 folders.
[2020.03.12-18.03.41:748][  0]LogContentBrowser: Native class hierarchy updated for 'AddContentDialog' in 0.0003 seconds. Added 0 classes and 0 folders.
[2020.03.12-18.03.41:752][  0]LogContentBrowser: Native class hierarchy updated for 'SceneOutliner' in 0.0003 seconds. Added 2 classes and 3 folders.
[2020.03.12-18.03.41:827][  0]LogSlate: Took 0.000185 seconds to synchronously load lazily loaded font '../../../Engine/Content/Slate/Fonts/Roboto-Regular.ttf' (155K)
[2020.03.12-18.03.41:829][  0]LogSlate: Took 0.000112 seconds to synchronously load lazily loaded font '../../../Engine/Content/Slate/Fonts/Roboto-Bold.ttf' (160K)
[2020.03.12-18.03.41:834][  0]LogSlate: Took 0.000100 seconds to synchronously load lazily loaded font '../../../Engine/Content/Editor/Slate/Fonts/FontAwesome.ttf' (139K)
[2020.03.12-18.03.41:939][  0]LogRenderer: Reallocating scene render targets to support 1292x576 Format 10 NumSamples 1 (Frame:1).
[2020.03.12-18.03.42:030][  0]LogContentBrowser: Native class hierarchy updated for 'HierarchicalLODOutliner' in 0.0003 seconds. Added 0 classes and 0 folders.
[2020.03.12-18.03.42:030][  0]LogLoad: (Engine Initialization) Total time: 8.66 seconds
[2020.03.12-18.03.42:030][  0]LogLoad: (Engine Initialization) Total Blueprint compile time: 0.00 seconds
[2020.03.12-18.03.42:075][  0]LogAssetRegistry: Asset discovery search completed in 4.8724 seconds
[2020.03.12-18.03.42:079][  0]LogCollectionManager: Fixed up redirectors for 0 collections in 0.000009 seconds (updated 0 objects)
[2020.03.12-18.03.42:080][  0]LogContentStreaming: Texture pool size now 1000 MB
[2020.03.12-18.03.47:040][544]LogSlate: Took 0.000161 seconds to synchronously load lazily loaded font '../../../Engine/Content/Slate/Fonts/Roboto-Light.ttf' (167K)
[2020.03.12-18.03.47:088][544]LogAssetEditorSubsystem: Opening Asset editor for Blueprint /Game/Blueprints/BPTeleport.BPTeleport
[2020.03.12-18.03.47:289][544]LogContentBrowser: Native class hierarchy updated for 'BlueprintGraph' in 0.0006 seconds. Added 121 classes and 0 folders.
[2020.03.12-18.03.48:554][544]LogSlate: Took 0.000200 seconds to synchronously load lazily loaded font '../../../Engine/Content/Slate/Fonts/Roboto-BoldCondensed.ttf' (158K)
[2020.03.12-18.03.48:610][545]LogSlate: Took 0.000198 seconds to synchronously load lazily loaded font '../../../Engine/Content/Slate/Fonts/Roboto-Italic.ttf' (157K)
[2020.03.12-18.04.52:347][ 49]LogWorld: UWorld::CleanupWorld for World_0, bSessionEnded=true, bCleanupResources=true
[2020.03.12-18.04.52:347][ 49]LogSlate: InvalidateAllWidgets triggered.  All widgets were invalidated
[2020.03.12-18.05.19:054][272]LogAIModule: Creating AISystem for world def_map
[2020.03.12-18.05.19:064][272]LogAssetEditorSubsystem: Opening Asset editor for World /Game/FirstPersonBP/Maps/def_map.def_map
[2020.03.12-18.05.19:098][272]LogUObjectHash: Compacting FUObjectHashTables data took   3.76ms
[2020.03.12-18.05.19:101][272]Cmd: MAP LOAD FILE="../../../../../UEProjects/Shadow_OPS/Shadow_OPS/Content/FirstPersonBP/Maps/def_map.umap" TEMPLATE=0 SHOWPROGRESS=1 FEATURELEVEL=3
[2020.03.12-18.05.19:102][272]LightingResults: New page: Lighting Build
[2020.03.12-18.05.19:103][272]LogContentBrowser: Native class hierarchy updated for 'StatsViewer' in 0.0003 seconds. Added 5 classes and 0 folders.
[2020.03.12-18.05.19:105][272]LoadErrors: New page: Loading map: def_map.umap
[2020.03.12-18.05.19:105][272]LogWorld: UWorld::CleanupWorld for Untitled, bSessionEnded=true, bCleanupResources=true
[2020.03.12-18.05.19:105][272]LogSlate: InvalidateAllWidgets triggered.  All widgets were invalidated
[2020.03.12-18.05.19:105][272]MapCheck: New page: Map Check
[2020.03.12-18.05.19:105][272]LightingResults: New page: Lighting Build
[2020.03.12-18.05.19:138][272]LogUObjectHash: Compacting FUObjectHashTables data took   2.85ms
[2020.03.12-18.05.19:178][272]LogEditorServer: Finished looking for orphan Actors (0.000 secs)
[2020.03.12-18.05.19:209][272]LogUObjectHash: Compacting FUObjectHashTables data took   2.58ms
[2020.03.12-18.05.19:262][272]Cmd: MAP CHECKDEP NOCLEARLOG
[2020.03.12-18.05.19:262][272]MapCheck: Map check complete: 0 Error(s), 0 Warning(s), took 0,128ms to complete.
[2020.03.12-18.05.19:262][272]LogFileHelpers: Loading map 'def_map' took 0.161
[2020.03.12-18.07.36:355][503]LogEditorViewport: Clicking on Actor (LMB): StaticMeshActor (Cube10)
[2020.03.12-18.07.37:100][548]LogEditorViewport: Clicking on Actor (LMB): StaticMeshActor (Cube10)
[2020.03.12-18.07.37:720][589]LogEditorViewport: Clicking on Actor (LMB): StaticMeshActor (Cube10)
[2020.03.12-18.07.38:324][628]LogEditorViewport: Clicking on Component (LMB): StaticMeshComponent (StaticMeshComponent0)
[2020.03.12-18.07.40:984][811]LogEditorViewport: Clicking on Actor (LMB): StaticMeshActor (Cube82)
[2020.03.12-18.07.42:566][920]LogEditorViewport: Clicking on Actor (LMB): BPTeleport_C (BPTeleport)
[2020.03.12-18.07.49:541][408]LogTemp: Repeating last play command: Selected Viewport
[2020.03.12-18.07.49:585][408]LogPlayLevel: PlayLevel: No blueprints needed recompiling
[2020.03.12-18.07.49:585][408]PIE: New page: PIE session: def_map (12. 3. 2020 20:07:49)
[2020.03.12-18.07.49:586][408]LogOnline: OSS: Creating online subsystem instance for: NULL
[2020.03.12-18.07.49:587][408]LogOnline: OSS: TryLoadSubsystemAndSetDefault: Loaded subsystem for module [NULL]
[2020.03.12-18.07.49:587][408]LogPlayLevel: Creating play world package: /Game/FirstPersonBP/Maps/UEDPIE_0_def_map
[2020.03.12-18.07.49:649][408]LogPlayLevel: PIE: StaticDuplicateObject took: (0.061750s)
[2020.03.12-18.07.49:650][408]LogAIModule: Creating AISystem for world def_map
[2020.03.12-18.07.49:651][408]LogPlayLevel: PIE: World Init took: (0.001683s)
[2020.03.12-18.07.49:651][408]LogPlayLevel: PIE: Created PIE world by copying editor world from /Game/FirstPersonBP/Maps/def_map.def_map to /Game/FirstPersonBP/Maps/UEDPIE_0_def_map.def_map (0.063705s)
[2020.03.12-18.07.49:729][408]LogUObjectHash: Compacting FUObjectHashTables data took   4.51ms
[2020.03.12-18.07.49:733][408]LogAudioMixer: Display: Audio Mixer Platform Settings:
[2020.03.12-18.07.49:733][408]LogAudioMixer: Display: 	Sample Rate:						  48000
[2020.03.12-18.07.49:733][408]LogAudioMixer: Display: 	Callback Buffer Frame Size Requested: 1024
[2020.03.12-18.07.49:733][408]LogAudioMixer: Display: 	Callback Buffer Frame Size To Use:	  1024
[2020.03.12-18.07.49:733][408]LogAudioMixer: Display: 	Number of buffers to queue:			  2
[2020.03.12-18.07.49:733][408]LogAudioMixer: Display: 	Max Channels (voices):				  32
[2020.03.12-18.07.49:733][408]LogAudioMixer: Display: 	Number of Async Source Workers:		  0
[2020.03.12-18.07.49:733][408]LogAudio: Display: AudioDevice MaxSources: 32
[2020.03.12-18.07.49:734][408]LogAudio: Display: Using built-in audio occlusion.
[2020.03.12-18.07.49:734][408]LogAudioMixer: Display: Initializing audio mixer.
[2020.03.12-18.07.49:807][408]LogAudioMixer: Display: Audio Device Output Speaker Info:
[2020.03.12-18.07.49:807][408]LogAudioMixer: Display: Name: 6 - LG TV (3 - AMD High Definition Audio Device)
[2020.03.12-18.07.49:807][408]LogAudioMixer: Display: Is Default: Yes
[2020.03.12-18.07.49:807][408]LogAudioMixer: Display: Sample Rate: 48000
[2020.03.12-18.07.49:807][408]LogAudioMixer: Display: Channel Count Used: 2
[2020.03.12-18.07.49:807][408]LogAudioMixer: Display: Device Channel Count: 2
[2020.03.12-18.07.49:807][408]LogAudioMixer: Display: Channel Order:
[2020.03.12-18.07.49:807][408]LogAudioMixer: Display: 0: FrontLeft
[2020.03.12-18.07.49:807][408]LogAudioMixer: Display: 1: FrontRight
[2020.03.12-18.07.49:821][408]LogAudioMixer: Display: Using Audio Device 6 - LG TV (3 - AMD High Definition Audio Device)
[2020.03.12-18.07.49:822][408]LogInit: FAudioDevice initialized.
[2020.03.12-18.07.49:924][408]LogLinker: Warning: While loading '../../../../../UEProjects/Shadow_OPS/Shadow_OPS/Content/FirstPersonBP/Blueprints/MainMenu.uasset' failed to load '/Game/Pictures/backgroung': Can't find file.
[2020.03.12-18.07.49:924][408]LogLinker: Warning: While loading '../../../../../UEProjects/Shadow_OPS/Shadow_OPS/Content/FirstPersonBP/Blueprints/MainMenu.uasset' failed to load '/Game/Pictures/backgroung': Can't find file.
[2020.03.12-18.07.49:925][408]LogLinker: Warning: While loading '../../../../../UEProjects/Shadow_OPS/Shadow_OPS/Content/FirstPersonBP/Blueprints/MainMenu.uasset' failed to load '/Game/Pictures/main': Can't find file.
[2020.03.12-18.07.49:925][408]LogLinker: Warning: While loading '../../../../../UEProjects/Shadow_OPS/Shadow_OPS/Content/FirstPersonBP/Blueprints/MainMenu.uasset' failed to load '/Game/Pictures/main': Can't find file.
[2020.03.12-18.07.49:925][408]LogLinker: Warning: While loading '../../../../../UEProjects/Shadow_OPS/Shadow_OPS/Content/FirstPersonBP/Blueprints/MainMenu.uasset' failed to load '/Game/Pictures/main_pressed': Can't find file.
[2020.03.12-18.07.49:925][408]LogLinker: Warning: While loading '../../../../../UEProjects/Shadow_OPS/Shadow_OPS/Content/FirstPersonBP/Blueprints/MainMenu.uasset' failed to load '/Game/Pictures/main_pressed': Can't find file.
[2020.03.12-18.07.49:926][408]LogLinker: Warning: While loading '../../../../../UEProjects/Shadow_OPS/Shadow_OPS/Content/FirstPersonBP/Blueprints/MainMenu.uasset' failed to load '/Game/Pictures/backgroung': Can't find file.
[2020.03.12-18.07.49:926][408]LogLinker: Warning: While loading '../../../../../UEProjects/Shadow_OPS/Shadow_OPS/Content/FirstPersonBP/Blueprints/MainMenu.uasset' failed to load '/Game/Pictures/backgroung': Can't find file.
[2020.03.12-18.07.49:926][408]LogLinker: Warning: While loading '../../../../../UEProjects/Shadow_OPS/Shadow_OPS/Content/FirstPersonBP/Blueprints/MainMenu.uasset' failed to load '/Game/Pictures/main': Can't find file.
[2020.03.12-18.07.49:926][408]LogLinker: Warning: While loading '../../../../../UEProjects/Shadow_OPS/Shadow_OPS/Content/FirstPersonBP/Blueprints/MainMenu.uasset' failed to load '/Game/Pictures/main': Can't find file.
[2020.03.12-18.07.49:926][408]LogLinker: Warning: While loading '../../../../../UEProjects/Shadow_OPS/Shadow_OPS/Content/FirstPersonBP/Blueprints/MainMenu.uasset' failed to load '/Game/Pictures/main_pressed': Can't find file.
[2020.03.12-18.07.49:926][408]LogLinker: Warning: While loading '../../../../../UEProjects/Shadow_OPS/Shadow_OPS/Content/FirstPersonBP/Blueprints/MainMenu.uasset' failed to load '/Game/Pictures/main_pressed': Can't find file.
[2020.03.12-18.07.49:927][408]LogLinker: Warning: While loading '../../../../../UEProjects/Shadow_OPS/Shadow_OPS/Content/FirstPersonBP/Blueprints/FirstPersonHUD.uasset' failed to load '/Game/Pictures/backgroung': Can't find file.
[2020.03.12-18.07.49:927][408]LogLinker: Warning: While loading '../../../../../UEProjects/Shadow_OPS/Shadow_OPS/Content/FirstPersonBP/Blueprints/FirstPersonHUD.uasset' failed to load '/Game/Pictures/backgroung': Can't find file.
[2020.03.12-18.07.49:927][408]LogLinker: Warning: While loading '../../../../../UEProjects/Shadow_OPS/Shadow_OPS/Content/FirstPersonBP/Blueprints/FirstPersonHUD.uasset' failed to load '/Game/Pictures/main': Can't find file.
[2020.03.12-18.07.49:928][408]LogLinker: Warning: While loading '../../../../../UEProjects/Shadow_OPS/Shadow_OPS/Content/FirstPersonBP/Blueprints/FirstPersonHUD.uasset' failed to load '/Game/Pictures/main': Can't find file.
[2020.03.12-18.07.49:928][408]LogLinker: Warning: While loading '../../../../../UEProjects/Shadow_OPS/Shadow_OPS/Content/FirstPersonBP/Blueprints/FirstPersonHUD.uasset' failed to load '/Game/Pictures/main_pressed': Can't find file.
[2020.03.12-18.07.49:928][408]LogLinker: Warning: While loading '../../../../../UEProjects/Shadow_OPS/Shadow_OPS/Content/FirstPersonBP/Blueprints/FirstPersonHUD.uasset' failed to load '/Game/Pictures/main_pressed': Can't find file.
[2020.03.12-18.07.49:928][408]LogLinker: Warning: While loading '../../../../../UEProjects/Shadow_OPS/Shadow_OPS/Content/FirstPersonBP/Blueprints/FirstPersonHUD.uasset' failed to load '/Game/Pictures/backgroung': Can't find file.
[2020.03.12-18.07.49:928][408]LogLinker: Warning: While loading '../../../../../UEProjects/Shadow_OPS/Shadow_OPS/Content/FirstPersonBP/Blueprints/FirstPersonHUD.uasset' failed to load '/Game/Pictures/backgroung': Can't find file.
[2020.03.12-18.07.49:928][408]LogLinker: Warning: While loading '../../../../../UEProjects/Shadow_OPS/Shadow_OPS/Content/FirstPersonBP/Blueprints/FirstPersonHUD.uasset' failed to load '/Game/Pictures/main': Can't find file.
[2020.03.12-18.07.49:929][408]LogLinker: Warning: While loading '../../../../../UEProjects/Shadow_OPS/Shadow_OPS/Content/FirstPersonBP/Blueprints/FirstPersonHUD.uasset' failed to load '/Game/Pictures/main': Can't find file.
[2020.03.12-18.07.49:929][408]LogLinker: Warning: While loading '../../../../../UEProjects/Shadow_OPS/Shadow_OPS/Content/FirstPersonBP/Blueprints/FirstPersonHUD.uasset' failed to load '/Game/Pictures/main_pressed': Can't find file.
[2020.03.12-18.07.49:929][408]LogLinker: Warning: While loading '../../../../../UEProjects/Shadow_OPS/Shadow_OPS/Content/FirstPersonBP/Blueprints/FirstPersonHUD.uasset' failed to load '/Game/Pictures/main_pressed': Can't find file.
[2020.03.12-18.07.49:931][408]LogLinker: Warning: While loading '../../../../../UEProjects/Shadow_OPS/Shadow_OPS/Content/FirstPersonBP/Blueprints/FirstPersonHUD.uasset' failed to load '/Game/Pictures/backgroung': Can't find file.
[2020.03.12-18.07.49:931][408]LoadErrors: Failed to load /Game/Pictures/backgroung.backgroung Referenced by backgorund
[2020.03.12-18.07.49:931][408]LogLinker: Warning: While loading '../../../../../UEProjects/Shadow_OPS/Shadow_OPS/Content/FirstPersonBP/Blueprints/FirstPersonHUD.uasset' failed to load '/Game/Pictures/backgroung': Can't find file.
[2020.03.12-18.07.49:931][408]LogLinker: Warning: While loading '../../../../../UEProjects/Shadow_OPS/Shadow_OPS/Content/FirstPersonBP/Blueprints/FirstPersonHUD.uasset' failed to load '/Game/Pictures/main': Can't find file.
[2020.03.12-18.07.49:932][408]LoadErrors: Failed to load /Game/Pictures/main.main Referenced by selectlevel
[2020.03.12-18.07.49:932][408]LogLinker: Warning: While loading '../../../../../UEProjects/Shadow_OPS/Shadow_OPS/Content/FirstPersonBP/Blueprints/FirstPersonHUD.uasset' failed to load '/Game/Pictures/main': Can't find file.
[2020.03.12-18.07.49:932][408]LogLinker: Warning: While loading '../../../../../UEProjects/Shadow_OPS/Shadow_OPS/Content/FirstPersonBP/Blueprints/FirstPersonHUD.uasset' failed to load '/Game/Pictures/main': Can't find file.
[2020.03.12-18.07.49:932][408]LogLinker: Warning: While loading '../../../../../UEProjects/Shadow_OPS/Shadow_OPS/Content/FirstPersonBP/Blueprints/FirstPersonHUD.uasset' failed to load '/Game/Pictures/main': Can't find file.
[2020.03.12-18.07.49:932][408]LogLinker: Warning: While loading '../../../../../UEProjects/Shadow_OPS/Shadow_OPS/Content/FirstPersonBP/Blueprints/FirstPersonHUD.uasset' failed to load '/Game/Pictures/main_pressed': Can't find file.
[2020.03.12-18.07.49:932][408]LoadErrors: Failed to load /Game/Pictures/main_pressed.main_pressed Referenced by selectlevel
[2020.03.12-18.07.49:933][408]LogLinker: Warning: While loading '../../../../../UEProjects/Shadow_OPS/Shadow_OPS/Content/FirstPersonBP/Blueprints/FirstPersonHUD.uasset' failed to load '/Game/Pictures/main_pressed': Can't find file.
[2020.03.12-18.07.49:933][408]LogLinker: Warning: While loading '../../../../../UEProjects/Shadow_OPS/Shadow_OPS/Content/FirstPersonBP/Blueprints/FirstPersonHUD.uasset' failed to load '/Game/Pictures/main': Can't find file.
[2020.03.12-18.07.49:933][408]LoadErrors: Failed to load /Game/Pictures/main.main Referenced by options
[2020.03.12-18.07.49:933][408]LogLinker: Warning: While loading '../../../../../UEProjects/Shadow_OPS/Shadow_OPS/Content/FirstPersonBP/Blueprints/FirstPersonHUD.uasset' failed to load '/Game/Pictures/main': Can't find file.
[2020.03.12-18.07.49:933][408]LogLinker: Warning: While loading '../../../../../UEProjects/Shadow_OPS/Shadow_OPS/Content/FirstPersonBP/Blueprints/FirstPersonHUD.uasset' failed to load '/Game/Pictures/main': Can't find file.
[2020.03.12-18.07.49:934][408]LogLinker: Warning: While loading '../../../../../UEProjects/Shadow_OPS/Shadow_OPS/Content/FirstPersonBP/Blueprints/FirstPersonHUD.uasset' failed to load '/Game/Pictures/main': Can't find file.
[2020.03.12-18.07.49:934][408]LogLinker: Warning: While loading '../../../../../UEProjects/Shadow_OPS/Shadow_OPS/Content/FirstPersonBP/Blueprints/FirstPersonHUD.uasset' failed to load '/Game/Pictures/main_pressed': Can't find file.
[2020.03.12-18.07.49:934][408]LoadErrors: Failed to load /Game/Pictures/main_pressed.main_pressed Referenced by options
[2020.03.12-18.07.49:934][408]LogLinker: Warning: While loading '../../../../../UEProjects/Shadow_OPS/Shadow_OPS/Content/FirstPersonBP/Blueprints/FirstPersonHUD.uasset' failed to load '/Game/Pictures/main_pressed': Can't find file.
[2020.03.12-18.07.49:934][408]LogLinker: Warning: While loading '../../../../../UEProjects/Shadow_OPS/Shadow_OPS/Content/FirstPersonBP/Blueprints/FirstPersonHUD.uasset' failed to load '/Game/Pictures/main': Can't find file.
[2020.03.12-18.07.49:934][408]LoadErrors: Failed to load /Game/Pictures/main.main Referenced by exit
[2020.03.12-18.07.49:935][408]LogLinker: Warning: While loading '../../../../../UEProjects/Shadow_OPS/Shadow_OPS/Content/FirstPersonBP/Blueprints/FirstPersonHUD.uasset' failed to load '/Game/Pictures/main': Can't find file.
[2020.03.12-18.07.49:935][408]LogLinker: Warning: While loading '../../../../../UEProjects/Shadow_OPS/Shadow_OPS/Content/FirstPersonBP/Blueprints/FirstPersonHUD.uasset' failed to load '/Game/Pictures/main': Can't find file.
[2020.03.12-18.07.49:935][408]LogLinker: Warning: While loading '../../../../../UEProjects/Shadow_OPS/Shadow_OPS/Content/FirstPersonBP/Blueprints/FirstPersonHUD.uasset' failed to load '/Game/Pictures/main': Can't find file.
[2020.03.12-18.07.49:935][408]LogLinker: Warning: While loading '../../../../../UEProjects/Shadow_OPS/Shadow_OPS/Content/FirstPersonBP/Blueprints/FirstPersonHUD.uasset' failed to load '/Game/Pictures/main_pressed': Can't find file.
[2020.03.12-18.07.49:935][408]LoadErrors: Failed to load /Game/Pictures/main_pressed.main_pressed Referenced by exit
[2020.03.12-18.07.49:936][408]LogLinker: Warning: While loading '../../../../../UEProjects/Shadow_OPS/Shadow_OPS/Content/FirstPersonBP/Blueprints/FirstPersonHUD.uasset' failed to load '/Game/Pictures/main_pressed': Can't find file.
[2020.03.12-18.07.49:936][408]LogLinker: Warning: While loading '../../../../../UEProjects/Shadow_OPS/Shadow_OPS/Content/FirstPersonBP/Blueprints/FirstPersonHUD.uasset' failed to load '/Game/Pictures/main': Can't find file.
[2020.03.12-18.07.49:936][408]LoadErrors: Failed to load /Game/Pictures/main.main Referenced by 4K
[2020.03.12-18.07.49:936][408]LogLinker: Warning: While loading '../../../../../UEProjects/Shadow_OPS/Shadow_OPS/Content/FirstPersonBP/Blueprints/FirstPersonHUD.uasset' failed to load '/Game/Pictures/main': Can't find file.
[2020.03.12-18.07.49:936][408]LogLinker: Warning: While loading '../../../../../UEProjects/Shadow_OPS/Shadow_OPS/Content/FirstPersonBP/Blueprints/FirstPersonHUD.uasset' failed to load '/Game/Pictures/main': Can't find file.
[2020.03.12-18.07.49:936][408]LogLinker: Warning: While loading '../../../../../UEProjects/Shadow_OPS/Shadow_OPS/Content/FirstPersonBP/Blueprints/FirstPersonHUD.uasset' failed to load '/Game/Pictures/main': Can't find file.
[2020.03.12-18.07.49:937][408]LogLinker: Warning: While loading '../../../../../UEProjects/Shadow_OPS/Shadow_OPS/Content/FirstPersonBP/Blueprints/FirstPersonHUD.uasset' failed to load '/Game/Pictures/main_pressed': Can't find file.
[2020.03.12-18.07.49:937][408]LoadErrors: Failed to load /Game/Pictures/main_pressed.main_pressed Referenced by 4K
[2020.03.12-18.07.49:937][408]LogLinker: Warning: While loading '../../../../../UEProjects/Shadow_OPS/Shadow_OPS/Content/FirstPersonBP/Blueprints/FirstPersonHUD.uasset' failed to load '/Game/Pictures/main_pressed': Can't find file.
[2020.03.12-18.07.49:937][408]LogLinker: Warning: While loading '../../../../../UEProjects/Shadow_OPS/Shadow_OPS/Content/FirstPersonBP/Blueprints/FirstPersonHUD.uasset' failed to load '/Game/Pictures/main': Can't find file.
[2020.03.12-18.07.49:937][408]LoadErrors: Failed to load /Game/Pictures/main.main Referenced by FHD
[2020.03.12-18.07.49:937][408]LogLinker: Warning: While loading '../../../../../UEProjects/Shadow_OPS/Shadow_OPS/Content/FirstPersonBP/Blueprints/FirstPersonHUD.uasset' failed to load '/Game/Pictures/main': Can't find file.
[2020.03.12-18.07.49:938][408]LogLinker: Warning: While loading '../../../../../UEProjects/Shadow_OPS/Shadow_OPS/Content/FirstPersonBP/Blueprints/FirstPersonHUD.uasset' failed to load '/Game/Pictures/main': Can't find file.
[2020.03.12-18.07.49:938][408]LogLinker: Warning: While loading '../../../../../UEProjects/Shadow_OPS/Shadow_OPS/Content/FirstPersonBP/Blueprints/FirstPersonHUD.uasset' failed to load '/Game/Pictures/main': Can't find file.
[2020.03.12-18.07.49:938][408]LogLinker: Warning: While loading '../../../../../UEProjects/Shadow_OPS/Shadow_OPS/Content/FirstPersonBP/Blueprints/FirstPersonHUD.uasset' failed to load '/Game/Pictures/main_pressed': Can't find file.
[2020.03.12-18.07.49:938][408]LoadErrors: Failed to load /Game/Pictures/main_pressed.main_pressed Referenced by FHD
[2020.03.12-18.07.49:938][408]LogLinker: Warning: While loading '../../../../../UEProjects/Shadow_OPS/Shadow_OPS/Content/FirstPersonBP/Blueprints/FirstPersonHUD.uasset' failed to load '/Game/Pictures/main_pressed': Can't find file.
[2020.03.12-18.07.49:939][408]LogLinker: Warning: While loading '../../../../../UEProjects/Shadow_OPS/Shadow_OPS/Content/FirstPersonBP/Blueprints/FirstPersonHUD.uasset' failed to load '/Game/Pictures/main': Can't find file.
[2020.03.12-18.07.49:939][408]LoadErrors: Failed to load /Game/Pictures/main.main Referenced by HD
[2020.03.12-18.07.49:939][408]LogLinker: Warning: While loading '../../../../../UEProjects/Shadow_OPS/Shadow_OPS/Content/FirstPersonBP/Blueprints/FirstPersonHUD.uasset' failed to load '/Game/Pictures/main': Can't find file.
[2020.03.12-18.07.49:939][408]LogLinker: Warning: While loading '../../../../../UEProjects/Shadow_OPS/Shadow_OPS/Content/FirstPersonBP/Blueprints/FirstPersonHUD.uasset' failed to load '/Game/Pictures/main': Can't find file.
[2020.03.12-18.07.49:939][408]LogLinker: Warning: While loading '../../../../../UEProjects/Shadow_OPS/Shadow_OPS/Content/FirstPersonBP/Blueprints/FirstPersonHUD.uasset' failed to load '/Game/Pictures/main': Can't find file.
[2020.03.12-18.07.49:940][408]LogLinker: Warning: While loading '../../../../../UEProjects/Shadow_OPS/Shadow_OPS/Content/FirstPersonBP/Blueprints/FirstPersonHUD.uasset' failed to load '/Game/Pictures/main_pressed': Can't find file.
[2020.03.12-18.07.49:940][408]LoadErrors: Failed to load /Game/Pictures/main_pressed.main_pressed Referenced by HD
[2020.03.12-18.07.49:940][408]LogLinker: Warning: While loading '../../../../../UEProjects/Shadow_OPS/Shadow_OPS/Content/FirstPersonBP/Blueprints/FirstPersonHUD.uasset' failed to load '/Game/Pictures/main_pressed': Can't find file.
[2020.03.12-18.07.49:940][408]LogLinker: Warning: While loading '../../../../../UEProjects/Shadow_OPS/Shadow_OPS/Content/FirstPersonBP/Blueprints/FirstPersonHUD.uasset' failed to load '/Game/Pictures/main': Can't find file.
[2020.03.12-18.07.49:940][408]LoadErrors: Failed to load /Game/Pictures/main.main Referenced by Backfromoptions
[2020.03.12-18.07.49:940][408]LogLinker: Warning: While loading '../../../../../UEProjects/Shadow_OPS/Shadow_OPS/Content/FirstPersonBP/Blueprints/FirstPersonHUD.uasset' failed to load '/Game/Pictures/main': Can't find file.
[2020.03.12-18.07.49:940][408]LogLinker: Warning: While loading '../../../../../UEProjects/Shadow_OPS/Shadow_OPS/Content/FirstPersonBP/Blueprints/FirstPersonHUD.uasset' failed to load '/Game/Pictures/main': Can't find file.
[2020.03.12-18.07.49:941][408]LogLinker: Warning: While loading '../../../../../UEProjects/Shadow_OPS/Shadow_OPS/Content/FirstPersonBP/Blueprints/FirstPersonHUD.uasset' failed to load '/Game/Pictures/main': Can't find file.
[2020.03.12-18.07.49:941][408]LogLinker: Warning: While loading '../../../../../UEProjects/Shadow_OPS/Shadow_OPS/Content/FirstPersonBP/Blueprints/FirstPersonHUD.uasset' failed to load '/Game/Pictures/main_pressed': Can't find file.
[2020.03.12-18.07.49:941][408]LoadErrors: Failed to load /Game/Pictures/main_pressed.main_pressed Referenced by Backfromoptions
[2020.03.12-18.07.49:941][408]LogLinker: Warning: While loading '../../../../../UEProjects/Shadow_OPS/Shadow_OPS/Content/FirstPersonBP/Blueprints/FirstPersonHUD.uasset' failed to load '/Game/Pictures/main_pressed': Can't find file.
[2020.03.12-18.07.49:941][408]LogLinker: Warning: While loading '../../../../../UEProjects/Shadow_OPS/Shadow_OPS/Content/FirstPersonBP/Blueprints/FirstPersonHUD.uasset' failed to load '/Game/Pictures/main': Can't find file.
[2020.03.12-18.07.49:942][408]LoadErrors: Failed to load /Game/Pictures/main.main Referenced by commingsoon
[2020.03.12-18.07.49:942][408]LogLinker: Warning: While loading '../../../../../UEProjects/Shadow_OPS/Shadow_OPS/Content/FirstPersonBP/Blueprints/FirstPersonHUD.uasset' failed to load '/Game/Pictures/main': Can't find file.
[2020.03.12-18.07.49:942][408]LogLinker: Warning: While loading '../../../../../UEProjects/Shadow_OPS/Shadow_OPS/Content/FirstPersonBP/Blueprints/FirstPersonHUD.uasset' failed to load '/Game/Pictures/main': Can't find file.
[2020.03.12-18.07.49:942][408]LogLinker: Warning: While loading '../../../../../UEProjects/Shadow_OPS/Shadow_OPS/Content/FirstPersonBP/Blueprints/FirstPersonHUD.uasset' failed to load '/Game/Pictures/main': Can't find file.
[2020.03.12-18.07.49:942][408]LogLinker: Warning: While loading '../../../../../UEProjects/Shadow_OPS/Shadow_OPS/Content/FirstPersonBP/Blueprints/FirstPersonHUD.uasset' failed to load '/Game/Pictures/main_pressed': Can't find file.
[2020.03.12-18.07.49:942][408]LoadErrors: Failed to load /Game/Pictures/main_pressed.main_pressed Referenced by commingsoon
[2020.03.12-18.07.49:943][408]LogLinker: Warning: While loading '../../../../../UEProjects/Shadow_OPS/Shadow_OPS/Content/FirstPersonBP/Blueprints/FirstPersonHUD.uasset' failed to load '/Game/Pictures/main_pressed': Can't find file.
[2020.03.12-18.07.49:943][408]LogLinker: Warning: While loading '../../../../../UEProjects/Shadow_OPS/Shadow_OPS/Content/FirstPersonBP/Blueprints/FirstPersonHUD.uasset' failed to load '/Game/Pictures/main': Can't find file.
[2020.03.12-18.07.49:943][408]LoadErrors: Failed to load /Game/Pictures/main.main Referenced by map_def
[2020.03.12-18.07.49:943][408]LogLinker: Warning: While loading '../../../../../UEProjects/Shadow_OPS/Shadow_OPS/Content/FirstPersonBP/Blueprints/FirstPersonHUD.uasset' failed to load '/Game/Pictures/main': Can't find file.
[2020.03.12-18.07.49:943][408]LogLinker: Warning: While loading '../../../../../UEProjects/Shadow_OPS/Shadow_OPS/Content/FirstPersonBP/Blueprints/FirstPersonHUD.uasset' failed to load '/Game/Pictures/main': Can't find file.
[2020.03.12-18.07.49:944][408]LogLinker: Warning: While loading '../../../../../UEProjects/Shadow_OPS/Shadow_OPS/Content/FirstPersonBP/Blueprints/FirstPersonHUD.uasset' failed to load '/Game/Pictures/main': Can't find file.
[2020.03.12-18.07.49:944][408]LogLinker: Warning: While loading '../../../../../UEProjects/Shadow_OPS/Shadow_OPS/Content/FirstPersonBP/Blueprints/FirstPersonHUD.uasset' failed to load '/Game/Pictures/main_pressed': Can't find file.
[2020.03.12-18.07.49:944][408]LoadErrors: Failed to load /Game/Pictures/main_pressed.main_pressed Referenced by map_def
[2020.03.12-18.07.49:944][408]LogLinker: Warning: While loading '../../../../../UEProjects/Shadow_OPS/Shadow_OPS/Content/FirstPersonBP/Blueprints/FirstPersonHUD.uasset' failed to load '/Game/Pictures/main_pressed': Can't find file.
[2020.03.12-18.07.49:944][408]LogLinker: Warning: While loading '../../../../../UEProjects/Shadow_OPS/Shadow_OPS/Content/FirstPersonBP/Blueprints/FirstPersonHUD.uasset' failed to load '/Game/Pictures/main': Can't find file.
[2020.03.12-18.07.49:944][408]LoadErrors: Failed to load /Game/Pictures/main.main Referenced by Backfromselectmap
[2020.03.12-18.07.49:945][408]LogLinker: Warning: While loading '../../../../../UEProjects/Shadow_OPS/Shadow_OPS/Content/FirstPersonBP/Blueprints/FirstPersonHUD.uasset' failed to load '/Game/Pictures/main': Can't find file.
[2020.03.12-18.07.49:945][408]LogLinker: Warning: While loading '../../../../../UEProjects/Shadow_OPS/Shadow_OPS/Content/FirstPersonBP/Blueprints/FirstPersonHUD.uasset' failed to load '/Game/Pictures/main': Can't find file.
[2020.03.12-18.07.49:945][408]LogLinker: Warning: While loading '../../../../../UEProjects/Shadow_OPS/Shadow_OPS/Content/FirstPersonBP/Blueprints/FirstPersonHUD.uasset' failed to load '/Game/Pictures/main': Can't find file.
[2020.03.12-18.07.49:945][408]LogLinker: Warning: While loading '../../../../../UEProjects/Shadow_OPS/Shadow_OPS/Content/FirstPersonBP/Blueprints/FirstPersonHUD.uasset' failed to load '/Game/Pictures/main_pressed': Can't find file.
[2020.03.12-18.07.49:945][408]LoadErrors: Failed to load /Game/Pictures/main_pressed.main_pressed Referenced by Backfromselectmap
[2020.03.12-18.07.49:945][408]LogLinker: Warning: While loading '../../../../../UEProjects/Shadow_OPS/Shadow_OPS/Content/FirstPersonBP/Blueprints/FirstPersonHUD.uasset' failed to load '/Game/Pictures/main_pressed': Can't find file.
[2020.03.12-18.07.49:946][408]LogLinker: Warning: While loading '../../../../../UEProjects/Shadow_OPS/Shadow_OPS/Content/FirstPersonBP/Blueprints/FirstPersonHUD.uasset' failed to load '/Game/Pictures/main': Can't find file.
[2020.03.12-18.07.49:946][408]LoadErrors: Failed to load /Game/Pictures/main.main Referenced by Backfromselectgamemode
[2020.03.12-18.07.49:946][408]LogLinker: Warning: While loading '../../../../../UEProjects/Shadow_OPS/Shadow_OPS/Content/FirstPersonBP/Blueprints/FirstPersonHUD.uasset' failed to load '/Game/Pictures/main': Can't find file.
[2020.03.12-18.07.49:946][408]LogLinker: Warning: While loading '../../../../../UEProjects/Shadow_OPS/Shadow_OPS/Content/FirstPersonBP/Blueprints/FirstPersonHUD.uasset' failed to load '/Game/Pictures/main': Can't find file.
[2020.03.12-18.07.49:946][408]LogLinker: Warning: While loading '../../../../../UEProjects/Shadow_OPS/Shadow_OPS/Content/FirstPersonBP/Blueprints/FirstPersonHUD.uasset' failed to load '/Game/Pictures/main': Can't find file.
[2020.03.12-18.07.49:947][408]LogLinker: Warning: While loading '../../../../../UEProjects/Shadow_OPS/Shadow_OPS/Content/FirstPersonBP/Blueprints/FirstPersonHUD.uasset' failed to load '/Game/Pictures/main_pressed': Can't find file.
[2020.03.12-18.07.49:947][408]LoadErrors: Failed to load /Game/Pictures/main_pressed.main_pressed Referenced by Backfromselectgamemode
[2020.03.12-18.07.49:947][408]LogLinker: Warning: While loading '../../../../../UEProjects/Shadow_OPS/Shadow_OPS/Content/FirstPersonBP/Blueprints/FirstPersonHUD.uasset' failed to load '/Game/Pictures/main_pressed': Can't find file.
[2020.03.12-18.07.49:947][408]LogLinker: Warning: While loading '../../../../../UEProjects/Shadow_OPS/Shadow_OPS/Content/FirstPersonBP/Blueprints/FirstPersonHUD.uasset' failed to load '/Game/Pictures/main': Can't find file.
[2020.03.12-18.07.49:947][408]LoadErrors: Failed to load /Game/Pictures/main.main Referenced by teamdeathmatch
[2020.03.12-18.07.49:947][408]LogLinker: Warning: While loading '../../../../../UEProjects/Shadow_OPS/Shadow_OPS/Content/FirstPersonBP/Blueprints/FirstPersonHUD.uasset' failed to load '/Game/Pictures/main': Can't find file.
[2020.03.12-18.07.49:948][408]LogLinker: Warning: While loading '../../../../../UEProjects/Shadow_OPS/Shadow_OPS/Content/FirstPersonBP/Blueprints/FirstPersonHUD.uasset' failed to load '/Game/Pictures/main': Can't find file.
[2020.03.12-18.07.49:948][408]LogLinker: Warning: While loading '../../../../../UEProjects/Shadow_OPS/Shadow_OPS/Content/FirstPersonBP/Blueprints/FirstPersonHUD.uasset' failed to load '/Game/Pictures/main': Can't find file.
[2020.03.12-18.07.49:948][408]LogLinker: Warning: While loading '../../../../../UEProjects/Shadow_OPS/Shadow_OPS/Content/FirstPersonBP/Blueprints/FirstPersonHUD.uasset' failed to load '/Game/Pictures/main_pressed': Can't find file.
[2020.03.12-18.07.49:948][408]LoadErrors: Failed to load /Game/Pictures/main_pressed.main_pressed Referenced by teamdeathmatch
[2020.03.12-18.07.49:948][408]LogLinker: Warning: While loading '../../../../../UEProjects/Shadow_OPS/Shadow_OPS/Content/FirstPersonBP/Blueprints/FirstPersonHUD.uasset' failed to load '/Game/Pictures/main_pressed': Can't find file.
[2020.03.12-18.07.49:949][408]LogLinker: Warning: While loading '../../../../../UEProjects/Shadow_OPS/Shadow_OPS/Content/FirstPersonBP/Blueprints/FirstPersonHUD.uasset' failed to load '/Game/Pictures/main': Can't find file.
[2020.03.12-18.07.49:949][408]LoadErrors: Failed to load /Game/Pictures/main.main Referenced by basepoints
[2020.03.12-18.07.49:949][408]LogLinker: Warning: While loading '../../../../../UEProjects/Shadow_OPS/Shadow_OPS/Content/FirstPersonBP/Blueprints/FirstPersonHUD.uasset' failed to load '/Game/Pictures/main': Can't find file.
[2020.03.12-18.07.49:949][408]LogLinker: Warning: While loading '../../../../../UEProjects/Shadow_OPS/Shadow_OPS/Content/FirstPersonBP/Blueprints/FirstPersonHUD.uasset' failed to load '/Game/Pictures/main': Can't find file.
[2020.03.12-18.07.49:949][408]LogLinker: Warning: While loading '../../../../../UEProjects/Shadow_OPS/Shadow_OPS/Content/FirstPersonBP/Blueprints/FirstPersonHUD.uasset' failed to load '/Game/Pictures/main': Can't find file.
[2020.03.12-18.07.49:949][408]LogLinker: Warning: While loading '../../../../../UEProjects/Shadow_OPS/Shadow_OPS/Content/FirstPersonBP/Blueprints/FirstPersonHUD.uasset' failed to load '/Game/Pictures/main_pressed': Can't find file.
[2020.03.12-18.07.49:949][408]LoadErrors: Failed to load /Game/Pictures/main_pressed.main_pressed Referenced by basepoints
[2020.03.12-18.07.49:950][408]LogLinker: Warning: While loading '../../../../../UEProjects/Shadow_OPS/Shadow_OPS/Content/FirstPersonBP/Blueprints/FirstPersonHUD.uasset' failed to load '/Game/Pictures/main_pressed': Can't find file.
[2020.03.12-18.07.49:950][408]LogLinker: Warning: While loading '../../../../../UEProjects/Shadow_OPS/Shadow_OPS/Content/FirstPersonBP/Blueprints/FirstPersonHUD.uasset' failed to load '/Game/Pictures/main': Can't find file.
[2020.03.12-18.07.49:950][408]LoadErrors: Failed to load /Game/Pictures/main.main Referenced by capturethefalg
[2020.03.12-18.07.49:950][408]LogLinker: Warning: While loading '../../../../../UEProjects/Shadow_OPS/Shadow_OPS/Content/FirstPersonBP/Blueprints/FirstPersonHUD.uasset' failed to load '/Game/Pictures/main': Can't find file.
[2020.03.12-18.07.49:950][408]LogLinker: Warning: While loading '../../../../../UEProjects/Shadow_OPS/Shadow_OPS/Content/FirstPersonBP/Blueprints/FirstPersonHUD.uasset' failed to load '/Game/Pictures/main': Can't find file.
[2020.03.12-18.07.49:951][408]LogLinker: Warning: While loading '../../../../../UEProjects/Shadow_OPS/Shadow_OPS/Content/FirstPersonBP/Blueprints/FirstPersonHUD.uasset' failed to load '/Game/Pictures/main': Can't find file.
[2020.03.12-18.07.49:951][408]LogLinker: Warning: While loading '../../../../../UEProjects/Shadow_OPS/Shadow_OPS/Content/FirstPersonBP/Blueprints/FirstPersonHUD.uasset' failed to load '/Game/Pictures/main_pressed': Can't find file.
[2020.03.12-18.07.49:951][408]LoadErrors: Failed to load /Game/Pictures/main_pressed.main_pressed Referenced by capturethefalg
[2020.03.12-18.07.49:951][408]LogLinker: Warning: While loading '../../../../../UEProjects/Shadow_OPS/Shadow_OPS/Content/FirstPersonBP/Blueprints/FirstPersonHUD.uasset' failed to load '/Game/Pictures/main_pressed': Can't find file.
[2020.03.12-18.07.50:073][408]LogLoad: Game class is 'FirstPersonGameMode_C'
[2020.03.12-18.07.50:082][408]LogWorld: Bringing World /Game/FirstPersonBP/Maps/UEDPIE_0_def_map.def_map up for play (max tick rate 0) at 2020.03.12-19.07.50
[2020.03.12-18.07.50:083][408]LogWorld: Bringing up level for play took: 0.007952
[2020.03.12-18.07.50:083][408]LogOnline: OSS: Creating online subsystem instance for: :Context_5
[2020.03.12-18.07.50:086][408]LogContentBrowser: Native class hierarchy updated for 'MovieSceneCapture' in 0.0003 seconds. Added 20 classes and 0 folders.
[2020.03.12-18.07.50:089][408]PIE: Play in editor start time for /Game/FirstPersonBP/Maps/UEDPIE_0_def_map -0,41
[2020.03.12-18.08.50:782][983]LogAudioMixer: Display: No commands were queued while flushing the source manager.
[2020.03.12-18.08.50:796][983]LogAudioMixer: Display: Flush succeeded in the source manager command queue (1).
[2020.03.12-18.08.50:816][983]LogAudioMixer: Display: Flush succeeded the source manager command queue (2).
[2020.03.12-18.08.50:816][983]LogSlate: Updating window title bar state: overlay mode, drag disabled, window buttons hidden, title bar hidden
[2020.03.12-18.08.50:816][983]LogWorld: BeginTearingDown for /Game/FirstPersonBP/Maps/UEDPIE_0_def_map
[2020.03.12-18.08.50:816][983]LogAudioMixer: Display: No commands were queued while flushing the source manager.
[2020.03.12-18.08.50:816][983]LogWorld: UWorld::CleanupWorld for def_map, bSessionEnded=true, bCleanupResources=true
[2020.03.12-18.08.50:818][983]LogSlate: InvalidateAllWidgets triggered.  All widgets were invalidated
[2020.03.12-18.08.50:822][983]LogPlayLevel: Display: Shutting down PIE online subsystems
[2020.03.12-18.08.50:827][983]LogSlate: InvalidateAllWidgets triggered.  All widgets were invalidated
[2020.03.12-18.08.50:855][983]LogAudioMixer: Display: No commands were queued while flushing the source manager.
[2020.03.12-18.08.50:858][983]LogSlate: Updating window title bar state: overlay mode, drag disabled, window buttons hidden, title bar hidden
[2020.03.12-18.08.50:892][983]LogUObjectHash: Compacting FUObjectHashTables data took   5.84ms
[2020.03.12-18.08.50:917][984]LogPlayLevel: Display: Destroying online subsystem :Context_5
[2020.03.12-18.08.58:143][462]LogAssetEditorSubsystem: Opening Asset editor for Blueprint /Game/Blueprints/BPTeleport.BPTeleport
[2020.03.12-18.10.00:078][738]LogRenderer: Reallocating scene render targets to support 1292x900 Format 10 NumSamples 1 (Frame:1).
[2020.03.12-18.16.20:056][680]LogUObjectHash: Compacting FUObjectHashTables data took   3.12ms
[2020.03.12-18.16.50:626][680]LogSavePackage: Moving '../../../../../UEProjects/Shadow_OPS/Shadow_OPS/Saved/def_map_Auto18629509F4E2EA14AF98D32B0A8C3E194.tmp' to '../../../../../UEProjects/Shadow_OPS/Shadow_OPS/Saved/Autosaves/Game/FirstPersonBP/Maps/def_map_Auto1.umap'
[2020.03.12-18.16.50:655][680]LogFileHelpers: Editor autosave (incl. sublevels) for '/Game/FirstPersonBP/Maps/def_map' took 30.631
[2020.03.12-18.16.50:655][680]LogFileHelpers: Editor autosave (incl. sublevels) for all levels took 30.631
[2020.03.12-18.16.50:656][680]OBJ SavePackage: Generating thumbnails for [1] asset(s) in package [/Game/Blueprints/BPTeleport] ([1] browsable assets)...
[2020.03.12-18.16.50:705][680]OBJ SavePackage:     Rendered thumbnail for [Blueprint /Game/Blueprints/BPTeleport.BPTeleport]
[2020.03.12-18.16.50:705][680]OBJ SavePackage: Finished generating thumbnails for package [/Game/Blueprints/BPTeleport]
[2020.03.12-18.16.50:705][680]Cmd: OBJ SAVEPACKAGE PACKAGE="/Game/Blueprints/BPTeleport" FILE="../../../../../UEProjects/Shadow_OPS/Shadow_OPS/Saved/Autosaves/Game/Blueprints/BPTeleport_Auto1.uasset" SILENT=false AUTOSAVING=true
[2020.03.12-18.16.52:036][680]LogSavePackage: Moving '../../../../../UEProjects/Shadow_OPS/Shadow_OPS/Saved/BPTeleport_Auto1B87E1C224420FE54D13ACE8406D4C3EF.tmp' to '../../../../../UEProjects/Shadow_OPS/Shadow_OPS/Saved/Autosaves/Game/Blueprints/BPTeleport_Auto1.uasset'
[2020.03.12-18.16.52:052][680]LogFileHelpers: Auto-saving content packages took 1.397
[2020.03.12-18.26.45:339][342]BlueprintLog: New page: Compile BPTeleport
[2020.03.12-18.26.45:636][342]LogUObjectHash: Compacting FUObjectHashTables data took   5.11ms
[2020.03.12-18.26.45:905][342]Cmd: OBJ SAVEPACKAGE PACKAGE="/Game/Blueprints/BPTeleport" FILE="../../../../../UEProjects/Shadow_OPS/Shadow_OPS/Content/Blueprints/BPTeleport.uasset" SILENT=true
[2020.03.12-18.26.47:103][342]LogSavePackage: Moving '../../../../../UEProjects/Shadow_OPS/Shadow_OPS/Saved/BPTeleport021D5E1C4F457763EA70FABAC177B795.tmp' to '../../../../../UEProjects/Shadow_OPS/Shadow_OPS/Content/Blueprints/BPTeleport.uasset'
[2020.03.12-18.26.47:172][342]AssetCheck: New page: Asset Save: BPTeleport
[2020.03.12-18.26.47:172][342]LogContentValidation: Display: Validating Blueprint /Game/Blueprints/BPTeleport.BPTeleport
[2020.03.12-18.26.47:912][418]Cmd: OBJ SAVEPACKAGE PACKAGE="/Game/Blueprints/BPTeleport" FILE="../../../../../UEProjects/Shadow_OPS/Shadow_OPS/Content/Blueprints/BPTeleport.uasset" SILENT=true
[2020.03.12-18.26.49:135][418]LogSavePackage: Moving '../../../../../UEProjects/Shadow_OPS/Shadow_OPS/Saved/BPTeleport9A5A2FE84CCB8D4BEFF18084F53E1F8F.tmp' to '../../../../../UEProjects/Shadow_OPS/Shadow_OPS/Content/Blueprints/BPTeleport.uasset'
[2020.03.12-18.26.49:175][418]AssetCheck: New page: Asset Save: BPTeleport
[2020.03.12-18.26.49:175][418]LogContentValidation: Display: Validating Blueprint /Game/Blueprints/BPTeleport.BPTeleport
[2020.03.12-18.26.51:375][569]Cmd: OBJ SAVEPACKAGE PACKAGE="/Game/FirstPersonBP/Maps/def_map" FILE="../../../../../UEProjects/Shadow_OPS/Shadow_OPS/Content/FirstPersonBP/Maps/def_map.umap" SILENT=true AUTOSAVING=false KEEPDIRTY=false
[2020.03.12-18.26.51:443][569]LogUObjectHash: Compacting FUObjectHashTables data took   3.93ms
[2020.03.12-18.27.20:751][569]LogSavePackage: Moving '../../../../../UEProjects/Shadow_OPS/Shadow_OPS/Saved/def_mapAB4B1F1E48D48B3F41D798BC2C37D1C0.tmp' to '../../../../../UEProjects/Shadow_OPS/Shadow_OPS/Content/FirstPersonBP/Maps/def_map.umap'
[2020.03.12-18.27.20:856][569]Cmd: OBJ SAVEPACKAGE PACKAGE="/Game/FirstPersonBP/Maps/def_map_BuiltData" FILE="../../../../../UEProjects/Shadow_OPS/Shadow_OPS/Content/FirstPersonBP/Maps/def_map_BuiltData.uasset" SILENT=true
[2020.03.12-18.27.21:218][569]LogSavePackage: Moving '../../../../../UEProjects/Shadow_OPS/Shadow_OPS/Saved/def_map_BuiltDataC3DFFB5946E6CB03234E579AE280940F.tmp' to '../../../../../UEProjects/Shadow_OPS/Shadow_OPS/Content/FirstPersonBP/Maps/def_map_BuiltData.uasset'
[2020.03.12-18.27.21:253][569]AssetCheck: New page: Asset Save: multiple assets
[2020.03.12-18.27.21:253][569]LogContentValidation: Display: Validating World /Game/FirstPersonBP/Maps/def_map.def_map
[2020.03.12-18.27.21:253][569]LogContentValidation: Display: Validating MapBuildDataRegistry /Game/FirstPersonBP/Maps/def_map_BuiltData.def_map_BuiltData
