Log file open, 03/11/20 22:21:38
LogWindows: Failed to load 'aqProf.dll' (GetLastError=126)
LogWindows: File 'aqProf.dll' does not exist
LogWindows: Failed to load 'VtuneApi.dll' (GetLastError=126)
LogWindows: File 'VtuneApi.dll' does not exist
LogWindows: Failed to load 'VtuneApi32e.dll' (GetLastError=126)
LogWindows: File 'VtuneApi32e.dll' does not exist
LogConsoleResponse: Display: Failed to find resolution value strings in scalability ini. Falling back to default.
LogInit: Display: Running engine for game: Shadow_OPS
LogPlatformFile: Not using cached read wrapper
LogTaskGraph: Started task graph with 5 named threads and 23 total threads with 3 sets of task threads.
LogStats: Stats thread started at 0.115749
LogD3D11RHI: Loaded GFSDK_Aftermath_Lib.x64.dll
LogICUInternationalization: ICU TimeZone Detection - Raw Offset: +1:00, Platform Override: ''
LogPluginManager: Mounting plugin Paper2D
LogPluginManager: Mounting plugin AISupport
LogPluginManager: Mounting plugin LightPropagationVolume
LogPluginManager: Mounting plugin ActorLayerUtilities
LogPluginManager: Mounting plugin AnimationSharing
LogPluginManager: Mounting plugin CLionSourceCodeAccess
LogPluginManager: Mounting plugin CodeLiteSourceCodeAccess
LogPluginManager: Mounting plugin GitSourceControl
LogPluginManager: Mounting plugin KDevelopSourceCodeAccess
LogPluginManager: Mounting plugin NullSourceCodeAccess
LogPluginManager: Mounting plugin PerforceSourceControl
LogPluginManager: Mounting plugin PlasticSourceControl
LogPluginManager: Mounting plugin SubversionSourceControl
LogPluginManager: Mounting plugin UObjectPlugin
LogPluginManager: Mounting plugin VisualStudioCodeSourceCodeAccess
LogPluginManager: Mounting plugin VisualStudioSourceCodeAccess
LogPluginManager: Mounting plugin XCodeSourceCodeAccess
LogPluginManager: Mounting plugin AssetManagerEditor
LogPluginManager: Mounting plugin CryptoKeys
LogPluginManager: Mounting plugin CurveEditorTools
LogPluginManager: Mounting plugin DataValidation
LogPluginManager: Mounting plugin FacialAnimation
LogPluginManager: Mounting plugin GameplayTagsEditor
LogPluginManager: Mounting plugin MacGraphicsSwitching
LogPluginManager: Mounting plugin MaterialAnalyzer
LogPluginManager: Mounting plugin MobileLauncherProfileWizard
LogPluginManager: Mounting plugin PluginBrowser
LogPluginManager: Mounting plugin SpeedTreeImporter
LogPluginManager: Mounting plugin DatasmithContent
LogPluginManager: Mounting plugin VariantManagerContent
LogPluginManager: Mounting plugin AlembicImporter
LogPluginManager: Mounting plugin AutomationUtils
LogPluginManager: Mounting plugin BackChannel
LogPluginManager: Mounting plugin CharacterAI
LogPluginManager: Mounting plugin GeometryCache
LogPluginManager: Mounting plugin PlatformCrypto
LogPluginManager: Mounting plugin ProxyLODPlugin
LogPluginManager: Mounting plugin SkeletalReduction
LogPluginManager: Mounting plugin MagicLeap
LogPluginManager: Mounting plugin MagicLeapMedia
LogPluginManager: Mounting plugin MLSDK
LogPluginManager: Mounting plugin AndroidMedia
LogPluginManager: Mounting plugin AvfMedia
LogPluginManager: Mounting plugin ImgMedia
LogPluginManager: Mounting plugin MediaCompositing
LogPluginManager: Mounting plugin MediaPlayerEditor
LogPluginManager: Mounting plugin WebMMedia
LogPluginManager: Mounting plugin WmfMedia
LogPluginManager: Mounting plugin TcpMessaging
LogPluginManager: Mounting plugin UdpMessaging
LogPluginManager: Mounting plugin ActorSequence
LogPluginManager: Mounting plugin LevelSequenceEditor
LogPluginManager: Mounting plugin MatineeToLevelSequence
LogPluginManager: Mounting plugin NetcodeUnitTest
LogPluginManager: Mounting plugin NUTUnrealEngine4
LogPluginManager: Mounting plugin OnlineSubsystemGooglePlay
LogPluginManager: Mounting plugin OnlineSubsystemIOS
LogPluginManager: Mounting plugin OnlineSubsystem
LogPluginManager: Mounting plugin OnlineSubsystemNull
LogPluginManager: Mounting plugin OnlineSubsystemUtils
LogPluginManager: Mounting plugin LauncherChunkInstaller
LogPluginManager: Mounting plugin AndroidDeviceProfileSelector
LogPluginManager: Mounting plugin AndroidMoviePlayer
LogPluginManager: Mounting plugin AndroidPermission
LogPluginManager: Mounting plugin AppleImageUtils
LogPluginManager: Mounting plugin AppleMoviePlayer
LogPluginManager: Mounting plugin ArchVisCharacter
LogPluginManager: Mounting plugin AssetTags
LogPluginManager: Mounting plugin AudioCapture
LogPluginManager: Mounting plugin CableComponent
LogPluginManager: Mounting plugin CustomMeshComponent
LogPluginManager: Mounting plugin EditableMesh
LogPluginManager: Mounting plugin ExampleDeviceProfileSelector
LogPluginManager: Mounting plugin GoogleCloudMessaging
LogPluginManager: Mounting plugin IOSDeviceProfileSelector
LogPluginManager: Mounting plugin LinuxDeviceProfileSelector
LogPluginManager: Mounting plugin LocationServicesBPLibrary
LogPluginManager: Mounting plugin MobilePatchingUtils
LogPluginManager: Mounting plugin OculusVR
LogPluginManager: Mounting plugin PhysXVehicles
LogPluginManager: Mounting plugin PostSplashScreen
LogPluginManager: Mounting plugin ProceduralMeshComponent
LogPluginManager: Mounting plugin RuntimePhysXCooking
LogPluginManager: Mounting plugin SignificanceManager
LogPluginManager: Mounting plugin SteamVR
LogPluginManager: Mounting plugin WebMMoviePlayer
LogPluginManager: Mounting plugin WindowsMoviePlayer
LogPluginManager: Mounting plugin ScreenshotTools
LogInit: Using libcurl 7.55.1-DEV
LogInit:  - built for x86_64-pc-win32
LogInit:  - supports SSL with OpenSSL/1.1.1
LogInit:  - supports HTTP deflate (compression) using libz 1.2.8
LogInit:  - other features:
LogInit:      CURL_VERSION_SSL
LogInit:      CURL_VERSION_LIBZ
LogInit:      CURL_VERSION_IPV6
LogInit:      CURL_VERSION_ASYNCHDNS
LogInit:      CURL_VERSION_LARGEFILE
LogInit:      CURL_VERSION_IDN
LogInit:  CurlRequestOptions (configurable via config and command line):
LogInit:  - bVerifyPeer = true  - Libcurl will verify peer certificate
LogInit:  - bUseHttpProxy = false  - Libcurl will NOT use HTTP proxy
LogInit:  - bDontReuseConnections = false  - Libcurl will reuse connections
LogInit:  - MaxHostConnections = 16  - Libcurl will limit the number of connections to a host
LogInit:  - LocalHostAddr = Default
LogInit:  - BufferSize = 65536
LogOnline: OSS: Creating online subsystem instance for: NULL
LogInit: WinSock: version 1.1 (2.2), MaxSocks=32767, MaxUdp=65467
LogOnline: OSS: TryLoadSubsystemAndSetDefault: Loaded subsystem for module [NULL]
LogInit: Build: ++UE4+Release-4.24-CL-11590370
LogInit: Engine Version: 4.24.3-11590370+++UE4+Release-4.24
LogInit: Compatible Engine Version: 4.24.0-10570792+++UE4+Release-4.24
LogInit: Net CL: 10570792
LogInit: OS: Windows 10 (Release 1909) (), CPU: Intel(R) Core(TM) i7-6700HQ CPU @ 2.60GHz, GPU: Intel(R) HD Graphics 530
LogInit: Compiled (64-bit): Feb 24 2020 15:39:18
LogInit: Compiled with Visual C++: 19.16.27032.01
LogInit: Build Configuration: Development
LogInit: Branch Name: ++UE4+Release-4.24
LogInit: Command Line: 
LogInit: Base Directory: E:/Program Files/Epic Games/UE_4.24/Engine/Binaries/Win64/
LogInit: Installed Engine Build: 1
LogDevObjectVersion: Number of dev versions registered: 25
LogDevObjectVersion:   Dev-Blueprints (B0D832E4-1F89-4F0D-ACCF-7EB736FD4AA2): 10
LogDevObjectVersion:   Dev-Build (E1C64328-A22C-4D53-A36C-8E866417BD8C): 0
LogDevObjectVersion:   Dev-Core (375EC13C-06E4-48FB-B500-84F0262A717E): 3
LogDevObjectVersion:   Dev-Editor (E4B068ED-F494-42E9-A231-DA0B2E46BB41): 37
LogDevObjectVersion:   Dev-Framework (CFFC743F-43B0-4480-9391-14DF171D2073): 36
LogDevObjectVersion:   Dev-Mobile (B02B49B5-BB20-44E9-A304-32B752E40360): 2
LogDevObjectVersion:   Dev-Networking (A4E4105C-59A1-49B5-A7C5-40C4547EDFEE): 0
LogDevObjectVersion:   Dev-Online (39C831C9-5AE6-47DC-9A44-9C173E1C8E7C): 0
LogDevObjectVersion:   Dev-Physics (78F01B33-EBEA-4F98-B9B4-84EACCB95AA2): 2
LogDevObjectVersion:   Dev-Platform (6631380F-2D4D-43E0-8009-CF276956A95A): 0
LogDevObjectVersion:   Dev-Rendering (12F88B9F-8875-4AFC-A67C-D90C383ABD29): 36
LogDevObjectVersion:   Dev-Sequencer (7B5AE74C-D270-4C10-A958-57980B212A5A): 11
LogDevObjectVersion:   Dev-VR (D7296918-1DD6-4BDD-9DE2-64A83CC13884): 2
LogDevObjectVersion:   Dev-LoadTimes (C2A15278-BFE7-4AFE-6C17-90FF531DF755): 1
LogDevObjectVersion:   Private-Geometry (6EACA3D4-40EC-4CC1-B786-8BED09428FC5): 3
LogDevObjectVersion:   Dev-AnimPhys (29E575DD-E0A3-4627-9D10-D276232CDCEA): 17
LogDevObjectVersion:   Dev-Anim (AF43A65D-7FD3-4947-9873-3E8ED9C1BB05): 2
LogDevObjectVersion:   Dev-ReflectionCapture (6B266CEC-1EC7-4B8F-A30B-E4D90942FC07): 1
LogDevObjectVersion:   Dev-Automation (0DF73D61-A23F-47EA-B727-89E90C41499A): 1
LogDevObjectVersion:   FortniteMain (601D1886-AC64-4F84-AA16-D3DE0DEAC7D6): 31
LogDevObjectVersion:   Dev-Enterprise (9DFFBCD6-494F-0158-E221-12823C92A888): 8
LogDevObjectVersion:   Dev-Niagara (F2AED0AC-9AFE-416F-8664-AA7FFA26D6FC): 1
LogDevObjectVersion:   Dev-Destruction (174F1F0B-B4C6-45A5-B13F-2EE8D0FB917D): 9
LogDevObjectVersion:   Dev-Physics-Ext (35F94A83-E258-406C-A318-09F59610247C): 8
LogDevObjectVersion:   Dev-CineCamera (B2E18506-4273-CFC2-A54E-F4BB758BBA07): 1
LogInit: Presizing for max 25165824 objects, including 0 objects not considered by GC, pre-allocating 0 bytes for permanent pool.
LogInit: Object subsystem initialized
LogConfig: Setting CVar [[con.DebugEarlyDefault:1]]
LogConfig: Setting CVar [[r.setres:1280x720]]
[2020.03.11-21.21.38:570][  0]LogConfig: Setting CVar [[r.VSync:0]]
[2020.03.11-21.21.38:570][  0]LogConfig: Setting CVar [[r.RHICmdBypass:0]]
[2020.03.11-21.21.38:570][  0]LogConfig: Applying CVar settings from Section [/Script/Engine.RendererSettings] File [E:/Users/kubik/Documents/GitHub/Shadow_OPS/Shadow_OPS/Saved/Config/Windows/Engine.ini]
[2020.03.11-21.21.38:570][  0]LogConfig: Setting CVar [[r.GPUCrashDebugging:0]]
[2020.03.11-21.21.38:570][  0]LogConfig: Applying CVar settings from Section [/Script/Engine.RendererOverrideSettings] File [E:/Users/kubik/Documents/GitHub/Shadow_OPS/Shadow_OPS/Saved/Config/Windows/Engine.ini]
[2020.03.11-21.21.38:570][  0]LogConfig: Applying CVar settings from Section [/Script/Engine.StreamingSettings] File [E:/Users/kubik/Documents/GitHub/Shadow_OPS/Shadow_OPS/Saved/Config/Windows/Engine.ini]
[2020.03.11-21.21.38:570][  0]LogConfig: Setting CVar [[s.MinBulkDataSizeForAsyncLoading:131072]]
[2020.03.11-21.21.38:570][  0]LogConfig: Setting CVar [[s.AsyncLoadingThreadEnabled:0]]
[2020.03.11-21.21.38:570][  0]LogConfig: Setting CVar [[s.EventDrivenLoaderEnabled:1]]
[2020.03.11-21.21.38:570][  0]LogConfig: Setting CVar [[s.WarnIfTimeLimitExceeded:0]]
[2020.03.11-21.21.38:570][  0]LogConfig: Setting CVar [[s.TimeLimitExceededMultiplier:1.5]]
[2020.03.11-21.21.38:570][  0]LogConfig: Setting CVar [[s.TimeLimitExceededMinTime:0.005]]
[2020.03.11-21.21.38:570][  0]LogConfig: Setting CVar [[s.UseBackgroundLevelStreaming:1]]
[2020.03.11-21.21.38:571][  0]LogConfig: Setting CVar [[s.PriorityAsyncLoadingExtraTime:15.0]]
[2020.03.11-21.21.38:571][  0]LogConfig: Setting CVar [[s.LevelStreamingActorsUpdateTimeLimit:5.0]]
[2020.03.11-21.21.38:571][  0]LogConfig: Setting CVar [[s.PriorityLevelStreamingActorsUpdateExtraTime:5.0]]
[2020.03.11-21.21.38:571][  0]LogConfig: Setting CVar [[s.LevelStreamingComponentsRegistrationGranularity:10]]
[2020.03.11-21.21.38:571][  0]LogConfig: Setting CVar [[s.UnregisterComponentsTimeLimit:1.0]]
[2020.03.11-21.21.38:571][  0]LogConfig: Setting CVar [[s.LevelStreamingComponentsUnregistrationGranularity:5]]
[2020.03.11-21.21.38:571][  0]LogConfig: Setting CVar [[s.FlushStreamingOnExit:1]]
[2020.03.11-21.21.38:571][  0]LogConfig: Applying CVar settings from Section [/Script/Engine.GarbageCollectionSettings] File [E:/Users/kubik/Documents/GitHub/Shadow_OPS/Shadow_OPS/Saved/Config/Windows/Engine.ini]
[2020.03.11-21.21.38:571][  0]LogConfig: Setting CVar [[gc.MaxObjectsNotConsideredByGC:1]]
[2020.03.11-21.21.38:571][  0]LogConfig: Setting CVar [[gc.SizeOfPermanentObjectPool:0]]
[2020.03.11-21.21.38:571][  0]LogConfig: Setting CVar [[gc.FlushStreamingOnGC:0]]
[2020.03.11-21.21.38:571][  0]LogConfig: Setting CVar [[gc.NumRetriesBeforeForcingGC:10]]
[2020.03.11-21.21.38:571][  0]LogConfig: Setting CVar [[gc.AllowParallelGC:1]]
[2020.03.11-21.21.38:571][  0]LogConfig: Setting CVar [[gc.TimeBetweenPurgingPendingKillObjects:61.1]]
[2020.03.11-21.21.38:571][  0]LogConfig: Setting CVar [[gc.MaxObjectsInEditor:25165824]]
[2020.03.11-21.21.38:571][  0]LogConfig: Setting CVar [[gc.IncrementalBeginDestroyEnabled:1]]
[2020.03.11-21.21.38:571][  0]LogConfig: Setting CVar [[gc.CreateGCClusters:1]]
[2020.03.11-21.21.38:571][  0]LogConfig: Setting CVar [[gc.MinGCClusterSize:5]]
[2020.03.11-21.21.38:571][  0]LogConfig: Setting CVar [[gc.ActorClusteringEnabled:0]]
[2020.03.11-21.21.38:571][  0]LogConfig: Setting CVar [[gc.BlueprintClusteringEnabled:0]]
[2020.03.11-21.21.38:571][  0]LogConfig: Setting CVar [[gc.UseDisregardForGCOnDedicatedServers:0]]
[2020.03.11-21.21.38:571][  0]LogConfig: Applying CVar settings from Section [/Script/Engine.NetworkSettings] File [E:/Users/kubik/Documents/GitHub/Shadow_OPS/Shadow_OPS/Saved/Config/Windows/Engine.ini]
[2020.03.11-21.21.38:571][  0]LogConfig: Applying CVar settings from Section [/Script/UnrealEd.CookerSettings] File [E:/Users/kubik/Documents/GitHub/Shadow_OPS/Shadow_OPS/Saved/Config/Windows/Engine.ini]
[2020.03.11-21.21.38:581][  0]LogConfig: Applying CVar settings from Section [ViewDistanceQuality@3] File [E:/Users/kubik/Documents/GitHub/Shadow_OPS/Shadow_OPS/Saved/Config/Windows/Scalability.ini]
[2020.03.11-21.21.38:581][  0]LogConfig: Setting CVar [[r.SkeletalMeshLODBias:0]]
[2020.03.11-21.21.38:581][  0]LogConfig: Setting CVar [[r.ViewDistanceScale:1.0]]
[2020.03.11-21.21.38:581][  0]LogConfig: Applying CVar settings from Section [AntiAliasingQuality@3] File [E:/Users/kubik/Documents/GitHub/Shadow_OPS/Shadow_OPS/Saved/Config/Windows/Scalability.ini]
[2020.03.11-21.21.38:582][  0]LogConfig: Setting CVar [[r.PostProcessAAQuality:4]]
[2020.03.11-21.21.38:582][  0]LogConfig: Applying CVar settings from Section [ShadowQuality@3] File [E:/Users/kubik/Documents/GitHub/Shadow_OPS/Shadow_OPS/Saved/Config/Windows/Scalability.ini]
[2020.03.11-21.21.38:582][  0]LogConfig: Setting CVar [[r.LightFunctionQuality:1]]
[2020.03.11-21.21.38:582][  0]LogConfig: Setting CVar [[r.ShadowQuality:5]]
[2020.03.11-21.21.38:582][  0]LogConfig: Setting CVar [[r.Shadow.CSM.MaxCascades:10]]
[2020.03.11-21.21.38:582][  0]LogConfig: Setting CVar [[r.Shadow.MaxResolution:2048]]
[2020.03.11-21.21.38:582][  0]LogConfig: Setting CVar [[r.Shadow.MaxCSMResolution:2048]]
[2020.03.11-21.21.38:582][  0]LogConfig: Setting CVar [[r.Shadow.RadiusThreshold:0.01]]
[2020.03.11-21.21.38:582][  0]LogConfig: Setting CVar [[r.Shadow.DistanceScale:1.0]]
[2020.03.11-21.21.38:582][  0]LogConfig: Setting CVar [[r.Shadow.CSM.TransitionScale:1.0]]
[2020.03.11-21.21.38:582][  0]LogConfig: Setting CVar [[r.Shadow.PreShadowResolutionFactor:1.0]]
[2020.03.11-21.21.38:582][  0]LogConfig: Setting CVar [[r.DistanceFieldShadowing:1]]
[2020.03.11-21.21.38:582][  0]LogConfig: Setting CVar [[r.DistanceFieldAO:1]]
[2020.03.11-21.21.38:582][  0]LogConfig: Setting CVar [[r.AOQuality:2]]
[2020.03.11-21.21.38:582][  0]LogConfig: Setting CVar [[r.VolumetricFog:1]]
[2020.03.11-21.21.38:582][  0]LogConfig: Setting CVar [[r.VolumetricFog.GridPixelSize:8]]
[2020.03.11-21.21.38:582][  0]LogConfig: Setting CVar [[r.VolumetricFog.GridSizeZ:128]]
[2020.03.11-21.21.38:582][  0]LogConfig: Setting CVar [[r.VolumetricFog.HistoryMissSupersampleCount:4]]
[2020.03.11-21.21.38:582][  0]LogConfig: Setting CVar [[r.LightMaxDrawDistanceScale:1]]
[2020.03.11-21.21.38:582][  0]LogConfig: Setting CVar [[r.CapsuleShadows:1]]
[2020.03.11-21.21.38:582][  0]LogConfig: Applying CVar settings from Section [PostProcessQuality@3] File [E:/Users/kubik/Documents/GitHub/Shadow_OPS/Shadow_OPS/Saved/Config/Windows/Scalability.ini]
[2020.03.11-21.21.38:582][  0]LogConfig: Setting CVar [[r.MotionBlurQuality:4]]
[2020.03.11-21.21.38:582][  0]LogConfig: Setting CVar [[r.AmbientOcclusionMipLevelFactor:0.4]]
[2020.03.11-21.21.38:582][  0]LogConfig: Setting CVar [[r.AmbientOcclusionMaxQuality:100]]
[2020.03.11-21.21.38:582][  0]LogConfig: Setting CVar [[r.AmbientOcclusionLevels:-1]]
[2020.03.11-21.21.38:582][  0]LogConfig: Setting CVar [[r.AmbientOcclusionRadiusScale:1.0]]
[2020.03.11-21.21.38:582][  0]LogConfig: Setting CVar [[r.DepthOfFieldQuality:2]]
[2020.03.11-21.21.38:582][  0]LogConfig: Setting CVar [[r.RenderTargetPoolMin:400]]
[2020.03.11-21.21.38:582][  0]LogConfig: Setting CVar [[r.LensFlareQuality:2]]
[2020.03.11-21.21.38:582][  0]LogConfig: Setting CVar [[r.SceneColorFringeQuality:1]]
[2020.03.11-21.21.38:582][  0]LogConfig: Setting CVar [[r.EyeAdaptationQuality:2]]
[2020.03.11-21.21.38:582][  0]LogConfig: Setting CVar [[r.BloomQuality:5]]
[2020.03.11-21.21.38:583][  0]LogConfig: Setting CVar [[r.FastBlurThreshold:100]]
[2020.03.11-21.21.38:583][  0]LogConfig: Setting CVar [[r.Upscale.Quality:3]]
[2020.03.11-21.21.38:583][  0]LogConfig: Setting CVar [[r.Tonemapper.GrainQuantization:1]]
[2020.03.11-21.21.38:583][  0]LogConfig: Setting CVar [[r.LightShaftQuality:1]]
[2020.03.11-21.21.38:583][  0]LogConfig: Setting CVar [[r.Filter.SizeScale:1]]
[2020.03.11-21.21.38:583][  0]LogConfig: Setting CVar [[r.Tonemapper.Quality:5]]
[2020.03.11-21.21.38:583][  0]LogConfig: Setting CVar [[r.DOF.Gather.AccumulatorQuality:1        ; higher gathering accumulator quality]]
[2020.03.11-21.21.38:583][  0]LogConfig: Setting CVar [[r.DOF.Gather.PostfilterMethod:1          ; Median3x3 postfilering method]]
[2020.03.11-21.21.38:583][  0]LogConfig: Setting CVar [[r.DOF.Gather.EnableBokehSettings:0       ; no bokeh simulation when gathering]]
[2020.03.11-21.21.38:583][  0]LogConfig: Setting CVar [[r.DOF.Gather.RingCount:4                 ; medium number of samples when gathering]]
[2020.03.11-21.21.38:583][  0]LogConfig: Setting CVar [[r.DOF.Scatter.ForegroundCompositing:1    ; additive foreground scattering]]
[2020.03.11-21.21.38:583][  0]LogConfig: Setting CVar [[r.DOF.Scatter.BackgroundCompositing:2    ; additive background scattering]]
[2020.03.11-21.21.38:583][  0]LogConfig: Setting CVar [[r.DOF.Scatter.EnableBokehSettings:1      ; bokeh simulation when scattering]]
[2020.03.11-21.21.38:583][  0]LogConfig: Setting CVar [[r.DOF.Scatter.MaxSpriteRatio:0.1         ; only a maximum of 10% of scattered bokeh]]
[2020.03.11-21.21.38:583][  0]LogConfig: Setting CVar [[r.DOF.Recombine.Quality:1                ; cheap slight out of focus]]
[2020.03.11-21.21.38:583][  0]LogConfig: Setting CVar [[r.DOF.Recombine.EnableBokehSettings:0    ; no bokeh simulation on slight out of focus]]
[2020.03.11-21.21.38:583][  0]LogConfig: Setting CVar [[r.DOF.TemporalAAQuality:1                ; more stable temporal accumulation]]
[2020.03.11-21.21.38:583][  0]LogConfig: Setting CVar [[r.DOF.Kernel.MaxForegroundRadius:0.025]]
[2020.03.11-21.21.38:583][  0]LogConfig: Setting CVar [[r.DOF.Kernel.MaxBackgroundRadius:0.025]]
[2020.03.11-21.21.38:583][  0]LogConfig: Applying CVar settings from Section [TextureQuality@3] File [E:/Users/kubik/Documents/GitHub/Shadow_OPS/Shadow_OPS/Saved/Config/Windows/Scalability.ini]
[2020.03.11-21.21.38:583][  0]LogConfig: Setting CVar [[r.Streaming.MipBias:0]]
[2020.03.11-21.21.38:583][  0]LogConfig: Setting CVar [[r.Streaming.AmortizeCPUToGPUCopy:0]]
[2020.03.11-21.21.38:583][  0]LogConfig: Setting CVar [[r.Streaming.MaxNumTexturesToStreamPerFrame:0]]
[2020.03.11-21.21.38:583][  0]LogConfig: Setting CVar [[r.Streaming.Boost:1]]
[2020.03.11-21.21.38:583][  0]LogConfig: Setting CVar [[r.MaxAnisotropy:8]]
[2020.03.11-21.21.38:583][  0]LogConfig: Setting CVar [[r.VT.MaxAnisotropy:8]]
[2020.03.11-21.21.38:583][  0]LogConfig: Setting CVar [[r.Streaming.LimitPoolSizeToVRAM:0]]
[2020.03.11-21.21.38:583][  0]LogConfig: Setting CVar [[r.Streaming.PoolSize:1000]]
[2020.03.11-21.21.38:583][  0]LogConfig: Setting CVar [[r.Streaming.MaxEffectiveScreenSize:0]]
[2020.03.11-21.21.38:584][  0]LogConfig: Applying CVar settings from Section [EffectsQuality@3] File [E:/Users/kubik/Documents/GitHub/Shadow_OPS/Shadow_OPS/Saved/Config/Windows/Scalability.ini]
[2020.03.11-21.21.38:584][  0]LogConfig: Setting CVar [[r.TranslucencyLightingVolumeDim:64]]
[2020.03.11-21.21.38:584][  0]LogConfig: Setting CVar [[r.RefractionQuality:2]]
[2020.03.11-21.21.38:584][  0]LogConfig: Setting CVar [[r.SSR.Quality:3]]
[2020.03.11-21.21.38:584][  0]LogConfig: Setting CVar [[r.SSR.HalfResSceneColor:0]]
[2020.03.11-21.21.38:584][  0]LogConfig: Setting CVar [[r.SceneColorFormat:4]]
[2020.03.11-21.21.38:584][  0]LogConfig: Setting CVar [[r.DetailMode:2]]
[2020.03.11-21.21.38:584][  0]LogConfig: Setting CVar [[r.TranslucencyVolumeBlur:1]]
[2020.03.11-21.21.38:584][  0]LogConfig: Setting CVar [[r.MaterialQualityLevel:1 ; High quality]]
[2020.03.11-21.21.38:584][  0]LogConfig: Setting CVar [[r.SSS.Scale:1]]
[2020.03.11-21.21.38:584][  0]LogConfig: Setting CVar [[r.SSS.SampleSet:2]]
[2020.03.11-21.21.38:584][  0]LogConfig: Setting CVar [[r.SSS.Quality:1]]
[2020.03.11-21.21.38:584][  0]LogConfig: Setting CVar [[r.SSS.HalfRes:1]]
[2020.03.11-21.21.38:584][  0]LogConfig: Setting CVar [[r.SSGI.Quality:3]]
[2020.03.11-21.21.38:584][  0]LogConfig: Setting CVar [[r.EmitterSpawnRateScale:1.0]]
[2020.03.11-21.21.38:584][  0]LogConfig: Setting CVar [[r.ParticleLightQuality:2]]
[2020.03.11-21.21.38:584][  0]LogConfig: Setting CVar [[r.SkyAtmosphere.AerialPerspectiveLUT.FastApplyOnOpaque:1 ; Always have FastSkyLUT 1 in this case to avoid wrong sky]]
[2020.03.11-21.21.38:584][  0]LogConfig: Setting CVar [[r.SkyAtmosphere.AerialPerspectiveLUT.SampleCountPerSlice:1]]
[2020.03.11-21.21.38:584][  0]LogConfig: Setting CVar [[r.SkyAtmosphere.AerialPerspectiveLUT.DepthResolution:16.0]]
[2020.03.11-21.21.38:584][  0]LogConfig: Setting CVar [[r.SkyAtmosphere.FastSkyLUT:1]]
[2020.03.11-21.21.38:584][  0]LogConfig: Setting CVar [[r.SkyAtmosphere.FastSkyLUT.SampleCountMin:4.0]]
[2020.03.11-21.21.38:584][  0]LogConfig: Setting CVar [[r.SkyAtmosphere.FastSkyLUT.SampleCountMax:32.0]]
[2020.03.11-21.21.38:584][  0]LogConfig: Setting CVar [[r.SkyAtmosphere.SampleCountMin:4.0]]
[2020.03.11-21.21.38:584][  0]LogConfig: Setting CVar [[r.SkyAtmosphere.SampleCountMax:32.0]]
[2020.03.11-21.21.38:584][  0]LogConfig: Setting CVar [[r.SkyAtmosphere.TransmittanceLUT.UseSmallFormat:0]]
[2020.03.11-21.21.38:584][  0]LogConfig: Setting CVar [[r.SkyAtmosphere.TransmittanceLUT.SampleCount:10.0]]
[2020.03.11-21.21.38:584][  0]LogConfig: Setting CVar [[r.SkyAtmosphere.MultiScatteringLUT.SampleCount:15.0]]
[2020.03.11-21.21.38:584][  0]LogConfig: Applying CVar settings from Section [FoliageQuality@3] File [E:/Users/kubik/Documents/GitHub/Shadow_OPS/Shadow_OPS/Saved/Config/Windows/Scalability.ini]
[2020.03.11-21.21.38:584][  0]LogConfig: Setting CVar [[foliage.DensityScale:1.0]]
[2020.03.11-21.21.38:585][  0]LogConfig: Setting CVar [[grass.DensityScale:1.0]]
[2020.03.11-21.21.38:585][  0]LogConfig: Applying CVar settings from Section [ShadingQuality@3] File [E:/Users/kubik/Documents/GitHub/Shadow_OPS/Shadow_OPS/Saved/Config/Windows/Scalability.ini]
[2020.03.11-21.21.38:585][  0]LogConfig: Setting CVar [[r.HairStrands.SkyLighting.SampleCount:16]]
[2020.03.11-21.21.38:585][  0]LogConfig: Setting CVar [[r.HairStrands.SkyLighting.JitterIntegration:0]]
[2020.03.11-21.21.38:585][  0]LogConfig: Setting CVar [[r.HairStrands.SkyAO.SampleCount:16]]
[2020.03.11-21.21.38:585][  0]LogInit: Selected Device Profile: [Windows]
[2020.03.11-21.21.38:585][  0]LogInit: Applying CVar settings loaded from the selected device profile: [Windows]
[2020.03.11-21.21.38:590][  0]LogHAL: Display: Platform has ~ 8 GB [8374824960 / 8589934592 / 8], which maps to Default [LargestMinGB=32, LargerMinGB=12, DefaultMinGB=8, SmallerMinGB=6, SmallestMinGB=0)
[2020.03.11-21.21.38:591][  0]LogInit: Going up to parent DeviceProfile []
[2020.03.11-21.21.38:591][  0]LogConfig: Applying CVar settings from Section [ViewDistanceQuality@3] File [E:/Users/kubik/Documents/GitHub/Shadow_OPS/Shadow_OPS/Saved/Config/Windows/Scalability.ini]
[2020.03.11-21.21.38:591][  0]LogConfig: Setting CVar [[r.SkeletalMeshLODBias:0]]
[2020.03.11-21.21.38:591][  0]LogConfig: Setting CVar [[r.ViewDistanceScale:1.0]]
[2020.03.11-21.21.38:591][  0]LogConfig: Applying CVar settings from Section [AntiAliasingQuality@3] File [E:/Users/kubik/Documents/GitHub/Shadow_OPS/Shadow_OPS/Saved/Config/Windows/Scalability.ini]
[2020.03.11-21.21.38:591][  0]LogConfig: Setting CVar [[r.PostProcessAAQuality:4]]
[2020.03.11-21.21.38:591][  0]LogConfig: Applying CVar settings from Section [ShadowQuality@3] File [E:/Users/kubik/Documents/GitHub/Shadow_OPS/Shadow_OPS/Saved/Config/Windows/Scalability.ini]
[2020.03.11-21.21.38:591][  0]LogConfig: Setting CVar [[r.LightFunctionQuality:1]]
[2020.03.11-21.21.38:591][  0]LogConfig: Setting CVar [[r.ShadowQuality:5]]
[2020.03.11-21.21.38:591][  0]LogConfig: Setting CVar [[r.Shadow.CSM.MaxCascades:10]]
[2020.03.11-21.21.38:591][  0]LogConfig: Setting CVar [[r.Shadow.MaxResolution:2048]]
[2020.03.11-21.21.38:591][  0]LogConfig: Setting CVar [[r.Shadow.MaxCSMResolution:2048]]
[2020.03.11-21.21.38:591][  0]LogConfig: Setting CVar [[r.Shadow.RadiusThreshold:0.01]]
[2020.03.11-21.21.38:591][  0]LogConfig: Setting CVar [[r.Shadow.DistanceScale:1.0]]
[2020.03.11-21.21.38:591][  0]LogConfig: Setting CVar [[r.Shadow.CSM.TransitionScale:1.0]]
[2020.03.11-21.21.38:591][  0]LogConfig: Setting CVar [[r.Shadow.PreShadowResolutionFactor:1.0]]
[2020.03.11-21.21.38:591][  0]LogConfig: Setting CVar [[r.DistanceFieldShadowing:1]]
[2020.03.11-21.21.38:591][  0]LogConfig: Setting CVar [[r.DistanceFieldAO:1]]
[2020.03.11-21.21.38:591][  0]LogConfig: Setting CVar [[r.AOQuality:2]]
[2020.03.11-21.21.38:591][  0]LogConfig: Setting CVar [[r.VolumetricFog:1]]
[2020.03.11-21.21.38:591][  0]LogConfig: Setting CVar [[r.VolumetricFog.GridPixelSize:8]]
[2020.03.11-21.21.38:591][  0]LogConfig: Setting CVar [[r.VolumetricFog.GridSizeZ:128]]
[2020.03.11-21.21.38:591][  0]LogConfig: Setting CVar [[r.VolumetricFog.HistoryMissSupersampleCount:4]]
[2020.03.11-21.21.38:591][  0]LogConfig: Setting CVar [[r.LightMaxDrawDistanceScale:1]]
[2020.03.11-21.21.38:591][  0]LogConfig: Setting CVar [[r.CapsuleShadows:1]]
[2020.03.11-21.21.38:591][  0]LogConfig: Applying CVar settings from Section [PostProcessQuality@3] File [E:/Users/kubik/Documents/GitHub/Shadow_OPS/Shadow_OPS/Saved/Config/Windows/Scalability.ini]
[2020.03.11-21.21.38:591][  0]LogConfig: Setting CVar [[r.MotionBlurQuality:4]]
[2020.03.11-21.21.38:592][  0]LogConfig: Setting CVar [[r.AmbientOcclusionMipLevelFactor:0.4]]
[2020.03.11-21.21.38:592][  0]LogConfig: Setting CVar [[r.AmbientOcclusionMaxQuality:100]]
[2020.03.11-21.21.38:592][  0]LogConfig: Setting CVar [[r.AmbientOcclusionLevels:-1]]
[2020.03.11-21.21.38:592][  0]LogConfig: Setting CVar [[r.AmbientOcclusionRadiusScale:1.0]]
[2020.03.11-21.21.38:592][  0]LogConfig: Setting CVar [[r.DepthOfFieldQuality:2]]
[2020.03.11-21.21.38:592][  0]LogConfig: Setting CVar [[r.RenderTargetPoolMin:400]]
[2020.03.11-21.21.38:592][  0]LogConfig: Setting CVar [[r.LensFlareQuality:2]]
[2020.03.11-21.21.38:592][  0]LogConfig: Setting CVar [[r.SceneColorFringeQuality:1]]
[2020.03.11-21.21.38:592][  0]LogConfig: Setting CVar [[r.EyeAdaptationQuality:2]]
[2020.03.11-21.21.38:592][  0]LogConfig: Setting CVar [[r.BloomQuality:5]]
[2020.03.11-21.21.38:592][  0]LogConfig: Setting CVar [[r.FastBlurThreshold:100]]
[2020.03.11-21.21.38:592][  0]LogConfig: Setting CVar [[r.Upscale.Quality:3]]
[2020.03.11-21.21.38:592][  0]LogConfig: Setting CVar [[r.Tonemapper.GrainQuantization:1]]
[2020.03.11-21.21.38:592][  0]LogConfig: Setting CVar [[r.LightShaftQuality:1]]
[2020.03.11-21.21.38:592][  0]LogConfig: Setting CVar [[r.Filter.SizeScale:1]]
[2020.03.11-21.21.38:592][  0]LogConfig: Setting CVar [[r.Tonemapper.Quality:5]]
[2020.03.11-21.21.38:592][  0]LogConfig: Setting CVar [[r.DOF.Gather.AccumulatorQuality:1        ; higher gathering accumulator quality]]
[2020.03.11-21.21.38:592][  0]LogConfig: Setting CVar [[r.DOF.Gather.PostfilterMethod:1          ; Median3x3 postfilering method]]
[2020.03.11-21.21.38:592][  0]LogConfig: Setting CVar [[r.DOF.Gather.EnableBokehSettings:0       ; no bokeh simulation when gathering]]
[2020.03.11-21.21.38:592][  0]LogConfig: Setting CVar [[r.DOF.Gather.RingCount:4                 ; medium number of samples when gathering]]
[2020.03.11-21.21.38:592][  0]LogConfig: Setting CVar [[r.DOF.Scatter.ForegroundCompositing:1    ; additive foreground scattering]]
[2020.03.11-21.21.38:592][  0]LogConfig: Setting CVar [[r.DOF.Scatter.BackgroundCompositing:2    ; additive background scattering]]
[2020.03.11-21.21.38:592][  0]LogConfig: Setting CVar [[r.DOF.Scatter.EnableBokehSettings:1      ; bokeh simulation when scattering]]
[2020.03.11-21.21.38:592][  0]LogConfig: Setting CVar [[r.DOF.Scatter.MaxSpriteRatio:0.1         ; only a maximum of 10% of scattered bokeh]]
[2020.03.11-21.21.38:592][  0]LogConfig: Setting CVar [[r.DOF.Recombine.Quality:1                ; cheap slight out of focus]]
[2020.03.11-21.21.38:592][  0]LogConfig: Setting CVar [[r.DOF.Recombine.EnableBokehSettings:0    ; no bokeh simulation on slight out of focus]]
[2020.03.11-21.21.38:592][  0]LogConfig: Setting CVar [[r.DOF.TemporalAAQuality:1                ; more stable temporal accumulation]]
[2020.03.11-21.21.38:592][  0]LogConfig: Setting CVar [[r.DOF.Kernel.MaxForegroundRadius:0.025]]
[2020.03.11-21.21.38:592][  0]LogConfig: Setting CVar [[r.DOF.Kernel.MaxBackgroundRadius:0.025]]
[2020.03.11-21.21.38:592][  0]LogConfig: Applying CVar settings from Section [TextureQuality@3] File [E:/Users/kubik/Documents/GitHub/Shadow_OPS/Shadow_OPS/Saved/Config/Windows/Scalability.ini]
[2020.03.11-21.21.38:592][  0]LogConfig: Setting CVar [[r.Streaming.MipBias:0]]
[2020.03.11-21.21.38:593][  0]LogConfig: Setting CVar [[r.Streaming.AmortizeCPUToGPUCopy:0]]
[2020.03.11-21.21.38:593][  0]LogConfig: Setting CVar [[r.Streaming.MaxNumTexturesToStreamPerFrame:0]]
[2020.03.11-21.21.38:593][  0]LogConfig: Setting CVar [[r.Streaming.Boost:1]]
[2020.03.11-21.21.38:593][  0]LogConfig: Setting CVar [[r.MaxAnisotropy:8]]
[2020.03.11-21.21.38:593][  0]LogConfig: Setting CVar [[r.VT.MaxAnisotropy:8]]
[2020.03.11-21.21.38:593][  0]LogConfig: Setting CVar [[r.Streaming.LimitPoolSizeToVRAM:0]]
[2020.03.11-21.21.38:593][  0]LogConfig: Setting CVar [[r.Streaming.PoolSize:1000]]
[2020.03.11-21.21.38:593][  0]LogConfig: Setting CVar [[r.Streaming.MaxEffectiveScreenSize:0]]
[2020.03.11-21.21.38:593][  0]LogConfig: Applying CVar settings from Section [EffectsQuality@3] File [E:/Users/kubik/Documents/GitHub/Shadow_OPS/Shadow_OPS/Saved/Config/Windows/Scalability.ini]
[2020.03.11-21.21.38:593][  0]LogConfig: Setting CVar [[r.TranslucencyLightingVolumeDim:64]]
[2020.03.11-21.21.38:593][  0]LogConfig: Setting CVar [[r.RefractionQuality:2]]
[2020.03.11-21.21.38:593][  0]LogConfig: Setting CVar [[r.SSR.Quality:3]]
[2020.03.11-21.21.38:593][  0]LogConfig: Setting CVar [[r.SSR.HalfResSceneColor:0]]
[2020.03.11-21.21.38:593][  0]LogConfig: Setting CVar [[r.SceneColorFormat:4]]
[2020.03.11-21.21.38:593][  0]LogConfig: Setting CVar [[r.DetailMode:2]]
[2020.03.11-21.21.38:593][  0]LogConfig: Setting CVar [[r.TranslucencyVolumeBlur:1]]
[2020.03.11-21.21.38:593][  0]LogConfig: Setting CVar [[r.MaterialQualityLevel:1 ; High quality]]
[2020.03.11-21.21.38:593][  0]LogConfig: Setting CVar [[r.SSS.Scale:1]]
[2020.03.11-21.21.38:593][  0]LogConfig: Setting CVar [[r.SSS.SampleSet:2]]
[2020.03.11-21.21.38:593][  0]LogConfig: Setting CVar [[r.SSS.Quality:1]]
[2020.03.11-21.21.38:593][  0]LogConfig: Setting CVar [[r.SSS.HalfRes:1]]
[2020.03.11-21.21.38:593][  0]LogConfig: Setting CVar [[r.SSGI.Quality:3]]
[2020.03.11-21.21.38:593][  0]LogConfig: Setting CVar [[r.EmitterSpawnRateScale:1.0]]
[2020.03.11-21.21.38:593][  0]LogConfig: Setting CVar [[r.ParticleLightQuality:2]]
[2020.03.11-21.21.38:593][  0]LogConfig: Setting CVar [[r.SkyAtmosphere.AerialPerspectiveLUT.FastApplyOnOpaque:1 ; Always have FastSkyLUT 1 in this case to avoid wrong sky]]
[2020.03.11-21.21.38:593][  0]LogConfig: Setting CVar [[r.SkyAtmosphere.AerialPerspectiveLUT.SampleCountPerSlice:1]]
[2020.03.11-21.21.38:593][  0]LogConfig: Setting CVar [[r.SkyAtmosphere.AerialPerspectiveLUT.DepthResolution:16.0]]
[2020.03.11-21.21.38:593][  0]LogConfig: Setting CVar [[r.SkyAtmosphere.FastSkyLUT:1]]
[2020.03.11-21.21.38:593][  0]LogConfig: Setting CVar [[r.SkyAtmosphere.FastSkyLUT.SampleCountMin:4.0]]
[2020.03.11-21.21.38:593][  0]LogConfig: Setting CVar [[r.SkyAtmosphere.FastSkyLUT.SampleCountMax:32.0]]
[2020.03.11-21.21.38:593][  0]LogConfig: Setting CVar [[r.SkyAtmosphere.SampleCountMin:4.0]]
[2020.03.11-21.21.38:593][  0]LogConfig: Setting CVar [[r.SkyAtmosphere.SampleCountMax:32.0]]
[2020.03.11-21.21.38:593][  0]LogConfig: Setting CVar [[r.SkyAtmosphere.TransmittanceLUT.UseSmallFormat:0]]
[2020.03.11-21.21.38:593][  0]LogConfig: Setting CVar [[r.SkyAtmosphere.TransmittanceLUT.SampleCount:10.0]]
[2020.03.11-21.21.38:593][  0]LogConfig: Setting CVar [[r.SkyAtmosphere.MultiScatteringLUT.SampleCount:15.0]]
[2020.03.11-21.21.38:593][  0]LogConfig: Applying CVar settings from Section [FoliageQuality@3] File [E:/Users/kubik/Documents/GitHub/Shadow_OPS/Shadow_OPS/Saved/Config/Windows/Scalability.ini]
[2020.03.11-21.21.38:593][  0]LogConfig: Setting CVar [[foliage.DensityScale:1.0]]
[2020.03.11-21.21.38:593][  0]LogConfig: Setting CVar [[grass.DensityScale:1.0]]
[2020.03.11-21.21.38:593][  0]LogConfig: Applying CVar settings from Section [ShadingQuality@3] File [E:/Users/kubik/Documents/GitHub/Shadow_OPS/Shadow_OPS/Saved/Config/Windows/Scalability.ini]
[2020.03.11-21.21.38:593][  0]LogConfig: Setting CVar [[r.HairStrands.SkyLighting.SampleCount:16]]
[2020.03.11-21.21.38:593][  0]LogConfig: Setting CVar [[r.HairStrands.SkyLighting.JitterIntegration:0]]
[2020.03.11-21.21.38:593][  0]LogConfig: Setting CVar [[r.HairStrands.SkyAO.SampleCount:16]]
[2020.03.11-21.21.38:593][  0]LogConfig: Applying CVar settings from Section [Startup] File [../../../Engine/Config/ConsoleVariables.ini]
[2020.03.11-21.21.38:593][  0]LogConfig: Setting CVar [[net.UseAdaptiveNetUpdateFrequency:0]]
[2020.03.11-21.21.38:594][  0]LogConfig: Setting CVar [[p.chaos.AllowCreatePhysxBodies:1]]
[2020.03.11-21.21.38:594][  0]LogConfig: Applying CVar settings from Section [ConsoleVariables] File [E:/Users/kubik/Documents/GitHub/Shadow_OPS/Shadow_OPS/Saved/Config/Windows/Engine.ini]
[2020.03.11-21.21.38:594][  0]LogInit: Computer: DESKTOP-P8LS84R
[2020.03.11-21.21.38:594][  0]LogInit: User: kubik
[2020.03.11-21.21.38:594][  0]LogInit: CPU Page size=4096, Cores=4
[2020.03.11-21.21.38:594][  0]LogInit: High frequency timer resolution =10.000000 MHz
[2020.03.11-21.21.38:594][  0]LogMemory: Memory total: Physical=7.8GB (8GB approx)
[2020.03.11-21.21.38:594][  0]LogMemory: Platform Memory Stats for Windows
[2020.03.11-21.21.38:594][  0]LogMemory: Process Physical Memory: 104.84 MB used, 104.85 MB peak
[2020.03.11-21.21.38:594][  0]LogMemory: Process Virtual Memory: 100.58 MB used, 100.58 MB peak
[2020.03.11-21.21.38:594][  0]LogMemory: Physical Memory: 3243.71 MB used,  4743.15 MB free, 7986.86 MB total
[2020.03.11-21.21.38:594][  0]LogMemory: Virtual Memory: 5137.59 MB used,  134212592.00 MB free, 134217728.00 MB total
[2020.03.11-21.21.38:600][  0]LogWindows: WindowsPlatformFeatures enabled
[2020.03.11-21.21.38:639][  0]LogInit: Using OS detected language (cs-CZ).
[2020.03.11-21.21.38:639][  0]LogInit: Using OS detected locale (cs-CZ).
[2020.03.11-21.21.38:640][  0]LogTextLocalizationManager: No localization for 'cs-CZ' exists, so 'en' will be used for the language.
[2020.03.11-21.21.39:307][  0]LogInit: Setting process to per monitor DPI aware
[2020.03.11-21.21.40:045][  0]LogSlate: New Slate User Created.  User Index 0, Is Virtual User: 0
[2020.03.11-21.21.40:046][  0]LogSlate: Slate User Registered.  User Index 0, Is Virtual User: 0
[2020.03.11-21.21.41:283][  0]LogHMD: Failed to initialize OpenVR with code 110
[2020.03.11-21.21.41:283][  0]LogD3D11RHI: D3D11 min allowed feature level: 11_0
[2020.03.11-21.21.41:283][  0]LogD3D11RHI: D3D11 max allowed feature level: 11_0
[2020.03.11-21.21.41:283][  0]LogD3D11RHI: D3D11 adapters:
[2020.03.11-21.21.41:426][  0]LogD3D11RHI:    0. 'NVIDIA GeForce GTX 950M' (Feature Level 11_0)
[2020.03.11-21.21.41:426][  0]LogD3D11RHI:       4055/0/3993 MB DedicatedVideo/DedicatedSystem/SharedSystem, Outputs:2, VendorId:0x10de
[2020.03.11-21.21.41:440][  0]LogD3D11RHI:    1. 'Intel(R) HD Graphics 530' (Feature Level 11_0)
[2020.03.11-21.21.41:440][  0]LogD3D11RHI:       128/0/3993 MB DedicatedVideo/DedicatedSystem/SharedSystem, Outputs:0, VendorId:0x8086
[2020.03.11-21.21.41:445][  0]LogD3D11RHI:    2. 'Microsoft Basic Render Driver' (Feature Level 11_0)
[2020.03.11-21.21.41:445][  0]LogD3D11RHI:       0/0/3993 MB DedicatedVideo/DedicatedSystem/SharedSystem, Outputs:0, VendorId:0x1414
[2020.03.11-21.21.41:445][  0]LogD3D11RHI: Chosen D3D11 Adapter: 0
[2020.03.11-21.21.42:092][  0]LogD3D11RHI: Creating new Direct3DDevice
[2020.03.11-21.21.42:102][  0]LogD3D11RHI:     GPU DeviceId: 0x139a (for the marketing name, search the web for "GPU Device Id")
[2020.03.11-21.21.42:102][  0]LogWindows: EnumDisplayDevices:
[2020.03.11-21.21.42:102][  0]LogWindows:    0. 'Intel(R) HD Graphics 530' (P:1 D:1)
[2020.03.11-21.21.42:103][  0]LogWindows:    1. 'Intel(R) HD Graphics 530' (P:0 D:1)
[2020.03.11-21.21.42:104][  0]LogWindows:    2. 'Intel(R) HD Graphics 530' (P:0 D:0)
[2020.03.11-21.21.42:104][  0]LogWindows: DebugString: PrimaryIsNotTheChoosenAdapter PrimaryIsNotTheChoosenAdapter PrimaryIsNotTheChoosenAdapter FoundDriverCount:0 
[2020.03.11-21.21.42:104][  0]LogD3D11RHI:     Adapter Name: NVIDIA GeForce GTX 950M
[2020.03.11-21.21.42:104][  0]LogD3D11RHI:   Driver Version: Unknown (internal:Unknown, unified:Unknown)
[2020.03.11-21.21.42:104][  0]LogD3D11RHI:      Driver Date: Unknown
[2020.03.11-21.21.42:104][  0]LogRHI: Texture pool is 2839 MB (70% of 4055 MB)
[2020.03.11-21.21.42:212][  0]LogD3D11RHI: RHI has support for 64 bit atomics
[2020.03.11-21.21.42:213][  0]LogD3D11RHI: Async texture creation enabled
[2020.03.11-21.21.42:603][  0]LogD3D11RHI: GPU Timing Frequency: 1000.000000 (Debug: 2 1)
[2020.03.11-21.21.43:432][  0]LogTargetPlatformManager: Display: Loaded TargetPlatform 'AllDesktop'
[2020.03.11-21.21.43:511][  0]LogTargetPlatformManager: Display: Loaded TargetPlatform 'Android'
[2020.03.11-21.21.43:511][  0]LogTargetPlatformManager: Display: Loaded TargetPlatform 'Android_ASTC'
[2020.03.11-21.21.43:511][  0]LogTargetPlatformManager: Display: Loaded TargetPlatform 'Android_ATC'
[2020.03.11-21.21.43:511][  0]LogTargetPlatformManager: Display: Loaded TargetPlatform 'Android_DXT'
[2020.03.11-21.21.43:511][  0]LogTargetPlatformManager: Display: Loaded TargetPlatform 'Android_ETC1'
[2020.03.11-21.21.43:511][  0]LogTargetPlatformManager: Display: Loaded TargetPlatform 'Android_ETC1a'
[2020.03.11-21.21.43:511][  0]LogTargetPlatformManager: Display: Loaded TargetPlatform 'Android_ETC2'
[2020.03.11-21.21.43:511][  0]LogTargetPlatformManager: Display: Loaded TargetPlatform 'Android_PVRTC'
[2020.03.11-21.21.43:511][  0]LogTargetPlatformManager: Display: Loaded TargetPlatform 'AndroidClient'
[2020.03.11-21.21.43:511][  0]LogTargetPlatformManager: Display: Loaded TargetPlatform 'Android_ASTCClient'
[2020.03.11-21.21.43:511][  0]LogTargetPlatformManager: Display: Loaded TargetPlatform 'Android_ATCClient'
[2020.03.11-21.21.43:511][  0]LogTargetPlatformManager: Display: Loaded TargetPlatform 'Android_DXTClient'
[2020.03.11-21.21.43:511][  0]LogTargetPlatformManager: Display: Loaded TargetPlatform 'Android_ETC1Client'
[2020.03.11-21.21.43:511][  0]LogTargetPlatformManager: Display: Loaded TargetPlatform 'Android_ETC1aClient'
[2020.03.11-21.21.43:511][  0]LogTargetPlatformManager: Display: Loaded TargetPlatform 'Android_ETC2Client'
[2020.03.11-21.21.43:511][  0]LogTargetPlatformManager: Display: Loaded TargetPlatform 'Android_PVRTCClient'
[2020.03.11-21.21.43:511][  0]LogTargetPlatformManager: Display: Loaded TargetPlatform 'Android_Multi'
[2020.03.11-21.21.43:512][  0]LogTargetPlatformManager: Display: Loaded TargetPlatform 'Android_MultiClient'
[2020.03.11-21.21.43:571][  0]LogTargetPlatformManager: Display: Loaded TargetPlatform 'IOSClient'
[2020.03.11-21.21.43:571][  0]LogTargetPlatformManager: Display: Loaded TargetPlatform 'IOS'
[2020.03.11-21.21.43:614][  0]LogTargetPlatformManager: Display: Loaded TargetPlatform 'LinuxNoEditor'
[2020.03.11-21.21.43:684][  0]LogTargetPlatformManager: Display: Loaded TargetPlatform 'LinuxClient'
[2020.03.11-21.21.43:717][  0]LogTargetPlatformManager: Display: Loaded TargetPlatform 'LinuxServer'
[2020.03.11-21.21.43:737][  0]LogTargetPlatformManager: Display: Loaded TargetPlatform 'LinuxAArch64NoEditor'
[2020.03.11-21.21.43:756][  0]LogTargetPlatformManager: Display: Loaded TargetPlatform 'LinuxAArch64Client'
[2020.03.11-21.21.43:781][  0]LogTargetPlatformManager: Display: Loaded TargetPlatform 'LinuxAArch64Server'
[2020.03.11-21.21.43:833][  0]LogTargetPlatformManager: Display: Loaded TargetPlatform 'Lumin'
[2020.03.11-21.21.43:833][  0]LogTargetPlatformManager: Display: Loaded TargetPlatform 'LuminClient'
[2020.03.11-21.21.43:855][  0]LogTargetPlatformManager: Display: Loaded TargetPlatform 'TVOSClient'
[2020.03.11-21.21.43:855][  0]LogTargetPlatformManager: Display: Loaded TargetPlatform 'TVOS'
[2020.03.11-21.21.43:943][  0]LogTargetPlatformManager: Display: Loaded TargetPlatform 'WindowsNoEditor'
[2020.03.11-21.21.43:972][  0]LogTargetPlatformManager: Display: Loaded TargetPlatform 'Windows'
[2020.03.11-21.21.43:999][  0]LogTargetPlatformManager: Display: Loaded TargetPlatform 'WindowsClient'
[2020.03.11-21.21.44:017][  0]LogTargetPlatformManager: Display: Loaded TargetPlatform 'WindowsServer'
[2020.03.11-21.21.44:017][  0]LogTargetPlatformManager: Display: Building Assets For Windows
[2020.03.11-21.21.44:184][  0]LogAudioDebug: Display: Lib vorbis DLL was dynamically loaded.
[2020.03.11-21.21.44:795][  0]LogShaderCompilers: Guid format shader working directory is -23 characters bigger than the processId version (../../../../../../Users/kubik/Documents/GitHub/Shadow_OPS/Shadow_OPS/Intermediate/Shaders/WorkingDirectory/11700/).
[2020.03.11-21.21.44:795][  0]LogShaderCompilers: Cleaned the shader compiler working directory 'C:/Users/kubik/AppData/Local/Temp/UnrealShaderWorkingDir/A9B5AD4B4A771611D9BCD39C2450E314/'.
[2020.03.11-21.21.44:817][  0]LogXGEController: Cannot use XGE Controller as Incredibuild is not installed on this machine.
[2020.03.11-21.21.44:817][  0]LogShaderCompilers: Cannot use XGE Shader Compiler as Incredibuild is not installed on this machine.
[2020.03.11-21.21.44:817][  0]LogShaderCompilers: Display: Using Local Shader Compiler.
[2020.03.11-21.21.47:914][  0]LogDerivedDataCache: Display: Max Cache Size: 512 MB
[2020.03.11-21.21.48:273][  0]LogDerivedDataCache: Loaded boot cache 0.36s 78MB C:/Users/kubik/AppData/Local/UnrealEngine/4.24/DerivedDataCache/Boot.ddc.
[2020.03.11-21.21.48:273][  0]LogDerivedDataCache: Display: Loaded Boot cache: C:/Users/kubik/AppData/Local/UnrealEngine/4.24/DerivedDataCache/Boot.ddc
[2020.03.11-21.21.48:273][  0]LogDerivedDataCache: FDerivedDataBackendGraph:  Pak pak cache file ../../../../../../Users/kubik/Documents/GitHub/Shadow_OPS/Shadow_OPS/DerivedDataCache/DDC.ddp not found, will not use a pak cache.
[2020.03.11-21.21.48:273][  0]LogDerivedDataCache: Unable to find inner node Pak for hierarchical cache Hierarchy.
[2020.03.11-21.21.48:273][  0]LogDerivedDataCache: FDerivedDataBackendGraph:  CompressedPak pak cache file ../../../../../../Users/kubik/Documents/GitHub/Shadow_OPS/Shadow_OPS/DerivedDataCache/Compressed.ddp not found, will not use a pak cache.
[2020.03.11-21.21.48:273][  0]LogDerivedDataCache: Unable to find inner node CompressedPak for hierarchical cache Hierarchy.
[2020.03.11-21.21.48:395][  0]LogDerivedDataCache: Display: Pak cache opened for reading ../../../Engine/DerivedDataCache/Compressed.ddp.
[2020.03.11-21.21.48:395][  0]LogDerivedDataCache: FDerivedDataBackendGraph:  EnterprisePak pak cache file ../../../Enterprise/DerivedDataCache/Compressed.ddp not found, will not use a pak cache.
[2020.03.11-21.21.48:395][  0]LogDerivedDataCache: Unable to find inner node EnterprisePak for hierarchical cache Hierarchy.
[2020.03.11-21.21.48:398][  0]LogDerivedDataCache: Using Local data cache path C:/Users/kubik/AppData/Local/UnrealEngine/Common/DerivedDataCache: Writable
[2020.03.11-21.21.48:399][  0]LogDerivedDataCache: Shared data cache path not found in *engine.ini, will not use an Shared cache.
[2020.03.11-21.21.48:399][  0]LogDerivedDataCache: Unable to find inner node Shared for hierarchical cache Hierarchy.
[2020.03.11-21.21.48:655][  0]LogMaterial: Verifying Global Shaders for PCD3D_SM5
[2020.03.11-21.21.48:754][  0]LogSlate: Using FreeType 2.10.0
[2020.03.11-21.21.48:905][  0]LogSlate: SlateFontServices - WITH_FREETYPE: 1, WITH_HARFBUZZ: 1
[2020.03.11-21.21.50:072][  0]LogAssetRegistry: FAssetRegistry took 0.0130 seconds to start up
[2020.03.11-21.22.00:275][  0]LogInit: Selected Device Profile: [Windows]
[2020.03.11-21.22.02:357][  0]LogMeshReduction: Using QuadricMeshReduction for automatic static mesh reduction
[2020.03.11-21.22.02:357][  0]LogMeshReduction: Using SimplygonMeshReduction for automatic skeletal mesh reduction
[2020.03.11-21.22.02:357][  0]LogMeshReduction: Using ProxyLODMeshReduction for automatic mesh merging
[2020.03.11-21.22.02:357][  0]LogMeshReduction: No distributed automatic mesh merging module available
[2020.03.11-21.22.02:357][  0]LogMeshMerging: No distributed automatic mesh merging module available
[2020.03.11-21.22.02:932][  0]LogNetVersion: Shadow_OPS 1.0.0, NetCL: 10570792, EngineNetVer: 13, GameNetVer: 0 (Checksum: 1738939154)
[2020.03.11-21.22.21:359][  0]LogAssetRegistry: Error: Failed to open file for write ../../../../../../Users/kubik/Documents/GitHub/Shadow_OPS/Shadow_OPS/Intermediate/AssetRegistryCache/2657c409.bin
[2020.03.11-21.22.21:402][  0]LogFileManager: Warning: MoveFile was unable to move '../../../../../../Users/kubik/Documents/GitHub/Shadow_OPS/Shadow_OPS/Intermediate/AssetRegistryCache/866581fd.bin.tmp' to '../../../../../../Users/kubik/Documents/GitHub/Shadow_OPS/Shadow_OPS/Intermediate/AssetRegistryCache/866581fd.bin', retrying in .5s...
[2020.03.11-21.22.21:903][  0]LogFileManager: Warning: MoveFile was unable to move '../../../../../../Users/kubik/Documents/GitHub/Shadow_OPS/Shadow_OPS/Intermediate/AssetRegistryCache/866581fd.bin.tmp' to '../../../../../../Users/kubik/Documents/GitHub/Shadow_OPS/Shadow_OPS/Intermediate/AssetRegistryCache/866581fd.bin', retrying in .5s...
[2020.03.11-21.22.22:403][  0]LogFileManager: Warning: MoveFile was unable to move '../../../../../../Users/kubik/Documents/GitHub/Shadow_OPS/Shadow_OPS/Intermediate/AssetRegistryCache/866581fd.bin.tmp' to '../../../../../../Users/kubik/Documents/GitHub/Shadow_OPS/Shadow_OPS/Intermediate/AssetRegistryCache/866581fd.bin', retrying in .5s...
[2020.03.11-21.22.22:903][  0]LogFileManager: Warning: MoveFile was unable to move '../../../../../../Users/kubik/Documents/GitHub/Shadow_OPS/Shadow_OPS/Intermediate/AssetRegistryCache/866581fd.bin.tmp' to '../../../../../../Users/kubik/Documents/GitHub/Shadow_OPS/Shadow_OPS/Intermediate/AssetRegistryCache/866581fd.bin', retrying in .5s...
[2020.03.11-21.22.23:404][  0]LogFileManager: Warning: MoveFile was unable to move '../../../../../../Users/kubik/Documents/GitHub/Shadow_OPS/Shadow_OPS/Intermediate/AssetRegistryCache/866581fd.bin.tmp' to '../../../../../../Users/kubik/Documents/GitHub/Shadow_OPS/Shadow_OPS/Intermediate/AssetRegistryCache/866581fd.bin', retrying in .5s...
[2020.03.11-21.22.23:904][  0]LogFileManager: Warning: MoveFile was unable to move '../../../../../../Users/kubik/Documents/GitHub/Shadow_OPS/Shadow_OPS/Intermediate/AssetRegistryCache/866581fd.bin.tmp' to '../../../../../../Users/kubik/Documents/GitHub/Shadow_OPS/Shadow_OPS/Intermediate/AssetRegistryCache/866581fd.bin', retrying in .5s...
[2020.03.11-21.22.24:406][  0]LogFileManager: Warning: MoveFile was unable to move '../../../../../../Users/kubik/Documents/GitHub/Shadow_OPS/Shadow_OPS/Intermediate/AssetRegistryCache/866581fd.bin.tmp' to '../../../../../../Users/kubik/Documents/GitHub/Shadow_OPS/Shadow_OPS/Intermediate/AssetRegistryCache/866581fd.bin', retrying in .5s...
[2020.03.11-21.22.24:906][  0]LogFileManager: Warning: MoveFile was unable to move '../../../../../../Users/kubik/Documents/GitHub/Shadow_OPS/Shadow_OPS/Intermediate/AssetRegistryCache/866581fd.bin.tmp' to '../../../../../../Users/kubik/Documents/GitHub/Shadow_OPS/Shadow_OPS/Intermediate/AssetRegistryCache/866581fd.bin', retrying in .5s...
[2020.03.11-21.22.25:407][  0]LogFileManager: Warning: MoveFile was unable to move '../../../../../../Users/kubik/Documents/GitHub/Shadow_OPS/Shadow_OPS/Intermediate/AssetRegistryCache/866581fd.bin.tmp' to '../../../../../../Users/kubik/Documents/GitHub/Shadow_OPS/Shadow_OPS/Intermediate/AssetRegistryCache/866581fd.bin', retrying in .5s...
[2020.03.11-21.22.25:908][  0]LogFileManager: Warning: MoveFile was unable to move '../../../../../../Users/kubik/Documents/GitHub/Shadow_OPS/Shadow_OPS/Intermediate/AssetRegistryCache/866581fd.bin.tmp' to '../../../../../../Users/kubik/Documents/GitHub/Shadow_OPS/Shadow_OPS/Intermediate/AssetRegistryCache/866581fd.bin', retrying in .5s...
[2020.03.11-21.22.26:409][  0]LogFileManager: Error: Error moving file '../../../../../../Users/kubik/Documents/GitHub/Shadow_OPS/Shadow_OPS/Intermediate/AssetRegistryCache/866581fd.bin.tmp' to '../../../../../../Users/kubik/Documents/GitHub/Shadow_OPS/Shadow_OPS/Intermediate/AssetRegistryCache/866581fd.bin'.
[2020.03.11-21.22.26:458][  0]LogPackageLocalizationCache: Processed 10 localized package path(s) for 1 prioritized culture(s) in 5.110914 seconds
[2020.03.11-21.22.26:477][  0]LogUObjectArray: 46750 objects as part of root set at end of initial load.
[2020.03.11-21.22.26:477][  0]LogUObjectAllocator: 8137160 out of 0 bytes used by permanent object pool.
[2020.03.11-21.22.26:477][  0]LogUObjectArray: CloseDisregardForGC: 0/0 objects in disregard for GC pool
[2020.03.11-21.22.27:142][  0]LogAssetRegistry: Error: Failed to open file for write ../../../../../../Users/kubik/Documents/GitHub/Shadow_OPS/Shadow_OPS/Intermediate/CachedAssetRegistry.bin
[2020.03.11-21.22.27:142][  0]LogTcpMessaging: Initializing TcpMessaging bridge
[2020.03.11-21.22.27:146][  0]LogUdpMessaging: Initializing bridge on interface 0.0.0.0:0 to multicast group 230.0.0.1:6666.
[2020.03.11-21.22.27:223][  0]SourceControl: Source control is disabled
[2020.03.11-21.22.27:223][  0]SourceControl: Source control is disabled
[2020.03.11-21.22.27:224][  0]SourceControl: Source control is disabled
[2020.03.11-21.22.27:226][  0]SourceControl: Source control is disabled
[2020.03.11-21.22.27:227][  0]SourceControl: Source control is disabled
[2020.03.11-21.22.27:953][  0]LogConfig: Warning: Failed to saved backup for config[../../../../../../Users/kubik/Documents/GitHub/Shadow_OPS/Shadow_OPS/Intermediate/Config/CoalescedSourceConfigs/UnitTest.ini]
[2020.03.11-21.22.28:005][  0]LogAndroidPermission: UAndroidPermissionCallbackProxy::GetInstance
[2020.03.11-21.22.28:159][  0]LogAudioCaptureCore: Display: No Audio Capture implementations found. Audio input will be silent.
[2020.03.11-21.22.28:159][  0]LogAudioCaptureCore: Display: No Audio Capture implementations found. Audio input will be silent.
[2020.03.11-21.22.28:729][  0]LogOcInput: OculusInput pre-init called
[2020.03.11-21.22.28:895][  0]LogWindows: Failed to load 'OVRPlugin.dll' (GetLastError=126)
[2020.03.11-21.22.28:895][  0]LogWindows: File 'OVRPlugin.dll' does not exist
[2020.03.11-21.22.30:582][  0]LogEngine: Initializing Engine...
[2020.03.11-21.22.30:638][  0]LogHMD: Failed to initialize OpenVR with code 110
[2020.03.11-21.22.30:855][  0]LogStats: UGameplayTagsManager::InitializeManager -  0.155 s
[2020.03.11-21.22.31:650][  0]LogInit: Initializing FReadOnlyCVARCache
[2020.03.11-21.22.32:258][  0]LogAIModule: Creating AISystem for world Untitled
[2020.03.11-21.22.32:496][  0]LogAudioMixer: Display: Audio Mixer Platform Settings:
[2020.03.11-21.22.32:496][  0]LogAudioMixer: Display: 	Sample Rate:						  48000
[2020.03.11-21.22.32:496][  0]LogAudioMixer: Display: 	Callback Buffer Frame Size Requested: 1024
[2020.03.11-21.22.32:496][  0]LogAudioMixer: Display: 	Callback Buffer Frame Size To Use:	  1024
[2020.03.11-21.22.32:496][  0]LogAudioMixer: Display: 	Number of buffers to queue:			  2
[2020.03.11-21.22.32:496][  0]LogAudioMixer: Display: 	Max Channels (voices):				  32
[2020.03.11-21.22.32:496][  0]LogAudioMixer: Display: 	Number of Async Source Workers:		  0
[2020.03.11-21.22.32:496][  0]LogAudio: Display: AudioDevice MaxSources: 32
[2020.03.11-21.22.32:504][  0]LogAudio: Display: Using built-in audio occlusion.
[2020.03.11-21.22.32:504][  0]LogAudioMixer: Display: Initializing audio mixer.
[2020.03.11-21.22.32:607][  0]LogAudioMixer: Display: Audio Device Output Speaker Info:
[2020.03.11-21.22.32:607][  0]LogAudioMixer: Display: Name: Sluchátko u sluchátek s mikrofonem (HyperX Virtual Surround Sound)
[2020.03.11-21.22.32:607][  0]LogAudioMixer: Display: Is Default: Yes
[2020.03.11-21.22.32:607][  0]LogAudioMixer: Display: Sample Rate: 48000
[2020.03.11-21.22.32:607][  0]LogAudioMixer: Display: Channel Count Used: 2
[2020.03.11-21.22.32:607][  0]LogAudioMixer: Display: Device Channel Count: 2
[2020.03.11-21.22.32:607][  0]LogAudioMixer: Display: Channel Order:
[2020.03.11-21.22.32:607][  0]LogAudioMixer: Display: 0: FrontLeft
[2020.03.11-21.22.32:607][  0]LogAudioMixer: Display: 1: FrontRight
[2020.03.11-21.22.32:647][  0]LogAudioMixer: Display: Using Audio Device Sluchátko u sluchátek s mikrofonem (HyperX Virtual Surround Sound)
[2020.03.11-21.22.32:685][  0]LogInit: FAudioDevice initialized.
[2020.03.11-21.22.32:721][  0]LogNetVersion: Set ProjectVersion to 1.0.0.0. Version Checksum will be recalculated on next use.
[2020.03.11-21.22.32:735][  0]LogDerivedDataCache: Error: Could not save memory cache C:/Users/kubik/AppData/Local/UnrealEngine/4.24/DerivedDataCache/Boot.ddc.
[2020.03.11-21.22.32:738][  0]LogInit: Texture streaming: Enabled
[2020.03.11-21.22.32:975][  0]LogEngineSessionManager: EngineSessionManager initialized
[2020.03.11-21.22.32:976][  0]LogEditorSessionSummary: Verbose: Initializing EditorSessionSummaryWriter for editor session tracking
[2020.03.11-21.22.32:993][  0]LogEditorSessionSummary: EditorSessionSummaryWriter initialized
[2020.03.11-21.22.33:634][  0]LogInit: Transaction tracking system initialized
[2020.03.11-21.22.34:423][  0]BlueprintLog: New page: Editor Load
[2020.03.11-21.22.36:819][  0]LocalizationService: Localization service is disabled
[2020.03.11-21.22.40:060][  0]LogFileCache: Scanning file cache for directory 'E:/Users/kubik/Documents/GitHub/Shadow_OPS/Shadow_OPS/Content/' took 0.04s
[2020.03.11-21.22.40:060][  0]LogCook: Display: Max memory allowance for cook 16384mb min free memory 0mb
[2020.03.11-21.22.40:060][  0]LogCook: Display: Mobile HDR setting 1
[2020.03.11-21.22.47:072][  0]SourceControl: Source control is disabled
[2020.03.11-21.22.48:551][  0]LogSlate: Took 0.052044 seconds to synchronously load lazily loaded font '../../../Engine/Content/Slate/Fonts/Roboto-Regular.ttf' (155K)
[2020.03.11-21.24.17:746][  0]LogSlate: Window 'Restore Packages' being destroyed
[2020.03.11-21.24.17:747][  0]LogWindowsTextInputMethodSystem: Display: IME system now deactivated.
[2020.03.11-21.24.17:842][  0]Cmd: MAP LOAD FILE="../../../../../../Users/kubik/Documents/GitHub/Shadow_OPS/Shadow_OPS/Content/FirstPersonBP/Maps/FirstPersonExampleMap.umap" TEMPLATE=0 SHOWPROGRESS=1 FEATURELEVEL=3
[2020.03.11-21.24.17:842][  0]LogEditorServer: Warning: Can't find file '../../../../../../Users/kubik/Documents/GitHub/Shadow_OPS/Shadow_OPS/Content/FirstPersonBP/Maps/FirstPersonExampleMap.umap'
[2020.03.11-21.24.17:842][  0]Cmd: MAP CHECKDEP NOCLEARLOG
[2020.03.11-21.24.17:842][  0]MapCheck: Map check complete: 0 Error(s), 0 Warning(s), took 0,206ms to complete.
[2020.03.11-21.24.17:842][  0]LogFileHelpers: Loading map 'FirstPersonExampleMap' took 0.001
[2020.03.11-21.24.17:909][  0]LogWindowsTextInputMethodSystem: Display: IME system now deactivated.
[2020.03.11-21.24.17:994][  0]LogSlate: Updating window title bar state: overlay mode, drag disabled, window buttons hidden, title bar hidden
[2020.03.11-21.24.18:009][  0]LogSlate: Updating window title bar state: overlay mode, drag disabled, window buttons hidden, title bar hidden
[2020.03.11-21.24.18:020][  0]LogSlate: Updating window title bar state: overlay mode, drag disabled, window buttons hidden, title bar hidden
[2020.03.11-21.24.18:032][  0]LogSlate: Updating window title bar state: overlay mode, drag disabled, window buttons hidden, title bar hidden
[2020.03.11-21.24.18:040][  0]LogCollectionManager: Loaded 0 collections in 0.001501 seconds
[2020.03.11-21.24.18:061][  0]LogFileCache: Scanning file cache for directory 'E:/Users/kubik/Documents/GitHub/Shadow_OPS/Shadow_OPS/Saved/Collections/' took 0.00s
[2020.03.11-21.24.18:061][  0]LogFileCache: Scanning file cache for directory 'E:/Users/kubik/Documents/GitHub/Shadow_OPS/Shadow_OPS/Content/Developers/kubik/Collections/' took 0.00s
[2020.03.11-21.24.18:061][  0]LogFileCache: Scanning file cache for directory 'E:/Users/kubik/Documents/GitHub/Shadow_OPS/Shadow_OPS/Content/Collections/' took 0.00s
[2020.03.11-21.24.18:061][  0]LogContentBrowser: Native class hierarchy populated in 0.0112 seconds. Added 3015 classes and 717 folders.
[2020.03.11-21.24.18:064][  0]LogContentBrowser: Native class hierarchy updated for 'WidgetCarousel' in 0.0005 seconds. Added 0 classes and 0 folders.
[2020.03.11-21.24.18:124][  0]LogContentBrowser: Native class hierarchy updated for 'AddContentDialog' in 0.0003 seconds. Added 0 classes and 0 folders.
[2020.03.11-21.24.18:129][  0]LogContentBrowser: Native class hierarchy updated for 'SceneOutliner' in 0.0004 seconds. Added 2 classes and 3 folders.
[2020.03.11-21.24.18:506][  0]LogSlate: Took 0.013090 seconds to synchronously load lazily loaded font '../../../Engine/Content/Slate/Fonts/Roboto-Bold.ttf' (160K)
[2020.03.11-21.24.18:616][  0]LogSlate: Took 0.017367 seconds to synchronously load lazily loaded font '../../../Engine/Content/Editor/Slate/Fonts/FontAwesome.ttf' (139K)
[2020.03.11-21.24.19:262][  0]LogRenderer: Reallocating scene render targets to support 1208x580 Format 10 NumSamples 1 (Frame:1).
[2020.03.11-21.24.19:951][  0]LogContentBrowser: Native class hierarchy updated for 'HierarchicalLODOutliner' in 0.0006 seconds. Added 0 classes and 0 folders.
[2020.03.11-21.24.19:951][  0]LogLoad: (Engine Initialization) Total time: 162.66 seconds
[2020.03.11-21.24.19:951][  0]LogLoad: (Engine Initialization) Total Blueprint compile time: 0.00 seconds
[2020.03.11-21.24.20:768][  0]LogContentStreaming: Texture pool size now 1000 MB
[2020.03.11-21.24.21:460][  1]LogSlate: Took 0.013890 seconds to synchronously load lazily loaded font '../../../Engine/Content/Slate/Fonts/Roboto-Light.ttf' (167K)
[2020.03.11-21.24.21:517][  2]LogAssetRegistry: Asset discovery search completed in 151.4490 seconds
[2020.03.11-21.24.21:553][  2]LogCollectionManager: Fixed up redirectors for 0 collections in 0.000752 seconds (updated 0 objects)
[2020.03.11-21.24.23:528][100]LogSlate: Took 0.000139 seconds to synchronously load lazily loaded font '../../../Engine/Content/Slate/Fonts/Roboto-Light.ttf' (167K)
[2020.03.11-21.24.25:053][100]LogAIModule: Creating AISystem for world def_map
[2020.03.11-21.24.25:238][100]LogAssetEditorSubsystem: Opening Asset editor for World /Game/FirstPersonBP/Maps/def_map.def_map
[2020.03.11-21.24.25:668][100]LogUObjectHash: Compacting FUObjectHashTables data took   4.51ms
[2020.03.11-21.24.25:761][100]Cmd: MAP LOAD FILE="../../../../../../Users/kubik/Documents/GitHub/Shadow_OPS/Shadow_OPS/Content/FirstPersonBP/Maps/def_map.umap" TEMPLATE=0 SHOWPROGRESS=1 FEATURELEVEL=3
[2020.03.11-21.24.25:765][100]LightingResults: New page: Lighting Build
[2020.03.11-21.24.25:788][100]LogContentBrowser: Native class hierarchy updated for 'StatsViewer' in 0.0003 seconds. Added 5 classes and 0 folders.
[2020.03.11-21.24.25:790][100]LoadErrors: New page: Loading map: def_map.umap
[2020.03.11-21.24.25:800][100]LogWorld: UWorld::CleanupWorld for Untitled, bSessionEnded=true, bCleanupResources=true
[2020.03.11-21.24.25:810][100]LogSlate: InvalidateAllWidgets triggered.  All widgets were invalidated
[2020.03.11-21.24.25:825][100]MapCheck: New page: Map Check
[2020.03.11-21.24.25:825][100]LightingResults: New page: Lighting Build
[2020.03.11-21.24.26:289][100]LogUObjectHash: Compacting FUObjectHashTables data took   1.86ms
[2020.03.11-21.24.27:197][100]LogEditorServer: Finished looking for orphan Actors (0.000 secs)
[2020.03.11-21.24.27:260][100]LogUObjectHash: Compacting FUObjectHashTables data took   1.78ms
[2020.03.11-21.24.27:296][100]Cmd: MAP CHECKDEP NOCLEARLOG
[2020.03.11-21.24.27:296][100]MapCheck: Map check complete: 0 Error(s), 0 Warning(s), took 0,086ms to complete.
[2020.03.11-21.24.27:296][100]LogFileHelpers: Loading map 'def_map' took 1.599
[2020.03.11-21.24.32:857][382]LogEditorViewport: Clicking on Actor (LMB): BPLamp_C (BPLamp)
[2020.03.11-21.24.34:089][413]LogEditorViewport: Clicking on Actor (LMB): BPLamp_C (BPLamp)
[2020.03.11-21.24.34:160][414]LogEditorViewport: Clicking on Component (LMB): SceneComponent (DefaultSceneRoot)
[2020.03.11-21.24.42:448][815]LogAssetEditorSubsystem: Opening Asset editor for Blueprint /Game/Blueprints/BPLamp.BPLamp
[2020.03.11-21.24.43:215][815]LogContentBrowser: Native class hierarchy updated for 'BlueprintGraph' in 0.0006 seconds. Added 121 classes and 0 folders.
[2020.03.11-21.24.45:435][815]LogSlate: Took 0.004913 seconds to synchronously load lazily loaded font '../../../Engine/Content/Slate/Fonts/Roboto-BoldCondensed.ttf' (158K)
[2020.03.11-21.24.45:764][816]LogSlate: Took 0.001519 seconds to synchronously load lazily loaded font '../../../Engine/Content/Slate/Fonts/Roboto-Italic.ttf' (157K)
[2020.03.11-21.24.54:377][112]BlueprintLog: New page: Compile BPLamp
[2020.03.11-21.24.55:641][112]LogUObjectHash: Compacting FUObjectHashTables data took   3.45ms
[2020.03.11-21.24.56:353][132]LogSlate: Window 'BPLamp' being destroyed
[2020.03.11-21.24.56:360][132]LogSlate: Window 'BPLamp' being destroyed
[2020.03.11-21.24.56:391][132]LogWorld: UWorld::CleanupWorld for World_0, bSessionEnded=true, bCleanupResources=true
[2020.03.11-21.24.56:391][132]LogSlate: InvalidateAllWidgets triggered.  All widgets were invalidated
[2020.03.11-21.25.02:140][405]LogUObjectHash: Compacting FUObjectHashTables data took   5.54ms
[2020.03.11-21.25.02:344][405]LogUObjectHash: Compacting FUObjectHashTables data took   1.74ms
[2020.03.11-21.25.02:786][405]LogSavePackage: Moving '../../../../../../Users/kubik/Documents/GitHub/Shadow_OPS/Shadow_OPS/Saved/def_mapF953EB5B4C02CE45ABAEF28E482D18CB.tmp' to '../../../../../../Users/kubik/Documents/GitHub/Shadow_OPS/Shadow_OPS/Content/FirstPersonBP/Maps/def_map.umap'
[2020.03.11-21.25.02:839][405]LogFileHelpers: Saving map 'def_map' took 0.564
[2020.03.11-21.25.02:856][405]AssetCheck: New page: Asset Save: def_map
[2020.03.11-21.25.02:856][405]LogContentValidation: Display: Validating World /Game/FirstPersonBP/Maps/def_map.def_map
[2020.03.11-21.25.10:088][798]LogSlate: Prevented a slow task dialog from being summoned while a context menu was open
[2020.03.11-21.25.10:263][798]LogMaterial: Display: Missing cached shader map for material Decal_MasterMaterial, compiling. 
